C51 COMPILER V9.01   UART                                                                  06/02/2018 22:56:38 PAGE 1   


C51 COMPILER V9.01, COMPILATION OF MODULE UART
OBJECT MODULE PLACED IN uart.OBJ
COMPILER INVOKED BY: C:\Keil\C51\BIN\C51.EXE uart.c BROWSE DEBUG OBJECTEXTEND

line level    source

   1          #include "uart.h"
   2          
   3          void Uart1Init(void)            //115200bps@22.1184MHz
   4          {
   5   1              SCON = 0x50;            //8位数据，可变波特率
   6   1              AUXR |= 0x40;           //1T模式
   7   1              AUXR &= 0xFE;           //选择定时器1为波特率发生器
   8   1              TMOD &= 0x0F;           //设定定时器1为16位自动重载
   9   1              TL1 = 0xD0;                     //设定定时器初值
  10   1              TH1 = 0xFF;                     //设定定时器初值
  11   1              ET1 = 0;                                //禁止定时器1中断
  12   1              TR1 = 1;                                //启动定时器1
  13   1              ES = 1;                                 //使能串口1中断
  14   1      }
  15          
  16          void Uart2Init(void)            //115200bps@22.1184MHz
  17          {
  18   1              S2CON = 0x50;           //8位数据，可变波特率
  19   1              AUXR |= 0x04;           //1T模式
  20   1              T2L = 0xD0;                     //设定定时器初值
  21   1              T2H = 0xFF;                     //设定定时器初值
  22   1              AUXR |= 0x10;           //启动定时器2
  23   1              IE2  |= 0x01;   //使能串口2中断
  24   1      }
  25          
  26          /*----------------------------
  27          UART1 发送串口数据
  28          -----------------------------*/
  29          void UART1_SendData(u8 dat)
  30          {
  31   1              ES=0;                                   //关串口中断
  32   1              SBUF=dat;                       
  33   1              while(TI!=1);   //等待发送成功
  34   1              TI=0;                                   //清除发送中断标志
  35   1              ES=1;                                   //开串口中断
  36   1      }
  37          /*----------------------------
  38          UART1 发送字符串
  39          -----------------------------*/
  40          void UART1_SendString(char *s)
  41          {
  42   1              while(*s)//检测字符串结束符
  43   1              {
  44   2                      UART1_SendData(*s++);//发送当前字符
  45   2              }
  46   1      }
  47          
  48          /*----------------------------
  49          UART2 发送串口数据
  50          -----------------------------*/
  51          void UART2_SendData(u8 dat)
  52          {
  53   1              IE2 &= ~0x01;                                   //关串口中断
  54   1              S2BUF=dat;                      
  55   1              while((S2CON&S2TI)!=S2TI);      //等待发送成功
C51 COMPILER V9.01   UART                                                                  06/02/2018 22:56:38 PAGE 2   

  56   1              S2CON &= ~S2TI;                                 //清除发送中断标志
  57   1              IE2 = 0x01;                                     //开串口中断
  58   1      }
  59          /*----------------------------
  60          UART2 发送字符串
  61          -----------------------------*/
  62          void UART2_SendString(char *s)
  63          {
  64   1              while(*s)//检测字符串结束符
  65   1              {
  66   2                      UART2_SendData(*s++);//发送当前字符
  67   2              }
  68   1      }
  69          


MODULE INFORMATION:   STATIC OVERLAYABLE
   CODE SIZE        =    147    ----
   CONSTANT SIZE    =   ----    ----
   XDATA SIZE       =   ----    ----
   PDATA SIZE       =   ----    ----
   DATA SIZE        =   ----       6
   IDATA SIZE       =   ----    ----
   BIT SIZE         =   ----    ----
END OF MODULE INFORMATION.


C51 COMPILATION COMPLETE.  0 WARNING(S),  0 ERROR(S)
