C51 COMPILER V8.08   DS1302                                                                06/30/2018 16:00:12 PAGE 1   


C51 COMPILER V8.08, COMPILATION OF MODULE DS1302
OBJECT MODULE PLACED IN ds1302.OBJ
COMPILER INVOKED BY: C:\Keil\C51\BIN\C51.EXE ds1302.c BROWSE DEBUG OBJECTEXTEND

line level    source

   1          #include"ds1302.h"
   2          
   3          //---DS1302写入和读取时分秒的地址命令---//
   4          //---秒分时日月周年 最低位读写位;-------//
   5          uchar code READ_RTC_ADDR[7] = {0x81, 0x83, 0x85, 0x87, 0x89, 0x8b, 0x8d}; 
   6          uchar code WRITE_RTC_ADDR[7] = {0x80, 0x82, 0x84, 0x86, 0x88, 0x8a, 0x8c};
   7          
   8          //---DS1302时钟初始化2013年1月1日星期二12点00分00秒。---//
   9          //---存储顺序是秒分时日月周年,存储格式是用BCD码---//
  10          uchar TIME[7] = {0, 0, 0x12, 0x30, 0x06, 0x06, 0x18};
  11          
  12          /*******************************************************************************
  13          * 函 数 名         : Ds1302Write
  14          * 函数功能                 : 向DS1302命令（地址+数据）
  15          * 输    入         : addr,dat
  16          * 输    出         : 无
  17          *******************************************************************************/
  18          
  19          void Ds1302Write(uchar addr, uchar dat)
  20          {
  21   1              uchar n;
  22   1              RST = 0;
  23   1              _nop_();
  24   1      
  25   1              SCLK = 0;//先将SCLK置低电平。
  26   1              _nop_();
  27   1              RST = 1; //然后将RST(CE)置高电平。
  28   1              _nop_();
  29   1      
  30   1              for (n=0; n<8; n++)//开始传送八位地址命令
  31   1              {
  32   2                      DSIO = addr & 0x01;//数据从低位开始传送
  33   2                      addr >>= 1;
  34   2                      SCLK = 1;//数据在上升沿时，DS1302读取数据
  35   2                      _nop_();
  36   2                      SCLK = 0;
  37   2                      _nop_();
  38   2              }
  39   1              for (n=0; n<8; n++)//写入8位数据
  40   1              {
  41   2                      DSIO = dat & 0x01;
  42   2                      dat >>= 1;
  43   2                      SCLK = 1;//数据在上升沿时，DS1302读取数据
  44   2                      _nop_();
  45   2                      SCLK = 0;
  46   2                      _nop_();        
  47   2              }       
  48   1                       
  49   1              RST = 0;//传送数据结束
  50   1              _nop_();
  51   1      }
  52          
  53          /*******************************************************************************
  54          * 函 数 名         : Ds1302Read
  55          * 函数功能                 : 读取一个地址的数据
C51 COMPILER V8.08   DS1302                                                                06/30/2018 16:00:12 PAGE 2   

  56          * 输    入         : addr
  57          * 输    出         : dat
  58          *******************************************************************************/
  59          
  60          uchar Ds1302Read(uchar addr)
  61          {
  62   1              uchar n,dat,dat1;
  63   1              RST = 0;
  64   1              _nop_();
  65   1      
  66   1              SCLK = 0;//先将SCLK置低电平。
  67   1              _nop_();
  68   1              RST = 1;//然后将RST(CE)置高电平。
  69   1              _nop_();
  70   1      
  71   1              for(n=0; n<8; n++)//开始传送八位地址命令
  72   1              {
  73   2                      DSIO = addr & 0x01;//数据从低位开始传送
  74   2                      addr >>= 1;
  75   2                      SCLK = 1;//数据在上升沿时，DS1302读取数据
  76   2                      _nop_();
  77   2                      SCLK = 0;//DS1302下降沿时，放置数据
  78   2                      _nop_();
  79   2              }
  80   1              _nop_();
  81   1              for(n=0; n<8; n++)//读取8位数据
  82   1              {
  83   2                      dat1 = DSIO;//从最低位开始接收
  84   2                      dat = (dat>>1) | (dat1<<7);
  85   2                      SCLK = 1;
  86   2                      _nop_();
  87   2                      SCLK = 0;//DS1302下降沿时，放置数据
  88   2                      _nop_();
  89   2              }
  90   1      
  91   1              RST = 0;
  92   1              _nop_();        //以下为DS1302复位的稳定时间,必须的。
  93   1              SCLK = 1;
  94   1              _nop_();
  95   1              DSIO = 0;
  96   1              _nop_();
  97   1              DSIO = 1;
  98   1              _nop_();
  99   1              return dat;     
 100   1      }
 101          
 102          /*******************************************************************************
 103          * 函 数 名         : Ds1302Init
 104          * 函数功能                 : 初始化DS1302.
 105          * 输    入         : 无
 106          * 输    出         : 无
 107          *******************************************************************************/
 108          
 109          void Ds1302Init()
 110          {
 111   1              uchar n;
 112   1              Ds1302Write(0x8E,0X00);          //禁止写保护，就是关闭写保护功能
 113   1              for (n=0; n<7; n++)//写入7个字节的时钟信号：分秒时日月周年
 114   1              {
 115   2                      Ds1302Write(WRITE_RTC_ADDR[n],TIME[n]); 
 116   2              }
 117   1              Ds1302Write(0x8E,0x80);          //打开写保护功能
C51 COMPILER V8.08   DS1302                                                                06/30/2018 16:00:12 PAGE 3   

 118   1      }
 119          
 120          /*******************************************************************************
 121          * 函 数 名         : Ds1302ReadTime
 122          * 函数功能                 : 读取时钟信息
 123          * 输    入         : 无
 124          * 输    出         : 无
 125          *******************************************************************************/
 126          
 127          void Ds1302ReadTime()
 128          {
 129   1              uchar n;
 130   1              for (n=0; n<7; n++)//读取7个字节的时钟信号：分秒时日月周年
 131   1              {
 132   2                      TIME[n] = Ds1302Read(READ_RTC_ADDR[n]);
 133   2              }
 134   1              shi=(TIME[2]/16)*10+(TIME[2]%16);       
 135   1      }
 136          
 137          


MODULE INFORMATION:   STATIC OVERLAYABLE
   CODE SIZE        =    201    ----
   CONSTANT SIZE    =     14    ----
   XDATA SIZE       =   ----    ----
   PDATA SIZE       =   ----    ----
   DATA SIZE        =      7    ----
   IDATA SIZE       =   ----    ----
   BIT SIZE         =   ----    ----
END OF MODULE INFORMATION.


C51 COMPILATION COMPLETE.  0 WARNING(S),  0 ERROR(S)
