C51 COMPILER V9.01   LED_KEY                                                               06/22/2018 23:13:57 PAGE 1   


C51 COMPILER V9.01, COMPILATION OF MODULE LED_KEY
OBJECT MODULE PLACED IN LED_KEY.OBJ
COMPILER INVOKED BY: C:\Keil\C51\BIN\C51.EXE LED_KEY.C BROWSE DEBUG OBJECTEXTEND

line level    source

   1          #include<reg51.h>
   2          #define INT8U   unsigned char
   3          #define INT16U  unsigned int
   4          #define uchar unsigned char 
   5          #define uint unsigned int
   6          #define ulong unsigned long
   7          
   8          sbit ADCS=P3^0;
   9          sbit ADRD=P3^1;
  10          sbit ADWR=P3^2;
  11          sbit OUT=P2^7;
  12          
  13          sbit LED=P2^0;
  14          #define  ad1_7  P0
  15          
  16          bit flag;
  17          
  18          
  19          
  20          unsigned int Num1=0,Num2=0,Num3=0,Num4=0;
  21          
  22          uchar code table_dm[11]={0x3f,0x06,0x5b,0x4f,0x66,0x6d,0x7d,0x07,0x7f,0x6f,0x00};//共阳极数码管断码表
  23          uchar code table_dd[10]={0xbf,0x86,0xdb,0xcf,0xe6,0xed,0xfd,0x87,0xff,0xef};//个位带小数点的共阳极数码管断
             -码表断码表
  24          uint Display_Buffer1[2]={0,0};
  25          uint Display_Buffer2[2]={0,0};
  26          uint Display_Buffer3[2]={0,0};
  27          uint Display_Buffer4[2]={0,0};
  28          uint a,b;
  29          uchar e,n;
  30          
  31          void int_mcu(void)//初始化单片机，通过串口通信?
  32          {
  33   1      EA=1;
  34   1      ES=1;
  35   1      TMOD=32;
  36   1      SCON=80;
  37   1      PCON=0;
  38   1      TL1=0xfd;
  39   1      TH1=0xfd;
  40   1      TR1=1;
  41   1      
  42   1      }
  43          
  44          
  45          void delayms(uint xms)
  46          {
  47   1              int i,j;
  48   1              for(i=xms;i>0;i--)
  49   1                      for(j=110;j>0;j--);
  50   1      }
  51          void start_adc0804(void)
  52           {      
  53   1                      ADCS=0;                        
  54   1                      ADWR=0;
C51 COMPILER V9.01   LED_KEY                                                               06/22/2018 23:13:57 PAGE 2   

  55   1                      delayms(1);
  56   1                      ADWR=1; 
  57   1                      ADCS=1;        
  58   1                      delayms(1); 
  59   1       }
  60          
  61          read_ad()
  62          {       
  63   1               uchar ad_data;         
  64   1               ad1_7=0xff;          
  65   1               ADCS=0;                   
  66   1               ADRD=0;                    
  67   1               delayms(1);          
  68   1               ad_data=ad1_7;         
  69   1               ADRD=1;
  70   1               ADCS=1;           
  71   1               
  72   1               return(ad_data);
  73   1      }
  74          
  75          void scan1(uint data_ad1)
  76          { 
  77   1              (uint)Display_Buffer1[0]=data_ad1/10;   
  78   1              (uint)Display_Buffer1[1]=data_ad1%10;   
  79   1      }
  80          
  81          void system_Ini()
  82          {
  83   1           TMOD = 0x00; //选择模式0  13位计数 最大计数8192
  84   1               TH0 = (8192 - 1000)/32;
  85   1               TL0 = (8192 - 1000)%32 ;
  86   1           IE = 0x8A;   //中断        
  87   1           TR0  = 1;    //开启T0定时器
  88   1      }
  89          
  90          
  91          
  92          
  93          void main(void)
  94          {
  95   1              unsigned int t=0;
  96   1              system_Ini();
  97   1              LED=1;  
  98   1              OUT=1;
  99   1              while(1)
 100   1              {
 101   2                        
 102   2                              if(Num1>50)
 103   2                              {
 104   3                                      Num1=0;
 105   3                                      start_adc0804(); 
 106   3                                      a= read_ad();
 107   3                                      if(a>127)
 108   3                                      {
 109   4                                      LED=0;
 110   4                                      OUT=0;
 111   4                                      }
 112   3                                      else
 113   3                                      {
 114   4                                      LED=1;
 115   4                                      OUT=1;
 116   4                                      }
C51 COMPILER V9.01   LED_KEY                                                               06/22/2018 23:13:57 PAGE 3   

 117   3      
 118   3                              }
 119   2                               
 120   2      
 121   2                               
 122   2               
 123   2      
 124   2      
 125   2              }
 126   1      
 127   1      
 128   1      }
 129          
 130           void T0zd(void) interrupt 1      //3定时器1的中断号  1定时器0的中断号 0外部中断1 2外部中断2  4串口中断
 131          {
 132   1      
 133   1               
 134   1               TH0 = (8192 - 1500)/32;
 135   1               TL0 = (8192 - 1500)%32;  
 136   1               Num1++; 
 137   1               Num2++;
 138   1               Num3++;
 139   1      
 140   1      }


MODULE INFORMATION:   STATIC OVERLAYABLE
   CODE SIZE        =    241    ----
   CONSTANT SIZE    =     21    ----
   XDATA SIZE       =   ----    ----
   PDATA SIZE       =   ----    ----
   DATA SIZE        =     30       2
   IDATA SIZE       =   ----    ----
   BIT SIZE         =      1    ----
END OF MODULE INFORMATION.


C51 COMPILATION COMPLETE.  0 WARNING(S),  0 ERROR(S)
