C51 COMPILER V8.02   LCDSHOEMAP                                                            08/24/2008 10:50:53 PAGE 1   


C51 COMPILER V8.02, COMPILATION OF MODULE LCDSHOEMAP
OBJECT MODULE PLACED IN LCDShoeMap.obj
COMPILER INVOKED BY: D:\Keil\C51\BIN\C51.EXE sources\LCDShoeMap.c BROWSE INCDIR(.\include) DEBUG OBJECTEXTEND PRINT(.\LC
                    -DShoeMap.lst) OBJECT(LCDShoeMap.obj)

line level    source

   1          unsigned char code uca_QING[]=
   2          {0x40,0x42,0x4C,0xC4,0x00,0x22,0xAA,0xAA,0xAA,0xBF,0xAA,0xAA,0xAA,0x22,0x20,0x00,
   3          0x00,0x00,0x00,0x7F,0x20,0x10,0xFF,0x0A,0x0A,0x0A,0x4A,0x8A,0x7F,0x00,0x00,0x00};/*"«Î",0*/
   4          
   5          unsigned char code uca_SHU[]=
   6          {0x44,0xF4,0x4F,0xE4,0x44,0x64,0x90,0x98,0x94,0x93,0x14,0x98,0x08,0xD0,0x10,0x00,
   7          0x04,0x04,0x04,0xFF,0x02,0x02,0xFF,0x4A,0x8A,0x7F,0x00,0x3F,0x80,0xFF,0x00,0x00};/*" ‰",1*/
   8          
   9          unsigned char code uca_RU[]=
  10          {0x00,0x00,0x00,0x00,0x01,0x83,0x76,0x18,0x60,0x80,0x00,0x00,0x00,0x00,0x00,0x00,
  11          0x40,0x20,0x10,0x08,0x06,0x01,0x00,0x00,0x00,0x00,0x03,0x04,0x18,0x30,0x10,0x00};/*"»Î",2*/
  12          
  13          unsigned char code uca_MAOHAO[]=
  14          {0x00,0x00,0x00,0x00,0x00,0x00,0x00,0x00,0x00,0x00,0x00,0x00,0x00,0x00,0x00,0x00,
  15          0x00,0x00,0x36,0x36,0x00,0x00,0x00,0x00,0x00,0x00,0x00,0x00,0x00,0x00,0x00,0x00};/*"£∫",3*/
  16          
  17          unsigned char code uca_BLANK[]=
  18          {0x00,0x00,0x00,0x00,0x00,0x00,0x00,0x00,0x00,0x00,0x00,0x00,0x00,0x00,0x00,0x00,
  19          0x00,0x00,0x00,0x00,0x00,0x00,0x00,0x00,0x00,0x00,0x00,0x00,0x00,0x00,0x00,0x00,
  20          0x00,0x00,0x00,0x00,0x00,0x00,0x00,0x00,0x00,0x00,0x00,0x00,0x00,0x00,0x00,0x00,
  21          0x00,0x00,0x00,0x00,0x00,0x00,0x00,0x00,0x00,0x00,0x00,0x00,0x00,0x00,0x00,0x00,
  22          0x00,0x00,0x00,0x00,0x00,0x00,0x00,0x00,0x00,0x00,0x00,0x00,0x00,0x00,0x00,0x00,
  23          0x00,0x00,0x00,0x00,0x00,0x00,0x00,0x00,0x00,0x00,0x00,0x00,0x00,0x00,0x00,0x00,
  24          0x00,0x00,0x00,0x00,0x00,0x00,0x00,0x00,0x00,0x00,0x00,0x00,0x00,0x00,0x00,0x00,
  25          0x00,0x00,0x00,0x00,0x00,0x00,0x00,0x00,0x00,0x00,0x00,0x00,0x00,0x00,0x00,0x00};
  26          
  27          
  28          unsigned char code uca_0[]=
  29          {0x00,0xE0,0x10,0x08,0x08,0x10,0xE0,0x00,0x00,0x0F,0x10,0x20,0x20,0x10,0x0F,0x00};/*"0",0*/
  30          unsigned char code uca_1[]=
  31          {0x00,0x10,0x10,0xF8,0x00,0x00,0x00,0x00,0x00,0x20,0x20,0x3F,0x20,0x20,0x00,0x00};/*"1",1*/
  32          unsigned char code uca_2[]=
  33          {0x00,0x70,0x08,0x08,0x08,0x88,0x70,0x00,0x00,0x30,0x28,0x24,0x22,0x21,0x30,0x00};/*"2",2*/
  34          unsigned char code uca_3[]=
  35          {0x00,0x30,0x08,0x88,0x88,0x48,0x30,0x00,0x00,0x18,0x20,0x20,0x20,0x11,0x0E,0x00};/*"3",3*/
  36          unsigned char code uca_4[]=
  37          {0x00,0x00,0xC0,0x20,0x10,0xF8,0x00,0x00,0x00,0x07,0x04,0x24,0x24,0x3F,0x24,0x00};/*"4",4*/
  38          unsigned char code uca_5[]=
  39          {0x00,0xF8,0x08,0x88,0x88,0x08,0x08,0x00,0x00,0x19,0x21,0x20,0x20,0x11,0x0E,0x00};/*"5",5*/
  40          unsigned char code uca_6[]=
  41          {0x00,0xE0,0x10,0x88,0x88,0x18,0x00,0x00,0x00,0x0F,0x11,0x20,0x20,0x11,0x0E,0x00};/*"6",6*/
  42          unsigned char code uca_7[]=
  43          {0x00,0x38,0x08,0x08,0xC8,0x38,0x08,0x00,0x00,0x00,0x00,0x3F,0x00,0x00,0x00,0x00};/*"7",7*/
  44          unsigned char code uca_8[]=
  45          {0x00,0x70,0x88,0x08,0x08,0x88,0x70,0x00,0x00,0x1C,0x22,0x21,0x21,0x22,0x1C,0x00};/*"8",8*/
  46          unsigned char code uca_9[]=
  47          {0x00,0xE0,0x10,0x08,0x08,0x10,0xE0,0x00,0x00,0x00,0x31,0x22,0x22,0x11,0x0F,0x00};/*"9",9*/
  48          unsigned char code uca_CHU[]=
  49          {0x00,0x00,0x00,0x00,0x80,0x60,0x18,0x04,0x00,0x60,0x18,0x06,0x01,0x00,0x00,0x00};/*"/",10*/
  50          unsigned char code uca_CHENG[]=
  51          {0x40,0x40,0x80,0xF0,0x80,0x40,0x40,0x00,0x02,0x02,0x01,0x0F,0x01,0x02,0x02,0x00};/*"*",11*/
  52          unsigned char code uca_JIAN[]=
  53          {0x00,0x00,0x00,0x00,0x00,0x00,0x00,0x00,0x00,0x01,0x01,0x01,0x01,0x01,0x01,0x01};/*"-",12*/
  54          unsigned char code uca_JIA[]=
C51 COMPILER V8.02   LCDSHOEMAP                                                            08/24/2008 10:50:53 PAGE 2   

  55          {0x00,0x00,0x00,0xF0,0x00,0x00,0x00,0x00,0x01,0x01,0x01,0x1F,0x01,0x01,0x01,0x00};/*"+",13*/
  56          unsigned char code uca_DENG[]=
  57          {0x40,0x40,0x40,0x40,0x40,0x40,0x40,0x00,0x04,0x04,0x04,0x04,0x04,0x04,0x04,0x00};/*"=",14*/
  58          
  59          
  60          
  61          
  62          
  63          unsigned char code uca_Pig[]=
  64          {0x00,0x80,0x40,0x30,0x08,0x04,0x82,0x81,0x61,0x01,0x12,0x8A,0x89,0x11,0x01,0x05,
  65          0x13,0x09,0x89,0x91,0x01,0x31,0xC2,0x0A,0x04,0x02,0x02,0x02,0x02,0x1C,0xE0,0x00,
  66          0x06,0x05,0xC4,0x32,0x0A,0x05,0x82,0x41,0x20,0x26,0x49,0x50,0x5C,0xAD,0xA6,0xA0,
  67          0x86,0x49,0x50,0x5C,0x8D,0x06,0x80,0x41,0x02,0x02,0x04,0x0C,0x34,0xC8,0x09,0x0E,
  68          0x00,0x00,0x03,0x0C,0x10,0x20,0x43,0x54,0xA8,0xD0,0x90,0x26,0x26,0x40,0x40,0x4C,
  69          0x4C,0x20,0x20,0x90,0x4C,0x03,0x83,0x84,0x40,0x40,0x20,0x30,0x0C,0x03,0x00,0x00,
  70          0xE0,0xF0,0xF8,0xDC,0x8E,0x03,0x1F,0x21,0x5C,0xB4,0x34,0x1D,0x0D,0x06,0x0E,0x0E,
  71          0x06,0x0D,0x1D,0x35,0x35,0x1D,0x80,0x40,0x21,0x1F,0x03,0x8E,0xDC,0xF8,0xF0,0xE0}
  72          ;//Õº∆¨
  73          
  74          
  75          


MODULE INFORMATION:   STATIC OVERLAYABLE
   CODE SIZE        =   ----    ----
   CONSTANT SIZE    =    624    ----
   XDATA SIZE       =   ----    ----
   PDATA SIZE       =   ----    ----
   DATA SIZE        =   ----    ----
   IDATA SIZE       =   ----    ----
   BIT SIZE         =   ----    ----
END OF MODULE INFORMATION.


C51 COMPILATION COMPLETE.  0 WARNING(S),  0 ERROR(S)
