C51 COMPILER V7.09   PLAYMUSIC                                                             09/17/2005 03:46:12 PAGE 1   


C51 COMPILER V7.09, COMPILATION OF MODULE PLAYMUSIC
OBJECT MODULE PLACED IN PlayMusic.OBJ
COMPILER INVOKED BY: C:\Program Files\Keil\C51\BIN\C51.EXE PlayMusic.c BROWSE DEBUG OBJECTEXTEND

line level    source

   1          #include <REG52.H>
   2          #include "SoundPlay.h"
   3          
   4          void Delay1ms(unsigned int count)
   5          {
   6   1              unsigned int i,j;
   7   1              for(i=0;i<count;i++)
   8   1              for(j=0;j<120;j++);
   9   1      }
  10          
  11          //*****************************Music******************************************************
  12          //挥着翅膀的女孩
  13          unsigned char code Music_Girl[]={ 0x17,0x02, 0x17,0x03, 0x18,0x03, 0x19,0x02, 0x15,0x03,
  14                                            0x16,0x03, 0x17,0x03, 0x17,0x03, 0x17,0x03, 0x18,0x03,
  15                                            0x19,0x02, 0x16,0x03, 0x17,0x03, 0x18,0x02, 0x18,0x03,
  16                                            0x17,0x03, 0x15,0x02, 0x18,0x03, 0x17,0x03, 0x18,0x02,
  17                                            0x10,0x03, 0x15,0x03, 0x16,0x02, 0x15,0x03, 0x16,0x03,
  18                                            0x17,0x02, 0x17,0x03, 0x18,0x03, 0x19,0x02, 0x1A,0x03,
  19                                            0x1B,0x03, 0x1F,0x03, 0x1F,0x03, 0x17,0x03, 0x18,0x03,
  20                                            0x19,0x02, 0x16,0x03, 0x17,0x03, 0x18,0x03, 0x17,0x03,
  21                                            0x18,0x03, 0x1F,0x03, 0x1F,0x02, 0x16,0x03, 0x17,0x03,
  22                                            0x18,0x03, 0x17,0x03, 0x18,0x03, 0x20,0x03, 0x20,0x02,
  23                                            0x1F,0x03, 0x1B,0x03, 0x1F,0x66, 0x20,0x03, 0x21,0x03,
  24                                            0x20,0x03, 0x1F,0x03, 0x1B,0x03, 0x1F,0x66, 0x1F,0x03,
  25                                            0x1B,0x03, 0x19,0x03, 0x19,0x03, 0x15,0x03, 0x1A,0x66,
  26                                            0x1A,0x03, 0x19,0x03, 0x15,0x03, 0x15,0x03, 0x17,0x03,
  27                                            0x16,0x66, 0x17,0x04, 0x18,0x04, 0x18,0x03, 0x19,0x03,
  28                                            0x1F,0x03, 0x1B,0x03, 0x1F,0x66, 0x20,0x03, 0x21,0x03,
  29                                            0x20,0x03, 0x1F,0x03, 0x1B,0x03, 0x1F,0x66, 0x1F,0x03,
  30                                            0x1B,0x03, 0x19,0x03, 0x19,0x03, 0x15,0x03, 0x1A,0x66,
  31                                            0x1A,0x03, 0x19,0x03, 0x19,0x03, 0x1F,0x03, 0x1B,0x03,
  32                                            0x1F,0x00, 0x1A,0x03, 0x1A,0x03, 0x1A,0x03, 0x1B,0x03,
  33                                            0x1B,0x03, 0x1A,0x03, 0x19,0x03, 0x19,0x02, 0x17,0x03,
  34                                            0x15,0x17, 0x15,0x03, 0x16,0x03, 0x17,0x03, 0x18,0x03,
  35                                            0x17,0x04, 0x18,0x0E, 0x18,0x03, 0x17,0x04, 0x18,0x0E,
  36                                            0x18,0x66, 0x17,0x03, 0x18,0x03, 0x17,0x03, 0x18,0x03,
  37                                            0x20,0x03, 0x20,0x02, 0x1F,0x03, 0x1B,0x03, 0x1F,0x66,
  38                                            0x20,0x03, 0x21,0x03, 0x20,0x03, 0x1F,0x03, 0x1B,0x03,
  39                                            0x1F,0x66, 0x1F,0x04, 0x1B,0x0E, 0x1B,0x03, 0x19,0x03,
  40                                            0x19,0x03, 0x15,0x03, 0x1A,0x66, 0x1A,0x03, 0x19,0x03,
  41                                            0x15,0x03, 0x15,0x03, 0x17,0x03, 0x16,0x66, 0x17,0x04,
  42                                            0x18,0x04, 0x18,0x03, 0x19,0x03, 0x1F,0x03, 0x1B,0x03,
  43                                            0x1F,0x66, 0x20,0x03, 0x21,0x03, 0x20,0x03, 0x1F,0x03,
  44                                            0x1B,0x03, 0x1F,0x66, 0x1F,0x03, 0x1B,0x03, 0x19,0x03,
  45                                            0x19,0x03, 0x15,0x03, 0x1A,0x66, 0x1A,0x03, 0x19,0x03,
  46                                            0x19,0x03, 0x1F,0x03, 0x1B,0x03, 0x1F,0x00, 0x18,0x02,
  47                                            0x18,0x03, 0x1A,0x03, 0x19,0x0D, 0x15,0x03, 0x15,0x02,
  48                                            0x18,0x66, 0x16,0x02, 0x17,0x02, 0x15,0x00, 0x00,0x00};
  49          //同一首歌
  50          unsigned char code Music_Same[]={ 0x0F,0x01, 0x15,0x02, 0x16,0x02, 0x17,0x66, 0x18,0x03,
  51                                            0x17,0x02, 0x15,0x02, 0x16,0x01, 0x15,0x02, 0x10,0x02,
  52                                            0x15,0x00, 0x0F,0x01, 0x15,0x02, 0x16,0x02, 0x17,0x02,
  53                                            0x17,0x03, 0x18,0x03, 0x19,0x02, 0x15,0x02, 0x18,0x66,
  54                                            0x17,0x03, 0x19,0x02, 0x16,0x03, 0x17,0x03, 0x16,0x00,
  55                                            0x17,0x01, 0x19,0x02, 0x1B,0x02, 0x1B,0x70, 0x1A,0x03,
C51 COMPILER V7.09   PLAYMUSIC                                                             09/17/2005 03:46:12 PAGE 2   

  56                                            0x1A,0x01, 0x19,0x02, 0x19,0x03, 0x1A,0x03, 0x1B,0x02,
  57                                            0x1A,0x0D, 0x19,0x03, 0x17,0x00, 0x18,0x66, 0x18,0x03,
  58                                            0x19,0x02, 0x1A,0x02, 0x19,0x0C, 0x18,0x0D, 0x17,0x03,
  59                                            0x16,0x01, 0x11,0x02, 0x11,0x03, 0x10,0x03, 0x0F,0x0C,
  60                                            0x10,0x02, 0x15,0x00, 0x1F,0x01, 0x1A,0x01, 0x18,0x66,
  61                                            0x19,0x03, 0x1A,0x01, 0x1B,0x02, 0x1B,0x03, 0x1B,0x03,
  62                                            0x1B,0x0C, 0x1A,0x0D, 0x19,0x03, 0x17,0x00, 0x1F,0x01,
  63                                            0x1A,0x01, 0x18,0x66, 0x19,0x03, 0x1A,0x01, 0x10,0x02,
  64                                            0x10,0x03, 0x10,0x03, 0x1A,0x0C, 0x18,0x0D, 0x17,0x03,
  65                                            0x16,0x00, 0x0F,0x01, 0x15,0x02, 0x16,0x02, 0x17,0x70,
  66                                            0x18,0x03, 0x17,0x02, 0x15,0x03, 0x15,0x03, 0x16,0x66,
  67                                            0x16,0x03, 0x16,0x02, 0x16,0x03, 0x15,0x03, 0x10,0x02,
  68                                            0x10,0x01, 0x11,0x01, 0x11,0x66, 0x10,0x03, 0x0F,0x0C,
  69                                            0x1A,0x02, 0x19,0x02, 0x16,0x03, 0x16,0x03, 0x18,0x66,
  70                                            0x18,0x03, 0x18,0x02, 0x17,0x03, 0x16,0x03, 0x19,0x00,
  71                                            0x00,0x00 };
  72          //两只蝴蝶                                  
  73          unsigned char code Music_Two[] ={ 0x17,0x03, 0x16,0x03, 0x17,0x01, 0x16,0x03, 0x17,0x03,
  74                                            0x16,0x03, 0x15,0x01, 0x10,0x03, 0x15,0x03, 0x16,0x02,
  75                                            0x16,0x0D, 0x17,0x03, 0x16,0x03, 0x15,0x03, 0x10,0x03,
  76                                            0x10,0x0E, 0x15,0x04, 0x0F,0x01, 0x17,0x03, 0x16,0x03,
  77                                            0x17,0x01, 0x16,0x03, 0x17,0x03, 0x16,0x03, 0x15,0x01,
  78                                            0x10,0x03, 0x15,0x03, 0x16,0x02, 0x16,0x0D, 0x17,0x03,
  79                                            0x16,0x03, 0x15,0x03, 0x10,0x03, 0x15,0x03, 0x16,0x01,
  80                                            0x17,0x03, 0x16,0x03, 0x17,0x01, 0x16,0x03, 0x17,0x03,
  81                                            0x16,0x03, 0x15,0x01, 0x10,0x03, 0x15,0x03, 0x16,0x02,
  82                                            0x16,0x0D, 0x17,0x03, 0x16,0x03, 0x15,0x03, 0x10,0x03,
  83                                            0x10,0x0E, 0x15,0x04, 0x0F,0x01, 0x17,0x03, 0x19,0x03,
  84                                            0x19,0x01, 0x19,0x03, 0x1A,0x03, 0x19,0x03, 0x17,0x01,
  85                                            0x16,0x03, 0x16,0x03, 0x16,0x02, 0x16,0x0D, 0x17,0x03,
  86                                            0x16,0x03, 0x15,0x03, 0x10,0x03, 0x10,0x0D, 0x15,0x00,
  87                                            0x19,0x03, 0x19,0x03, 0x1A,0x03, 0x1F,0x03, 0x1B,0x03,
  88                                            0x1B,0x03, 0x1A,0x03, 0x17,0x0D, 0x16,0x03, 0x16,0x03,
  89                                            0x16,0x0D, 0x17,0x01, 0x17,0x03, 0x17,0x03, 0x19,0x03,
  90                                            0x1A,0x02, 0x1A,0x02, 0x10,0x03, 0x17,0x0D, 0x16,0x03,
  91                                            0x16,0x01, 0x17,0x03, 0x19,0x03, 0x19,0x03, 0x17,0x03,
  92                                            0x19,0x02, 0x1F,0x02, 0x1B,0x03, 0x1A,0x03, 0x1A,0x0E,
  93                                            0x1B,0x04, 0x17,0x02, 0x1A,0x03, 0x1A,0x03, 0x1A,0x0E,
  94                                            0x1B,0x04, 0x1A,0x03, 0x19,0x03, 0x17,0x03, 0x16,0x03,
  95                                            0x17,0x0D, 0x16,0x03, 0x17,0x03, 0x19,0x01, 0x19,0x03,
  96                                            0x19,0x03, 0x1A,0x03, 0x1F,0x03, 0x1B,0x03, 0x1B,0x03,
  97                                            0x1A,0x03, 0x17,0x0D, 0x16,0x03, 0x16,0x03, 0x16,0x03,
  98                                            0x17,0x01, 0x17,0x03, 0x17,0x03, 0x19,0x03, 0x1A,0x02,
  99                                            0x1A,0x02, 0x10,0x03, 0x17,0x0D, 0x16,0x03, 0x16,0x01,
 100                                            0x17,0x03, 0x19,0x03, 0x19,0x03, 0x17,0x03, 0x19,0x03,
 101                                            0x1F,0x02, 0x1B,0x03, 0x1A,0x03, 0x1A,0x0E, 0x1B,0x04,
 102                                            0x17,0x02, 0x1A,0x03, 0x1A,0x03, 0x1A,0x0E, 0x1B,0x04,
 103                                            0x17,0x16, 0x1A,0x03, 0x1A,0x03, 0x1A,0x0E, 0x1B,0x04,
 104                                            0x1A,0x03, 0x19,0x03, 0x17,0x03, 0x16,0x03, 0x0F,0x02,
 105                                            0x10,0x03, 0x15,0x00, 0x00,0x00 };
 106          //***********************************************************************************
 107          main()
 108          {
 109   1              InitialSound();
 110   1              while(1)
 111   1              {
 112   2                      Play(Music_Girl,0,3,360);
 113   2                      Delay1ms(500);
 114   2                      Play(Music_Same,0,3,360);
 115   2                      Delay1ms(500);
 116   2                      Play(Music_Two,0,3,360);
 117   2                      Delay1ms(500);
C51 COMPILER V7.09   PLAYMUSIC                                                             09/17/2005 03:46:12 PAGE 3   

 118   2              }
 119   1      }


MODULE INFORMATION:   STATIC OVERLAYABLE
   CODE SIZE        =    826    ----
   CONSTANT SIZE    =    936    ----
   XDATA SIZE       =   ----    ----
   PDATA SIZE       =   ----    ----
   DATA SIZE        =      4      51
   IDATA SIZE       =   ----    ----
   BIT SIZE         =   ----    ----
END OF MODULE INFORMATION.


C51 COMPILATION COMPLETE.  0 WARNING(S),  0 ERROR(S)
