C51 COMPILER V8.05a   MAIN                                                                 12/17/2008 10:34:58 PAGE 1   


C51 COMPILER V8.05a, COMPILATION OF MODULE MAIN
OBJECT MODULE PLACED IN main.OBJ
COMPILER INVOKED BY: C:\Program Files\keil\C51\BIN\C51.EXE main.c BROWSE DEBUG OBJECTEXTEND

line level    source

   1          #include <AT89X52.h>
   2          
   3          #define JINGZHEN 24
   4          #define TIME0TH ((65536-100*JINGZHEN/12)&0xff00)>>8   //time0,100us,∫ÏÕ‚“£øÿ
   5          #define TIME0TL ((65536-100*JINGZHEN/12)&0xff)
   6          
   7          main()
   8          {
   9   1       char a,b,c,d;
  10   1       a=b=c=d=0;
  11   1       P3=0;
  12   1       TH0 = TIME0TH;
  13   1       TL0 = TIME0TL;
  14   1       TMOD  |= 0x11;
  15   1       ET0    = 1;
  16   1       TR0    = 1;
  17   1       EA=1;
  18   1      while(1)
  19   1       {
  20   2       P1=0xff;
  21   2       if(P1_0==0)
  22   2       {
  23   3              if(a==0)
  24   3              {
  25   4              a=1;
  26   4              P3_0=1;
  27   4              TH0 = TIME0TH;
  28   4              TL0 = TIME0TL;
  29   4              TF0=0;
  30   4              while(TF0==0);
  31   4              TF0=0;
  32   4              P3_1=1;
  33   4              TH0 = TIME0TH;
  34   4              TL0 = TIME0TL;
  35   4              TF0=0;
  36   4              while(TF0==0);
  37   4              TF0=0;
  38   4              }
  39   3              else
  40   3              {
  41   4              a=0;
  42   4              P3_0=0;
  43   4              TH0 = TIME0TH;
  44   4              TL0 = TIME0TL;
  45   4              TF0=0;
  46   4              while(TF0==0);
  47   4              TF0=0;
  48   4              P3_1=0;
  49   4              TH0 = TIME0TH;
  50   4              TL0 = TIME0TL;
  51   4              TF0=0;
  52   4              while(TF0==0);
  53   4              }
  54   3              while(P1_0==0);
  55   3       }
C51 COMPILER V8.05a   MAIN                                                                 12/17/2008 10:34:58 PAGE 2   

  56   2       if(P1_1==0)
  57   2       {
  58   3              if(a==0)
  59   3              {
  60   4              a=1;
  61   4              P3_1=1;
  62   4              TH0 = TIME0TH;
  63   4              TL0 = TIME0TL;
  64   4              TF0=0;
  65   4              while(TF0==0);
  66   4              TF0=0;
  67   4              P3_0=1;
  68   4              TH0 = TIME0TH;
  69   4              TL0 = TIME0TL;
  70   4              TF0=0;
  71   4              while(TF0==0);
  72   4              TF0=0;
  73   4              }
  74   3              else
  75   3              {a=0;
  76   4              P3_1=0;
  77   4              TH0 = TIME0TH;
  78   4              TL0 = TIME0TL;
  79   4              TF0=0;
  80   4              while(TF0==0);
  81   4              TF0=0;
  82   4              P3_0=0;
  83   4              TH0 = TIME0TH;
  84   4              TL0 = TIME0TL;
  85   4              TF0=0;
  86   4              while(TF0==0);
  87   4              TF0=0;
  88   4              }
  89   3              while(P1_1==0);
  90   3       }
  91   2       
  92   2       if(P1_2==0)
  93   2       {
  94   3              if(b==0)
  95   3              {
  96   4              b=1;
  97   4              P3_2=1;
  98   4              TH0 = TIME0TH;
  99   4              TL0 = TIME0TL;
 100   4              TF0=0;
 101   4              while(TF0==0);
 102   4              TF0=0;
 103   4              P3_3=1;
 104   4              TH0 = TIME0TH;
 105   4              TL0 = TIME0TL;
 106   4              TF0=0;
 107   4              while(TF0==0);
 108   4              TF0=0;
 109   4              }
 110   3              else
 111   3              {b=0;
 112   4              P3_2=0;
 113   4              TH0 = TIME0TH;
 114   4              TL0 = TIME0TL;
 115   4              TF0=0;
 116   4              while(TF0==0);
 117   4              TF0=0;
C51 COMPILER V8.05a   MAIN                                                                 12/17/2008 10:34:58 PAGE 3   

 118   4              P3_3=0;
 119   4              TH0 = TIME0TH;
 120   4              TL0 = TIME0TL;
 121   4              TF0=0;
 122   4              while(TF0==0);
 123   4              }
 124   3              while(P1_2==0);
 125   3      }
 126   2       if(P1_3==0)
 127   2       {
 128   3              if(b==0)
 129   3              {
 130   4              b=1;
 131   4              P3_3=1;
 132   4              TH0 = TIME0TH;
 133   4              TL0 = TIME0TL;
 134   4              TF0=0;
 135   4              while(TF0==0);
 136   4              TF0=0;
 137   4              P3_2=1;
 138   4              TH0 = TIME0TH;
 139   4              TL0 = TIME0TL;
 140   4              TF0=0;
 141   4              while(TF0==0);
 142   4              TF0=0;
 143   4              }
 144   3              else
 145   3              {
 146   4              b=0;
 147   4              P3_3=0;
 148   4              TH0 = TIME0TH;
 149   4              TL0 = TIME0TL;
 150   4              TF0=0;
 151   4              while(TF0==0);
 152   4              TF0=0;
 153   4              P3_2=0;
 154   4              TH0 = TIME0TH;
 155   4              TL0 = TIME0TL;
 156   4              TF0=0;
 157   4              while(TF0==0);
 158   4              TF0=0;
 159   4              }
 160   3              while(P1_3==0);
 161   3       }
 162   2        if(P1_4==0)
 163   2       {
 164   3              if(c==0)
 165   3              {c=1;
 166   4              P3_4=1;
 167   4              TH0 = TIME0TH;
 168   4              TL0 = TIME0TL;
 169   4              TF0=0;
 170   4              while(TF0==0);
 171   4              TF0=0;
 172   4              P3_5=1;
 173   4              TH0 = TIME0TH;
 174   4              TL0 = TIME0TL;
 175   4              TF0=0;
 176   4              while(TF0==0);
 177   4              TF0=0;
 178   4              }
 179   3              else
C51 COMPILER V8.05a   MAIN                                                                 12/17/2008 10:34:58 PAGE 4   

 180   3              {c=0;
 181   4              P3_4=0;
 182   4              TH0 = TIME0TH;
 183   4              TL0 = TIME0TL;
 184   4              TF0=0;
 185   4              while(TF0==0);
 186   4              TF0=0;
 187   4              P3_5=0;
 188   4              TH0 = TIME0TH;
 189   4              TL0 = TIME0TL;
 190   4              TF0=0;
 191   4              while(TF0==0);
 192   4              }
 193   3              while(P1_4==0);
 194   3       }
 195   2       if(P1_5==0)
 196   2       {
 197   3              if(c==0)
 198   3              {c=1;
 199   4              P3_5=1;
 200   4              TH0 = TIME0TH;
 201   4              TL0 = TIME0TL;
 202   4              TF0=0;
 203   4              while(TF0==0);
 204   4              TF0=0;
 205   4              P3_4=1;
 206   4              TH0 = TIME0TH;
 207   4              TL0 = TIME0TL;
 208   4              TF0=0;
 209   4              while(TF0==0);
 210   4              TF0=0;
 211   4              }
 212   3              else
 213   3              {c=0;
 214   4              P3_5=0;
 215   4              TH0 = TIME0TH;
 216   4              TL0 = TIME0TL;
 217   4              TF0=0;
 218   4              while(TF0==0);
 219   4              TF0=0;
 220   4              P3_4=0;
 221   4              TH0 = TIME0TH;
 222   4              TL0 = TIME0TL;
 223   4              TF0=0;
 224   4              while(TF0==0);
 225   4              TF0=0;
 226   4              }
 227   3              while(P1_5==0);
 228   3       }                 
 229   2      if(P1_6==0)
 230   2       {
 231   3              if(d==0)
 232   3              {d=1;
 233   4              P3_6=1;
 234   4              TH0 = TIME0TH;
 235   4              TL0 = TIME0TL;
 236   4              TF0=0;
 237   4              while(TF0==0);
 238   4              TF0=0;
 239   4              P3_7=1;
 240   4              TH0 = TIME0TH;
 241   4              TL0 = TIME0TL;
C51 COMPILER V8.05a   MAIN                                                                 12/17/2008 10:34:58 PAGE 5   

 242   4              TF0=0;
 243   4              while(TF0==0);
 244   4              TF0=0;
 245   4              }else
 246   3              {d=0;
 247   4              P3_6=0;
 248   4              TH0 = TIME0TH;
 249   4              TL0 = TIME0TL;
 250   4              TF0=0;
 251   4              while(TF0==0);
 252   4              TF0=0;
 253   4              P3_7=0;
 254   4              TH0 = TIME0TH;
 255   4              TL0 = TIME0TL;
 256   4              TF0=0;
 257   4              while(TF0==0);
 258   4              }
 259   3              while(P1_6==0);
 260   3       }      
 261   2       if(P1_7==0)
 262   2       {
 263   3              if(d==0)
 264   3              {d=1;
 265   4              P3_7=1;
 266   4              TH0 = TIME0TH;
 267   4              TL0 = TIME0TL;
 268   4              TF0=0;
 269   4              while(TF0==0);
 270   4              TF0=0;
 271   4              P3_6=1;
 272   4              TH0 = TIME0TH;
 273   4              TL0 = TIME0TL;
 274   4              TF0=0;
 275   4              while(TF0==0);
 276   4              TF0=0;
 277   4              }
 278   3              else
 279   3              {d=0;
 280   4              P3_7=0;
 281   4              TH0 = TIME0TH;
 282   4              TL0 = TIME0TL;
 283   4              TF0=0;
 284   4              while(TF0==0);
 285   4              TF0=0;
 286   4              P3_6=0;
 287   4              TH0 = TIME0TH;
 288   4              TL0 = TIME0TL;
 289   4              TF0=0;
 290   4              while(TF0==0);
 291   4              TF0=0;
 292   4              }
 293   3              while(P1_7==0);
 294   3      }
 295   2       }
 296   1      }


MODULE INFORMATION:   STATIC OVERLAYABLE
   CODE SIZE        =    625    ----
   CONSTANT SIZE    =   ----    ----
   XDATA SIZE       =   ----    ----
   PDATA SIZE       =   ----    ----
C51 COMPILER V8.05a   MAIN                                                                 12/17/2008 10:34:58 PAGE 6   

   DATA SIZE        =   ----    ----
   IDATA SIZE       =   ----    ----
   BIT SIZE         =   ----    ----
END OF MODULE INFORMATION.


C51 COMPILATION COMPLETE.  0 WARNING(S),  0 ERROR(S)
