C51 COMPILER V8.05a   HUAN                                                                 12/08/2008 09:50:14 PAGE 1   


C51 COMPILER V8.05a, COMPILATION OF MODULE HUAN
OBJECT MODULE PLACED IN huan.OBJ
COMPILER INVOKED BY: C:\Program Files\keil\C51\BIN\C51.EXE huan.c BROWSE DEBUG OBJECTEXTEND

line level    source

   1          #include<reg51.h> 
   2          typedef  unsigned char uchar; 
   3          typedef  unsigned int uint; 
   4          sbit E1=P3^4;
   5          sbit ST=P3^5;
   6          sbit SS=P3^6;
   7          unsigned char code mo[6][2][16]=
   8          {{{0x00,0x00,0x01,0x02,0x12,0x13,0x1E,0xF2,0x23,0x24,0x24,0x04,0x07,0x00,0x00,0x00},
   9          {0x00,0x00,0xF8,0x00,0x50,0x50,0xD0,0x78,0xA0,0xA0,0x08,0x04,0xFC,0x00,0x00,0x00}},
  10          {{0x00,0x00,0x00,0x00,0x78,0x54,0x54,0x55,0x95,0x85,0x99,0xE1,0x01,0x00,0x00,0x00},
  11          {0x00,0x00,0x00,0xF0,0xA8,0xA8,0xA8,0x28,0x48,0x48,0x04,0x0E,0xF0,0x00,0x00,0x00}},
  12          {{0x00,0x00,0x0F,0x15,0xF1,0x1F,0x00,0x00,0x09,0x89,0x4A,0x13,0x10,0x10,0x00,0x00},
  13          {0x84,0x88,0xF0,0x40,0x08,0xFC,0x00,0x08,0xF0,0x00,0x00,0xF0,0x08,0x08,0x38,0x00}},
  14          {{0x00,0x04,0x18,0x10,0x11,0x16,0x90,0x50,0x10,0x24,0x22,0x20,0x28,0x10,0x00,0x00},
  15          {0x00,0x04,0x04,0x84,0x04,0x44,0x44,0x78,0x88,0x88,0x88,0x08,0x0C,0x04,0x00,0x00}},
  16          {{0x00,0x00,0x02,0x02,0x02,0x02,0xFF,0x04,0x04,0x04,0x04,0x04,0x00,0x00,0x00,0x00},
  17          {0x00,0x04,0x08,0x10,0x20,0xC0,0x00,0x80,0x40,0x20,0x10,0x08,0x0C,0x04,0x04,0x00}},
  18          {{0x00,0x03,0x0E,0x44,0x24,0x05,0x4A,0x2A,0x0B,0x1A,0xE8,0x08,0x0C,0x08,0x00,0x00},
  19          {0x00,0x20,0x20,0x20,0x20,0x20,0x24,0xC2,0x7C,0x40,0x40,0x40,0x40,0x00,0x00,0x00}}};
  20          void yiwei(int i,int j,int k)
  21          {
  22   1      SBUF=mo[i][j][k];
  23   1      while(~TI){};
  24   1      TI=0;
  25   1      }
  26          
  27          void main() /*Ö÷º¯Êý*/
  28          {       int i=0,j=0,k=0,n,u;
  29   1              SM0=0;
  30   1              SM1=0;
  31   1              ST=0;
  32   1              TI=0;
  33   1              yiwei(i,j,k);
  34   1              n=0;
  35   1              while(1)
  36   1                      {for(i=0;i<6;i++)
  37   2                      {yiwei(i,0,k);
  38   3                       yiwei(i,1,k);
  39   3                      }
  40   2                      i=0;
  41   2                      k++;
  42   2                      if(k>15)
  43   2                      k=0;
  44   2              P2=n;
  45   2                      E1=0;
  46   2                      ST=1;
  47   2                      for(u=0;u<150;u++){}
  48   2                      
  49   2                      n++;
  50   2                      if(n>15)
  51   2                      n=0;
  52   2                      E1=1;
  53   2                      ST=0;
  54   2              }
  55   1      }
C51 COMPILER V8.05a   HUAN                                                                 12/08/2008 09:50:14 PAGE 2   



MODULE INFORMATION:   STATIC OVERLAYABLE
   CODE SIZE        =    231    ----
   CONSTANT SIZE    =    192    ----
   XDATA SIZE       =   ----    ----
   PDATA SIZE       =   ----    ----
   DATA SIZE        =   ----       8
   IDATA SIZE       =   ----    ----
   BIT SIZE         =   ----    ----
END OF MODULE INFORMATION.


C51 COMPILATION COMPLETE.  0 WARNING(S),  0 ERROR(S)
