C51 COMPILER V8.12   SANGE                                                                 05/04/2009 15:13:00 PAGE 1   


C51 COMPILER V8.12, COMPILATION OF MODULE SANGE
OBJECT MODULE PLACED IN sange.OBJ
COMPILER INVOKED BY: C:\Keil\C51\BIN\C51.EXE sange.c BROWSE DEBUG OBJECTEXTEND

line level    source

   1          #include<reg51.h>
   2          #include<absacc.h>
   3          #define uchar unsigned char 
   4          #define uint  unsigned int
   5          #define ture  1
   6          #define fault 0
   7          
   8          sbit SET=P1^7;
   9          
  10          void  delay(uchar  k) ;
  11          uchar monthday(uchar a,uchar b);
  12          void display()  ;
  13          
  14          uchar code dayofmonth[]={31,28,31,30,31,30,31,31,30,31,30,31};
  15          uchar code scan[]={0xe0,0xe1,0xe2,0xe3,0xe4,0xe5,0xe6,0xe7,
  16                              0xe8,0xe9,0xea,0xeb,0xec,0xed,0xee,0xef,
  17                                                  0xf8,0xf9,0xfa,0xfb,0xfc,0xfd};
  18                                                  //扫描的译码信号
  19          uchar i;
  20          uchar code table[]={0xBF,0x86,0xDB,0xCF,0xE6,0xED,0xFD,0xA7,0xFF,0xEF,0xC0};
  21          uchar  buffer[]={0,0,0,0,0,0,0,0,0,0,0,0,0,0,0,0,0,0,0,0,0,0};
  22          uchar  shuju=0;
  23          uchar  state=0;
  24          uchar  qxiang;
  25          
  26          typedef  struct  
  27                   {
  28                           uchar year[2];
  29                           uchar month;
  30                           uchar day;
  31                           uchar week;
  32                           }date;
  33          typedef  struct  
  34                  {
  35                      uchar hour;
  36                          uchar minute;
  37                          uchar second;
  38                          }time;
  39          uchar  count=0;
  40          date today={{9,20},4,20,1};
  41          time now={11,8,10};
  42          void main()
  43          {
  44   1      TMOD=0x01;
  45   1      TL0=(65536-1000)%256;
  46   1      TH0=(65536-1000)/256;
  47   1      IE=0x82;          //EA=1;ET0=1总中断允许和定时器中断允许
  48   1      TCON=0x10;        //定时器启动计数
  49   1      while(1)
  50   1          {
  51   2               P1=0xff;
  52   2      
  53   2               shuju=P1&0xff;
  54   2               qxiang=shuju&0x80;
  55   2                      switch(qxiang)
C51 COMPILER V8.12   SANGE                                                                 05/04/2009 15:13:00 PAGE 2   

  56   2                  {
  57   3                       case(0x80):switch(shuju)
  58   3                                    {
  59   4                                       case(0xfe) :                      //秒调整
  60   4                                  {
  61   5                                               EA=1;
  62   5                                               EX0=1;           //IE=0x83;                    //EA=1;ET0=1;EX0=0总中断允许，定时器中断允许，外中断允许
  63   5                                               IT0=1;           //TCON=0x11;                  //TR0=1;IT0=1;定时器启动,外中断为负边沿触发
  64   5                                       }break;
  65   4                               case(0xfd)     :                        //分调整
  66   4                                  {
  67   5                                               EA=1;
  68   5                                               EX0=1;                  // IE=0x83;
  69   5                                               IT0=1;                    //TCON=0x11;
  70   5                                       }break;
  71   4                               case(0xfb) :                   //时调整
  72   4                                  {
  73   5                                              EA=1;
  74   5                                               EX0=1;
  75   5                                               IT0=1;
  76   5                                              
  77   5                                       }break;
  78   4                       case(0xf7) :                      //星期调整
  79   4                                  {
  80   5                                              EA=1;
  81   5                                               EX0=1;
  82   5                                               IT0=1;
  83   5                                    
  84   5                                       }break;
  85   4                       case(0xef) :                                   //日调整
  86   4                                  {
  87   5                                              EA=1;
  88   5                                               EX0=1;
  89   5                                               IT0=1;
  90   5                                      
  91   5                                       }break;
  92   4                       case(0xdf):                             //月调整
  93   4                                  {
  94   5                                              EA=1;
  95   5                                               EX0=1;
  96   5                                               IT0=1;
  97   5                                      
  98   5                                       }break;
  99   4                       case(0xbf):                                    //年调整
 100   4                                  {
 101   5                                              EA=1;
 102   5                                               EX0=1;
 103   5                                               IT0=1;
 104   5                                              
 105   5                                       }break;
 106   4                                   default:                                            //时钟正常计时
 107   4                              {
 108   5                                              EA=1;
 109   5                                              TR0=1;
 110   5                                              EX0=0;
 111   5                                      
 112   5                                              }break;
 113   4                                      }break;
 114   3                       case(0x00) :switch(shuju)
 115   3                                                   {
 116   4                                 case(0x7e):
 117   4                              {
C51 COMPILER V8.12   SANGE                                                                 05/04/2009 15:13:00 PAGE 3   

 118   5                                              EA=1;
 119   5                                               EX0=1;
 120   5                                               IT0=1;
 121   5                                              
 122   5                                              }break;
 123   4                         case(0x7d):
 124   4                              {
 125   5                                              EA=1;
 126   5                                               EX0=1;
 127   5                                               IT0=1;
 128   5                                      
 129   5                                              }break;
 130   4                         case(0x7b):
 131   4                              {
 132   5                                              EA=1;
 133   5                                               EX0=1;
 134   5                                               IT0=1;
 135   5                                  
 136   5                                              }break;
 137   4                         case(0x77):
 138   4                              {
 139   5                                              EA=1;
 140   5                                               EX0=1;
 141   5                                               IT0=1;
 142   5                                      
 143   5                                              }break;
 144   4                         case(0x6f):
 145   4                              {
 146   5                                              EA=1;
 147   5                                               EX0=1;
 148   5                                               IT0=1;
 149   5                                              
 150   5                                              }break;
 151   4                         case(0x5f):
 152   4                              {
 153   5                                               EA=1;
 154   5                                               EX0=1;
 155   5                                               IT0=1;
 156   5                                              
 157   5                                              }break;
 158   4                         case(0x3f):
 159   4                              {
 160   5                                              EA=1;
 161   5                                               EX0=1;
 162   5                                               IT0=1;
 163   5                                              
 164   5                                              }break;
 165   4                         default:                                              //时钟正常计时
 166   4                              {
 167   5                                              EA=1;
 168   5                                              TR0=1;
 169   5                                              EX0=0;
 170   5                                                      
 171   5                                              }break;
 172   4                              }break;       
 173   3                      }
 174   2              }
 175   1      }
 176          
 177          void inter0()  interrupt 0  using 0
 178            {
 179   1        uchar result,z; 
C51 COMPILER V8.12   SANGE                                                                 05/04/2009 15:13:00 PAGE 4   

 180   1        result=shuju;
 181   1              switch(qxiang)
 182   1                  {
 183   2                       case(0x80):   switch(result)
 184   2                                                 {
 185   3                              case(0xfe) :                                      // if(result==0xfe)                              //秒调整     +
 186   3                                       {
 187   4                                         now.second++;
 188   4                                         if(now.second>=60)
 189   4                                            {
 190   5                                                  now.second=0;
 191   5                                                 }
 192   4                                         display();
 193   4                                        }break;
 194   3         
 195   3                               case(0xfd) :                        //if(result==0xfd)                                  //分调整  +
 196   3                                       {
 197   4                                          now.minute++;
 198   4                                          if(now.minute>=60)
 199   4                                           {
 200   5                                                 now.minute=0;
 201   5                                                }
 202   4                                           display();
 203   4                                       }break;
 204   3         
 205   3                                  case(0xfb) :                   //if(result==0xfb)                              //时调整     +
 206   3                                        {
 207   4                                           now.hour++;
 208   4                                           if(now.hour>=24)
 209   4                                              {
 210   5                                                    now.hour=0;
 211   5                                              }
 212   4                                              display();
 213   4                                        }break;
 214   3       
 215   3                                   case(0xf7) :                 // if(result==0xf7)                  //星期调整 +
 216   3                                            {            
 217   4                                               today.week++;
 218   4                                                if(today.week>=8)
 219   4                                                    {
 220   5                                                          today.week=1;
 221   5                                                         }
 222   4                                                display();
 223   4                                            }break;
 224   3      
 225   3                                        case(0xef) :                  //if(result==0xef)                                 //日期调整    +
 226   3                                            {
 227   4                                               today.day++;
 228   4                                               z = monthday( today.year[1]  ,  today.year[0] );
 229   4                                               if((z==1)&&(today.month==2))
 230   4                                                                                  {
 231   5                                                                                        if(today.day>=30)
 232   5                                                               today.day=1;
 233   5                                                                                      }
 234   4      
 235   4                                                    else if (today.day>dayofmonth[today.month-1])
 236   4                                                                  today.day=1;
 237   4                                                 display();
 238   4                                              }break;   
 239   3              
 240   3                                        case(0xdf) :                   //if(result==0xdf)                                     //月调整        +
 241   3                      
C51 COMPILER V8.12   SANGE                                                                 05/04/2009 15:13:00 PAGE 5   

 242   3                                                  {
 243   4                                                      today.month++;
 244   4                                                      if(today.month>=13)
 245   4                                                         {
 246   5                                                               today.month=1;
 247   5                                                              }
 248   4                                                      display();
 249   4                                                     } break;
 250   3         
 251   3                  
 252   3                                             case(0xbf) :                                      //if(result==0xbf)                                       //年调整 +
 253   3                                                   {
 254   4                                                 today.year[0]=today.year[0]+1;
 255   4                                                     if(today.year[0]>=100)
 256   4                                                         {
 257   5                                                               today.year[0]=0;
 258   5                                                               today.year[1]=today.year[1]+1;
 259   5                                                               if(today.year[1]>=100)
 260   5                                                                  {
 261   6                                                                         today.year[1]=0;
 262   6                                                                       }
 263   5                                                               }
 264   4                                                       display();
 265   4                                                    }break;
 266   3                                             default:                                          //时钟正常计时
 267   3                                               {
 268   4                                                                               EA=1;
 269   4                                                               TR0=1;
 270   4                                                               EX0=0;
 271   4                                                                                                               
 272   4                                                               }break;
 273   3                                                       }break; 
 274   2                                              
 275   2        case(0x00): switch(result)
 276   2                              {
 277   3                                case(0x7e):                           //if(result==0x7f)                                       //秒调整―
 278   3                                {
 279   4                                     if(now.second>0)
 280   4                                        now.second=now.second-1;
 281   4                                     else  now.second=59;
 282   4                                          display();
 283   4                                }break;
 284   3              
 285   3        case(0x7d):                                           //if(result==0x7d)                                        //分调整―
 286   3                 {
 287   4                      if(now.minute>0)
 288   4                         now.minute=now.minute-1;
 289   4                      else now.minute=59;
 290   4                      display();
 291   4                 }  break;
 292   3              
 293   3        case(0x7b) :                                    //if(result==0x7b)                                      //  时调整-
 294   3                 
 295   3                 {
 296   4                      if(now.hour>0)
 297   4                         now.hour=now.hour-1;
 298   4                      else now.hour=23 ;
 299   4                      display();
 300   4                 }break;
 301   3              
 302   3              case(0x77) :                                     //if(result==0x77)                                      //      周调整―
 303   3                 {
C51 COMPILER V8.12   SANGE                                                                 05/04/2009 15:13:00 PAGE 6   

 304   4                  if(today.week>1)
 305   4                         today.week=today.week-1;
 306   4                      else today.week=7;
 307   4                      display();
 308   4                 }break;
 309   3      
 310   3                
 311   3              case(0x6f):                                                             //if(result==0x6f)                                //     日期调整―
 312   3                 {
 313   4                  z = monthday( today.year[1]  ,  today.year[0] );
 314   4                      if((z==1)&&(today.month==2))
 315   4                         {
 316   5                         if(today.day>1)
 317   5                            today.day=today.day-1;
 318   5                              else today.day=29;
 319   5                         }
 320   4                      else {
 321   5                                if(today.day>1)
 322   5                                   today.day=today.day-1;
 323   5                                else today.day=dayofmonth[today.month-1];
 324   5                            }
 325   4                      display();
 326   4                 }break;
 327   3      
 328   3               case(0x5f):                                                    //if(result==0x5f)                                      //      月调整―
 329   3                 {
 330   4                      if(today.month>1)
 331   4                         today.month=today.month-1;
 332   4                      else today.month=12;
 333   4                      display();
 334   4                 }break;
 335   3               case(0x3f) :     // 年调整――
 336   3                 {
 337   4                      if(today.year[0]>0)
 338   4                         today.year[0]=today.year[0]-1;
 339   4                      else 
 340   4                          {
 341   5                               today.year[0]=99;
 342   5                               today.year[1]=today.year[1]-1;
 343   5                              }
 344   4                      display();
 345   4                 }break;
 346   3               default:                                                //时钟正常计时
 347   3                              {
 348   4                                          EA=1;
 349   4                                              TR0=1;
 350   4                                              EX0=0;  
 351   4                                              }break;
 352   3                   }break;
 353   2                      }
 354   1              }
 355           
 356          void  timer0_int() interrupt 1 using 1
 357          {
 358   1      uchar c;
 359   1       TL0=(65536-1000)%256;            //中断时间是10ms
 360   1       TH0=(65536-1000)/256;
 361   1       TR0=1;
 362   1       count++;
 363   1       if(count==35)
 364   1          {
 365   2              count=0;
C51 COMPILER V8.12   SANGE                                                                 05/04/2009 15:13:00 PAGE 7   

 366   2              now.second=now.second+1;
 367   2               if(now.second>=60)
 368   2                  {
 369   3                      now.second=0;
 370   3                      now.minute++;
 371   3                      if(now.minute>=60)
 372   3                         {
 373   4                         now.minute=0;
 374   4                         now.hour++;
 375   4                         if(now.hour>=24)
 376   4                            {
 377   5                                now.hour=0;
 378   5                                today.week++;
 379   5                                today.day++;
 380   5                                if(today.week>=8)
 381   5                                   {
 382   6                                       today.week=1;
 383   6                                       }
 384   5                                c=monthday( today.year[1], today.year[0]);
 385   5                                if((c==1)&&(today.month==2))
 386   5                                   {
 387   6                                       if(today.day>=30)
 388   6                                         {
 389   7                                          today.day=1;
 390   7                                              today.month++;
 391   7                                         }
 392   6                                        
 393   6                                       }
 394   5                                else if(today.day>=(dayofmonth[today.month-1]+1))
 395   5                                        {
 396   6                                                today.day=1;
 397   6                                                today.month++;
 398   6                                 if(today.month>=13)
 399   6                                    {
 400   7                                         today.month=1;
 401   7                                         today.year[0]=today.year[0]+1;
 402   7                                         if(today.year[0]>=100)
 403   7                                            {
 404   8                                                today.year[0]=0;
 405   8                                                today.year[1]=today.year[1]+1;
 406   8                                                if(today.year[1]>=100)
 407   8                                                   {
 408   9                                                       today.year[1]=0;
 409   9                                                       }
 410   8                                                }
 411   7                                        }
 412   6                                }
 413   5                         }
 414   4                        }
 415   3                      }
 416   2              }
 417   1          display();
 418   1      }
 419          void  delay(uchar  k)
 420            {
 421   1        uchar m,n;
 422   1        for(m=0;m<=k;m++)
 423   1         for(n=0;n<=40;n++);
 424   1        }
 425            //  计算年份程序
 426          uchar  monthday(uchar a,uchar b)
 427            {
C51 COMPILER V8.12   SANGE                                                                 05/04/2009 15:13:00 PAGE 8   

 428   1         uchar x,y;
 429   1         x=a*100+b;
 430   1         if(x%4!=0)
 431   1                y=0;
 432   1         else if(x%100!=0)
 433   1            y=1;
 434   1         else if(x%400!=0)
 435   1            y=0;
 436   1         else y=1;
 437   1         
 438   1       //if((x%4==0 && x%100!=0)|| (x%400==0))
 439   1       //   y=1;
 440   1      // else y=0; 
 441   1         return(y) ;
 442   1        }     
 443           void display()
 444           {
 445   1        buffer[0]=now.second%10;
 446   1        buffer[1]=now.second/10;
 447   1        buffer[2]=10;
 448   1        buffer[3]=now.minute%10;
 449   1        buffer[4]=now.minute/10;
 450   1        buffer[5]=10;
 451   1        buffer[6]=now.hour%10;
 452   1        buffer[7]=now.hour/10;
 453   1        buffer[8]=today.week%10;
 454   1        buffer[9]=today.week/10;
 455   1        buffer[10]=10;
 456   1        buffer[11]=today.day%10;
 457   1        buffer[12]=today.day/10;
 458   1        buffer[13]=10;
 459   1        buffer[14]=today.month%10;
 460   1        buffer[15]=today.month/10;
 461   1        buffer[16]=10;
 462   1        buffer[17]=today.year[0]%10;
 463   1        buffer[18]=today.year[0]/10;
 464   1        buffer[19]=today.year[1]%10;
 465   1        buffer[20]=today.year[1]/10;
 466   1        buffer[21]=10;
 467   1         for(i=0;i<=21;i++)
 468   1          {
 469   2              P0=table[buffer[i]];    
 470   2              P2=scan[i];
 471   2              delay(8);
 472   2              P2=0xFF;
 473   2              }
 474   1       }


MODULE INFORMATION:   STATIC OVERLAYABLE
   CODE SIZE        =   1010    ----
   CONSTANT SIZE    =     45    ----
   XDATA SIZE       =   ----    ----
   PDATA SIZE       =   ----    ----
   DATA SIZE        =     35       2
   IDATA SIZE       =   ----    ----
   BIT SIZE         =   ----    ----
END OF MODULE INFORMATION.


C51 COMPILATION COMPLETE.  0 WARNING(S),  0 ERROR(S)
