C51 COMPILER V8.02   CLOCK                                                                 10/31/2006 19:50:15 PAGE 1   


C51 COMPILER V8.02, COMPILATION OF MODULE CLOCK
OBJECT MODULE PLACED IN clock.OBJ
COMPILER INVOKED BY: C:\Keil\C51\BIN\C51.EXE clock.c BROWSE DEBUG OBJECTEXTEND

line level    source

   1          #include "reg51.h"
   2          
   3          sbit  key0 = P1^0;
   4          
   5          delay(unsigned int dd)
   6          {
   7   1              while(--dd);
   8   1      }
   9          
  10          disp(unsigned char aa)
  11          {
  12   1                      P2 = 0xff;
  13   1                      P0 = aa;
  14   1                      P2 = 0x7f;
  15   1                      
  16   1                      delay(1000);
  17   1      
  18   1                      P2 = 0xff;
  19   1                      P0 = 0x06;
  20   1                      P2 = 0xbf;
  21   1                      delay(1000);    
  22   1      
  23   1                      P2 = 0xff;
  24   1                      P0 = 0x5b;
  25   1                      P2 = 0xdf;
  26   1                      
  27   1                      delay(1000);
  28   1      
  29   1                      P2 = 0xff;
  30   1                      P0 = 0x4f;
  31   1                      P2 = 0xef;
  32   1                      delay(1000);    
  33   1                      P2 = 0xff;
  34   1                      P0 = 0x66;
  35   1                      P2 = 0xf7;
  36   1                      
  37   1                      delay(1000);
  38   1      
  39   1                      P2 = 0xff;
  40   1                      P0 = 0x6d;
  41   1                      P2 = 0xfb;
  42   1                      delay(1000);    
  43   1      }
  44          
  45          main()
  46          {
  47   1              unsigned char aa=0;
  48   1              while(1)
  49   1              {
  50   2                if(!key0) aa++;
  51   2                disp(aa);
  52   2              }
  53   1      
  54   1      }

C51 COMPILER V8.02   CLOCK                                                                 10/31/2006 19:50:15 PAGE 2   


MODULE INFORMATION:   STATIC OVERLAYABLE
   CODE SIZE        =    102    ----
   CONSTANT SIZE    =   ----    ----
   XDATA SIZE       =   ----    ----
   PDATA SIZE       =   ----    ----
   DATA SIZE        =   ----    ----
   IDATA SIZE       =   ----    ----
   BIT SIZE         =   ----    ----
END OF MODULE INFORMATION.


C51 COMPILATION COMPLETE.  0 WARNING(S),  0 ERROR(S)
