C51 COMPILER V7.50   __辑_1                                                               04/05/2007 13:31:45 PAGE 1   


C51 COMPILER V7.50, COMPILATION OF MODULE __辑_1
OBJECT MODULE PLACED IN .\[编辑]1.obj
COMPILER INVOKED BY: C:\Keil\C51\BIN\C51.EXE D:\桌面\[编辑]1.C BROWSE DEBUG OBJECTEXTEND PRINT(.\[编辑]1.lst) OBJECT(.\[
                    -编辑]1.obj)

line level    source

   1          #include<reg52.h>
   2          #include<intrins.h>
   3          sbit STR=P1^6; //锁存
   4          sbit CLK=P1^7; //时钟
   5          sbit Data= P1^5; //数据
   6          sbit E= P1^4; //使能(应定义P1.4)
   7          
   8          //16×16汉字
   9          unsigned char code hanzi1[16][32]={
  10          
  11          
  12          0xFD,0xFF,0xFE,0xFF,0xFF,0x7F,0xFF,0x3F,0xF7,0x7F,0xF7,0xFF,0xF7,0xEF,0xB7,0xF7,
  13          0xB7,0xFB,0xB7,0xF9,0x77,0xFB,0xF7,0xEF,0xF7,0xEF,0xF7,0xEF,0xF8,0x0F,0xFF,0xFF,/*"心",0*/
  14          /* (16 X 16 , 宋体 )*/
  15          0xEF,0xFF,0xEF,0x03,0xEF,0x7B,0x01,0x03,0xC7,0x7B,0xCB,0x03,0xAB,0x7B,0xAF,0x7B,
  16          0x6F,0x03,0xFF,0xFF,0xFE,0xFF,0xF7,0x7B,0xD7,0x7D,0xD7,0xED,0x98,0x0F,0xFF,0xFF,/*"想",1*/
  17          /* (16 X 16 , 宋体 )*/
  18          0xFE,0xFF,0x00,0x01,0xFE,0xFF,0xE0,0x07,0xEE,0xF7,0xE0,0x07,0xFE,0xFF,0xC0,0x07,
  19          0xFE,0xF7,0x00,0x01,0xFE,0xF7,0xC0,0x07,0xFE,0xF7,0xF6,0xFF,0xFA,0xFF,0xFD,0xFF,/*"事",2*/
  20          /* (16 X 16 , 宋体 )*/
  21          0xFF,0x5F,0xFF,0x6F,0xFF,0x7F,0xC0,0x01,0xDF,0x7F,0xDF,0x7F,0xC1,0x77,0xDD,0x73,
  22          0xDD,0xB7,0xDD,0xAF,0xDD,0xDF,0xD5,0x9F,0xBB,0x6D,0xBE,0xF5,0x79,0xF9,0xFF,0xFD,/*"成",3*/
  23          /* (16 X 16 , 宋体 )*/
  24          0xFF,0xFF,0x80,0x01,0xFD,0xFF,0xFD,0xFF,0xFD,0xEF,0xFC,0x07,0xFD,0xEF,0xFB,0xEF,
  25          0xFB,0xEF,0xFB,0xEF,0xF7,0xEF,0xF7,0xEF,0xEF,0xEF,0xDF,0x1F,0xBF,0xBF,0xFF,0xFF,/*"万",4*/
  26          /* (16 X 16 , 宋体 )*/
  27          0xFE,0xFF,0x00,0x01,0xFE,0xFF,0xE0,0x07,0xEE,0xF7,0xE0,0x07,0xFE,0xFF,0xC0,0x07,
  28          0xFE,0xF7,0x00,0x01,0xFE,0xF7,0xC0,0x07,0xFE,0xF7,0xF6,0xFF,0xFA,0xFF,0xFD,0xFF,/*"事",5*/
  29          /* (16 X 16 , 宋体 )*/
  30          0xEF,0xFF,0xEF,0xFF,0xE7,0xFF,0xEF,0x81,0x01,0xBD,0xDD,0xBD,0xDD,0xBD,0xDD,0xBD,
  31          0xDD,0xBD,0xDB,0xBD,0xEB,0xBD,0xF7,0xBD,0xEB,0x81,0xDC,0xBD,0xBD,0xBD,0x7F,0xFF,/*"如",6*/
  32          /* (16 X 16 , 宋体 )*/
  33          0xFE,0xFF,0xC0,0x03,0xF7,0xDF,0xFB,0xBF,0x00,0x01,0xFF,0xFF,0xE0,0x0F,0xED,0xEF,
  34          0xEE,0xEF,0xE0,0x0F,0xFF,0xFF,0xD6,0xF7,0xD7,0x7B,0x97,0xEB,0xF8,0x0F,0xFF,0xFF,/*"意",7*/
  35          /* (16 X 16 , 宋体 )*/
  36          0xFE,0xFF,0xFE,0xFF,0xFE,0xFF,0xFE,0xFF,0xFE,0xFF,0x00,0x01,0xFE,0xFF,0xFD,0x7F,
  37          0xFD,0x7F,0xFD,0xBF,0xFB,0xBF,0xFB,0xDF,0xF7,0xEF,0xEF,0xE7,0xDF,0xF1,0xBF,0xFB,/*"大",8*/
  38          /* (16 X 16 , 宋体 )*/
  39          0xFE,0xFF,0xFE,0xFB,0x00,0x01,0xFE,0xFF,0xFE,0xFF,0xFE,0xF7,0x80,0x03,0xFF,0xFF,
  40          0xFF,0xFF,0xE0,0x0F,0xEF,0xEF,0xEF,0xEF,0xEF,0xEF,0xE0,0x0F,0xEF,0xEF,0xFF,0xFF,/*"吉",9*/
  41          /* (16 X 16 , 宋体 )*/
  42          0xFE,0xFF,0xFE,0xFF,0xFE,0xFF,0xFE,0xFF,0xFE,0xFF,0x00,0x01,0xFE,0xFF,0xFD,0x7F,
  43          0xFD,0x7F,0xFD,0xBF,0xFB,0xBF,0xFB,0xDF,0xF7,0xEF,0xEF,0xE7,0xDF,0xF1,0xBF,0xFB,/*"大",10*/
  44          /* (16 X 16 , 宋体 )*/
  45          0xFF,0xFD,0xFC,0x7D,0xC3,0xFD,0xFB,0xDD,0xFB,0xDD,0x80,0x5D,0xF3,0xDD,0xF3,0xDD,
  46          0xE9,0xDD,0xEA,0xDD,0xDA,0x5D,0xBA,0xDD,0x7B,0xFD,0xFB,0xED,0xFB,0xF5,0xFB,0xFB,/*"利",11*/
  47          /* (16 X 16 , 宋体 )*/
  48          0xEF,0xFF,0xF7,0xF1,0x80,0x8F,0xDD,0xBF,0xEB,0xBF,0x00,0x81,0xF7,0xB7,0xF7,0xB7,
  49          0x00,0xB7,0xF7,0xB7,0xD3,0xB7,0xD5,0x77,0xB5,0x77,0x76,0xF7,0xD5,0xF7,0xEF,0xF7,/*"新",12*/
  50          /* (16 X 16 , 宋体 )*/
  51          0xF7,0xFF,0xF0,0x03,0xEF,0x7F,0xEF,0x7F,0xDF,0x7F,0xB0,0x07,0x77,0x7F,0xF7,0x7F,
  52          0xF7,0x7F,0xF7,0x7F,0x00,0x01,0xFF,0x7F,0xFF,0x7F,0xFF,0x7F,0xFF,0x7F,0xFF,0x7F,/*"年",13*/
  53          /* (16 X 16 , 宋体 )*/
  54          0xDF,0x7F,0xDF,0x7F,0xDF,0x7F,0xC8,0x07,0x57,0x77,0x57,0x77,0x5F,0x77,0xD0,0x01,
C51 COMPILER V7.50   __辑_1                                                               04/05/2007 13:31:45 PAGE 2   

  55          0xDF,0x7F,0xDE,0xBF,0xDE,0xBF,0xDE,0xDF,0xDD,0xEF,0xDD,0xE7,0xDB,0xF1,0xD7,0xFB,/*"快",14*/
  56          /* (16 X 16 , 宋体 )*/
  57          0xFF,0xCF,0xFE,0x07,0xE0,0xFF,0xEF,0x7F,0xEF,0x7F,0xEF,0x7F,0xC0,0x03,0xEF,0x7F,
  58          0xF7,0x7F,0xF3,0x6F,0xE7,0x77,0xCF,0x73,0xDB,0x79,0xBD,0x7B,0xFE,0xFF,0xFF,0xFF,/*"乐",15*/
  59          /* (16 X 16 , 宋体 )*/
  60          
  61          };
  62          
  63          void delay()
  64          
  65          {
  66   1      unsigned char b; 
  67   1      for(b=30;b>0;b--); 
  68   1      }
  69          
  70          void sendbyte(unsigned char bbyte1) //发送
  71          {
  72   1      unsigned char i;
  73   1      for(i=0;i<8;i++)
  74   1      {
  75   2      
  76   2      Data=bbyte1&0x80; //取出最高位 
  77   2      CLK=0; CLK=1;
  78   2      bbyte1<<=1; //左移1 << to >> 
  79   2      } 
  80   1      }
  81          
  82          void main(void)
  83          { 
  84   1      
  85   1      unsigned char i;
  86   1      
  87   1      E=0; 
  88   1      while(1) 
  89   1      { 
  90   2      //显示汉字16×16
  91   2      P1=0xff;
  92   2      for(i=0;i<16;i++)
  93   2      { 
  94   3      
  95   3      sendbyte(hanzi1[4][i*2]);
  96   3      sendbyte(hanzi1[4][i*2+1]);
  97   3      sendbyte(hanzi1[5][i*2]);
  98   3      sendbyte(hanzi1[5][i*2+1]); 
  99   3      sendbyte(hanzi1[6][i*2]);
 100   3      sendbyte(hanzi1[6][i*2+1]);
 101   3      sendbyte(hanzi1[7][i*2]);
 102   3      sendbyte(hanzi1[7][i*2+1]);
 103   3      sendbyte(hanzi1[0][i*2]);
 104   3      sendbyte(hanzi1[0][i*2+1]);
 105   3      sendbyte(hanzi1[1][i*2]);
 106   3      sendbyte(hanzi1[1][i*2+1]); 
 107   3      sendbyte(hanzi1[2][i*2]);
 108   3      sendbyte(hanzi1[2][i*2+1]);
 109   3      sendbyte(hanzi1[3][i*2]);
 110   3      sendbyte(hanzi1[3][i*2+1]);
 111   3      sendbyte(hanzi1[8][i*2]);
 112   3      sendbyte(hanzi1[8][i*2+1]);
 113   3      sendbyte(hanzi1[9][i*2]);
 114   3      sendbyte(hanzi1[9][i*2+1]); 
 115   3      sendbyte(hanzi1[10][i*2]);
 116   3      sendbyte(hanzi1[10][i*2+1]);
C51 COMPILER V7.50   __辑_1                                                               04/05/2007 13:31:45 PAGE 3   

 117   3      sendbyte(hanzi1[11][i*2]);
 118   3      sendbyte(hanzi1[11][i*2+1]);
 119   3      sendbyte(hanzi1[12][i*2]);
 120   3      sendbyte(hanzi1[12][i*2+1]);
 121   3      sendbyte(hanzi1[13][i*2]);
 122   3      sendbyte(hanzi1[13][i*2+1]); 
 123   3      sendbyte(hanzi1[14][i*2]);
 124   3      sendbyte(hanzi1[14][i*2+1]);
 125   3      sendbyte(hanzi1[15][i*2]);
 126   3      sendbyte(hanzi1[15][i*2+1]);
 127   3      
 128   3      P1=i+1; 
 129   3      STR=1;STR=0;
 130   3      delay(); 
 131   3      }
 132   2      
 133   2      //delay(); delay();//
 134   2      
 135   2      
 136   2      }
 137   1      }
 138          


MODULE INFORMATION:   STATIC OVERLAYABLE
   CODE SIZE        =    571    ----
   CONSTANT SIZE    =    512    ----
   XDATA SIZE       =   ----    ----
   PDATA SIZE       =   ----    ----
   DATA SIZE        =   ----    ----
   IDATA SIZE       =   ----    ----
   BIT SIZE         =   ----    ----
END OF MODULE INFORMATION.


C51 COMPILATION COMPLETE.  0 WARNING(S),  0 ERROR(S)
