C51 COMPILER V7.10   MAINFUN                                                               10/05/2008 22:39:26 PAGE 1   


C51 COMPILER V7.10, COMPILATION OF MODULE MAINFUN
OBJECT MODULE PLACED IN mainfun.OBJ
COMPILER INVOKED BY: D:\Program Files\Keil\C51\BIN\C51.EXE mainfun.c BROWSE DEBUG OBJECTEXTEND

line level    source

   1          /*******************************************************************************
   2          *  日期:  2007-3-25                                                            *
   3          *  版本:  3.0                                                                  *
   4          *  *  邮箱: sxj1974@163.com                                                    *
   5          *  网站： http://www.51c51.com     http://www.8951.com    更多例程请登陆网站   *
   6          ********************************************************************************
   7          此例程学员更进一步地熟悉并掌握（存储芯片AT2402）的操作，有保存和读取操作                                   
   8          了解掌握I2C总线接口的工作原理及一般编程方法。
   9                                                                                          *                 
  10          具体操作：      第1个按钮数据增变化 第2个按钮数据减变化                                                    *
  11                      第3个按钮保存数据   第4个按钮读出数据                                                          *
  12                                                                                                                                                                     *                       
  13          希望学员认真体会消化此例程！                                                                                                                                                      
  14          ********************************************************************************/
  15          
  16          #include <REG52.H>
  17          #include <stdio.h>
  18          
  19          void delay(unsigned int i);    //函数声明
  20          
  21          
  22          char  code  MESSAGE[]= "RTC Time is :  ";
  23          
  24          
  25          unsigned char a;
  26          
  27          
  28          void sercon(void)
  29          {
  30   1              SCON = 0x50;            /* SCON: mode 1, 8-bit UART, enable rcvr        */
  31   1              TMOD|= 0x20;            /* TMOD: timer 1, mode 2, 8-bit reload          */
  32   1              PCON|= 0x80; 
  33   1              TH1= 0xFD;          /* TH1:  reload value for 9600 baud @ 11.0592MHz  */
  34   1              TR1= 1;             /* TR1:  timer 1 run  */
  35   1              //TI= 1;              /* TI:   set TI to send first char of UART */
  36   1              ES=1;
  37   1              EA=1;
  38   1       //     IE = 0x84;
  39   1      }
  40          
  41          main()
  42          {  
  43   1              sercon();
  44   1               delay(30);  
  45   1                
  46   1              while(1);
  47   1              {   a=0;
  48   2                 while(MESSAGE[a] != '\0')
  49   2                 {
  50   3                      SBUF = MESSAGE[a];
  51   3               while(!TI);                            // 等特数据传送
  52   3                       TI = 0;                                        // 清除数据传送标志
  53   3                      
  54   3                      a++;                                    // 下一个字符
  55   3                 }    
C51 COMPILER V7.10   MAINFUN                                                               10/05/2008 22:39:26 PAGE 2   

  56   2      
  57   2              
  58   2                        
  59   2               }
  60   1         
  61   1      }
  62          
  63          /**************************************************
  64                                                                                                    
  65                            延时处理程序                                                                                           
  66                                                                                                            
  67          **************************************************/
  68          
  69           void delay(unsigned int i)
  70          {
  71   1              unsigned char j;
  72   1              for(i; i > 0; i--)
  73   1                      for(j = 200; j > 0; j--) ;
  74   1      
  75   1      }
  76             
  77          
  78          
  79          
  80          
  81          
  82          
  83          


MODULE INFORMATION:   STATIC OVERLAYABLE
   CODE SIZE        =     52    ----
   CONSTANT SIZE    =     16    ----
   XDATA SIZE       =   ----    ----
   PDATA SIZE       =   ----    ----
   DATA SIZE        =      1    ----
   IDATA SIZE       =   ----    ----
   BIT SIZE         =   ----    ----
END OF MODULE INFORMATION.


C51 COMPILATION COMPLETE.  0 WARNING(S),  0 ERROR(S)
