C51 COMPILER V9.01   LED                                                                   06/05/2018 23:39:46 PAGE 1   


C51 COMPILER V9.01, COMPILATION OF MODULE LED
OBJECT MODULE PLACED IN led.OBJ
COMPILER INVOKED BY: C:\Keil\C51\BIN\C51.EXE led.c BROWSE DEBUG OBJECTEXTEND

line level    source

   1          #include<reg52.h>
   2          #define uint unsigned int
   3          #define uchar unsigned char
   4          
   5          sbit LCD_RS=P2^6;  //复位端 液晶           
   6          sbit LCD_RW=P2^5;        //写数据端液晶
   7          sbit LCD_EP=P2^7;        //使能端液晶 
   8          
   9          sbit key1=P2^0;//键盘1
  10          sbit key2=P2^1;//键盘2
  11          sbit key3=P2^2;//键盘3
  12          sbit key4=P2^3;//键盘4
  13          sbit Beep=P1^5;//蜂鸣器
  14          uint num,Num1,Num2;
  15          
  16          uchar shi_d,fen_d;
  17          uchar shi_c=8;
  18          uchar fen_c=0;
  19          
  20          uchar shi_wei[2]={0,0};
  21          uchar fen_wei[2]={0,0};
  22          uchar shi_weid[2]={0,0};
  23          uchar fen_weid[2]={0,0};
  24          uchar shi_weic[2]={0,0};
  25          uchar fen_weic[2]={0,0};
  26          bit flag0;
  27          bit flag1;
  28          bit flag2;
  29          bit flag3;
  30          
  31          
  32          uchar a,b,c,d,e,aa;
  33          
  34          uchar code table[]="  ";                          //设定开始显示的时间
  35          uchar code table1[]="  ";
  36          
  37          uchar miao=0;                   
  38          uchar fen=42;
  39          uchar shi=8;
  40          
  41          void delay(uint z)//延时
  42          {
  43   1              uint x,y;
  44   1              for(x=z;x>0;x--)
  45   1              for(y=110;y>0;y--);
  46   1      }
  47          void di()
  48          {
  49   1              Beep=1;
  50   1              delay(1000);
  51   1              Beep=0; 
  52   1      }
  53          void write_com(uchar com)//写指令函数液晶
  54          {
  55   1              LCD_RS=0;
C51 COMPILER V9.01   LED                                                                   06/05/2018 23:39:46 PAGE 2   

  56   1              LCD_RW=0;
  57   1              P0=com;
  58   1              delay(5);//E变为以有个时间
  59   1              LCD_EP=1;
  60   1              delay(5);//一个高脉冲
  61   1              LCD_EP=0;
  62   1              
  63   1      }
  64          void write_date(uchar date)//写数据函数液晶
  65          {
  66   1              LCD_RS=1;
  67   1              LCD_RW=0;
  68   1              P0=date;
  69   1              delay(5);//E变为yi有个时间
  70   1              LCD_EP=1;
  71   1              delay(5);//一个高脉冲
  72   1              LCD_EP=0;
  73   1      }
  74          void init()//初始化函数
  75          {
  76   1          TMOD=0x01;
  77   1          TH0=(65536-50000)/256;
  78   1          TL0=(65536-50000)%256;
  79   1          EA=1;
  80   1          ET0=1;
  81   1          TR0=1;
  82   1              LCD_EP=0;
  83   1              write_com(0x38);//显示模式
  84   1              write_com(0x0c);//打开显示，光标不开，不闪烁
  85   1              write_com(0x01);//清屏
  86   1              write_com(0x80);//数据指针初始化
  87   1      }
  88          
  89          void main()                                
  90          {
  91   1              
  92   1              
  93   1              
  94   1              
  95   1              
  96   1              //Beep=0;
  97   1              init();
  98   1      
  99   1      
 100   1      
 101   1              
 102   1              write_com(0x80);
 103   1              write_date('O');
 104   1              write_com(0x80+0x01);
 105   1              write_date('F');
 106   1              write_com(0x80+0x02);
 107   1              write_date('F');
 108   1              
 109   1      
 110   1              TR0=1;
 111   1              
 112   1          while(1)
 113   1              {
 114   2                      if(a==0)                                                         //正常运行时间
 115   2                      {
 116   3                              write_com(0x80+0x46);
 117   3                              for(num=0;num<2;num++)
C51 COMPILER V9.01   LED                                                                   06/05/2018 23:39:46 PAGE 3   

 118   3                              { write_date(0x30+shi_wei[num]);
 119   4                                delay(5);
 120   4                              }
 121   3                      
 122   3                              write_com(0x80+0x49);
 123   3                              for(num=0;num<2;num++)
 124   3                              { write_date(0x30+fen_wei[num]);
 125   4                                delay(5);
 126   4                              }
 127   3                              if(Num1<10&&flag0==0)
 128   3                              {
 129   4                                      write_com(0x80+0x48);
 130   4                                      write_date(':');
 131   4                                      flag0=1;
 132   4                              }
 133   3                              else if(Num1>9&&flag0==1)
 134   3                              {
 135   4                                      write_com(0x80+0x48);
 136   4                                      write_date(' ');
 137   4                                      flag0=0;
 138   4                              }
 139   3                  }
 140   2                      else if(a==1)                                                             //设置现在时间
 141   2                      {       
 142   3                              write_com(0x80);
 143   3                              write_date(' ');
 144   3                              write_com(0x80+0x01);
 145   3                              write_date(' ');
 146   3                              write_com(0x80+0x02);
 147   3                              write_date(' ');
 148   3                              write_com(0x80+0x48);
 149   3      
 150   3                              write_date(':');
 151   3                              if(Num1<10&&flag0==0)
 152   3                              {
 153   4                                      write_com(0x80+0x46);
 154   4                                      for(num=0;num<2;num++)
 155   4                                      { 
 156   5                                              write_date(0x30+shi_weid[num]);
 157   5                                              delay(5);
 158   5                                      }
 159   4                                                      
 160   4                                      write_com(0x80+0x49);
 161   4                                      for(num=0;num<2;num++)
 162   4                                      { 
 163   5                                              write_date(0x30+fen_weid[num]);
 164   5                                              delay(5);
 165   5                                      }
 166   4                                      flag0=1;
 167   4                              }
 168   3                              else if(Num1>9&&flag0==1)
 169   3                              {
 170   4                                      write_com(0x80+0x46);    
 171   4                                      for(num=0;num<2;num++)
 172   4                                      { 
 173   5                                              write_date(table[num]);
 174   5                                              delay(5);
 175   5                                      }
 176   4                                      write_com(0x80+0x49);    
 177   4                                      for(num=0;num<2;num++)
 178   4                                      { 
 179   5                                              write_date(table[num]);
C51 COMPILER V9.01   LED                                                                   06/05/2018 23:39:46 PAGE 4   

 180   5                                              delay(5);
 181   5                                      }
 182   4                                      flag0=0;
 183   4      
 184   4                                      write_com(0x80+0x48);
 185   4                                      write_date(':');
 186   4                              }               
 187   3                      }
 188   2                      else if(a==3)                                                                           //显示闹钟设置的时间
 189   2                      {
 190   3                      
 191   3                                      write_com(0x80+0x48);
 192   3                                      write_date(':');
 193   3                                      write_com(0x80+0x46);
 194   3                                      for(num=0;num<2;num++)
 195   3                                      { 
 196   4                                              write_date(0x30+shi_weic[num]);
 197   4                                              delay(5);
 198   4                                      }
 199   3                                                      
 200   3                                      write_com(0x80+0x49);
 201   3                                      for(num=0;num<2;num++)
 202   3                                      { 
 203   4                                              write_date(0x30+fen_weic[num]);
 204   4                                              delay(5);
 205   4                                      }
 206   3                      
 207   3                      }
 208   2      
 209   2      
 210   2      
 211   2                      else if(a==2)                                                                                            //设置闹钟的时间
 212   2                      {       
 213   3                              write_com(0x80+0x48);
 214   3                              write_date(':');
 215   3                              if(Num1<10&&flag0==0)
 216   3                              {
 217   4                                      write_com(0x80+0x46);
 218   4                                      for(num=0;num<2;num++)
 219   4                                      { 
 220   5                                              write_date(0x30+shi_weic[num]);
 221   5                                              delay(5);
 222   5                                      }
 223   4                                                      
 224   4                                      write_com(0x80+0x49);
 225   4                                      for(num=0;num<2;num++)
 226   4                                      { 
 227   5                                              write_date(0x30+fen_weic[num]);
 228   5                                              delay(5);
 229   5                                      }
 230   4                                      flag0=1;
 231   4                              }
 232   3                              else if(Num1>9&&flag0==1)
 233   3                              {
 234   4                                      write_com(0x80+0x46);    
 235   4                                      for(num=0;num<2;num++)
 236   4                                      { 
 237   5                                              write_date(table[num]);
 238   5                                              delay(5);
 239   5                                      }
 240   4                                      write_com(0x80+0x49);    
 241   4                                      for(num=0;num<2;num++)
C51 COMPILER V9.01   LED                                                                   06/05/2018 23:39:46 PAGE 5   

 242   4                                      { 
 243   5                                              write_date(table[num]);
 244   5                                              delay(5);
 245   5                                      }
 246   4                                      flag0=0;
 247   4      
 248   4                                      
 249   4                              }               
 250   3                      }
 251   2      
 252   2      
 253   2      
 254   2      
 255   2                      if(a==0&&key1==0)
 256   2                      {
 257   3                              while(key1==0)
 258   3                              {
 259   4                                      if(Num1<10&&flag0==0)
 260   4                                      {
 261   5                                              write_com(0x80+0x48);
 262   5                                              write_date(':');
 263   5                                              flag0=1;
 264   5                                      }
 265   4                                      else if(Num1>9&&flag0==1)
 266   4                                      {
 267   5                                              write_com(0x80+0x48);
 268   5                                              write_date(' ');
 269   5                                              flag0=0;
 270   5                                      }                       
 271   4                              }
 272   3                              a=1;
 273   3                              shi_d=shi;
 274   3                              fen_d=fen;      
 275   3                      }
 276   2      
 277   2      
 278   2      
 279   2                      if(a==0&&key2==0)
 280   2                      {
 281   3                              while(key2==0)
 282   3                              {
 283   4                                      if(Num1<10&&flag0==0)
 284   4                                      {
 285   5                                              write_com(0x80+0x48);
 286   5                                              write_date(':');
 287   5                                              flag0=1;
 288   5                                      }
 289   4                                      else if(Num1>9&&flag0==1)
 290   4                                      {
 291   5                                              write_com(0x80+0x48);
 292   5                                              write_date(' ');
 293   5                                              flag0=0;
 294   5                                      }                       
 295   4                              }
 296   3                              a=3;
 297   3                              //shi_c=shi;
 298   3                              //fen_c=fen;    
 299   3                      }
 300   2      
 301   2                      if(a==3&&key3==0)
 302   2                      {
 303   3                              while(key3==0);
C51 COMPILER V9.01   LED                                                                   06/05/2018 23:39:46 PAGE 6   

 304   3                              
 305   3                              a=2;
 306   3                              
 307   3                      }
 308   2      
 309   2      
 310   2      
 311   2      
 312   2      
 313   2                      if(a==1&&key1==0)
 314   2                      {
 315   3                              while(key1==0)
 316   3                              {
 317   4                                      if(Num1<10&&flag0==0)
 318   4                                      {
 319   5                                              write_com(0x80+0x46);
 320   5                                              for(num=0;num<2;num++)
 321   5                                              { 
 322   6                                                      write_date(0x30+shi_weid[num]);
 323   6                                                      delay(5);
 324   6                                              }
 325   5                                                              
 326   5                                              write_com(0x80+0x49);
 327   5                                              for(num=0;num<2;num++)
 328   5                                              { 
 329   6                                                      write_date(0x30+fen_weid[num]);
 330   6                                                      delay(5);
 331   6                                              }
 332   5                                              flag0=1;
 333   5                                      }
 334   4                                      else if(Num1>9&&flag0==1)
 335   4                                      {
 336   5                                              write_com(0x80+0x46);    
 337   5                                              for(num=0;num<2;num++)
 338   5                                              { 
 339   6                                                      write_date(table[num]);
 340   6                                                      delay(5);
 341   6                                              }
 342   5                                              write_com(0x80+0x49);    
 343   5                                              for(num=0;num<2;num++)
 344   5                                              { 
 345   6                                                      write_date(table[num]);
 346   6                                                      delay(5);
 347   6                                              }
 348   5                                              flag0=0;
 349   5              
 350   5                                              //write_com(0x80+0x48);
 351   5                                              //write_date(':');
 352   5                                      }                       
 353   4                              }
 354   3                              shi_d++;
 355   3                              if(shi_d>24)
 356   3                              shi_d=0;
 357   3                      }
 358   2      
 359   2                      if(a==1&&key2==0)
 360   2                      {
 361   3                              while(key2==0)
 362   3                              {
 363   4                                      if(Num1<10&&flag0==0)
 364   4                                      {
 365   5                                              write_com(0x80+0x46);
C51 COMPILER V9.01   LED                                                                   06/05/2018 23:39:46 PAGE 7   

 366   5                                              for(num=0;num<2;num++)
 367   5                                              { 
 368   6                                                      write_date(0x30+shi_weid[num]);
 369   6                                                      delay(5);
 370   6                                              }
 371   5                                                              
 372   5                                              write_com(0x80+0x49);
 373   5                                              for(num=0;num<2;num++)
 374   5                                              { 
 375   6                                                      write_date(0x30+fen_weid[num]);
 376   6                                                      delay(5);
 377   6                                              }
 378   5                                              flag0=1;
 379   5                                      }
 380   4                                      else if(Num1>9&&flag0==1)
 381   4                                      {
 382   5                                              write_com(0x80+0x46);    
 383   5                                              for(num=0;num<2;num++)
 384   5                                              { 
 385   6                                                      write_date(table[num]);
 386   6                                                      delay(5);
 387   6                                              }
 388   5                                              write_com(0x80+0x49);    
 389   5                                              for(num=0;num<2;num++)
 390   5                                              { 
 391   6                                                      write_date(table[num]);
 392   6                                                      delay(5);
 393   6                                              }
 394   5                                              flag0=0;
 395   5              
 396   5                                              //write_com(0x80+0x48);
 397   5                                              //write_date(':');
 398   5                                      }                       
 399   4                              }
 400   3                              fen_d++;
 401   3                              if(fen_d>59)
 402   3                              fen_d=0;
 403   3                      }
 404   2                      if(a==1&&key3==0)
 405   2                      {
 406   3                              while(key3==0)
 407   3                              {
 408   4                                      if(Num1<10&&flag0==0)
 409   4                                      {
 410   5                                              write_com(0x80+0x46);
 411   5                                              for(num=0;num<2;num++)
 412   5                                              { 
 413   6                                                      write_date(0x30+shi_weid[num]);
 414   6                                                      delay(5);
 415   6                                              }
 416   5                                                              
 417   5                                              write_com(0x80+0x49);
 418   5                                              for(num=0;num<2;num++)
 419   5                                              { 
 420   6                                                      write_date(0x30+fen_weid[num]);
 421   6                                                      delay(5);
 422   6                                              }
 423   5                                              flag0=1;
 424   5                                      }
 425   4                                      else if(Num1>9&&flag0==1)
 426   4                                      {
 427   5                                              write_com(0x80+0x46);    
C51 COMPILER V9.01   LED                                                                   06/05/2018 23:39:46 PAGE 8   

 428   5                                              for(num=0;num<2;num++)
 429   5                                              { 
 430   6                                                      write_date(table[num]);
 431   6                                                      delay(5);
 432   6                                              }
 433   5                                              write_com(0x80+0x49);    
 434   5                                              for(num=0;num<2;num++)
 435   5                                              { 
 436   6                                                      write_date(table[num]);
 437   6                                                      delay(5);
 438   6                                              }
 439   5                                              flag0=0;
 440   5              
 441   5                                              //write_com(0x80+0x48);
 442   5                                              //write_date(':');
 443   5                                      }                       
 444   4                              }
 445   3                              a=0;
 446   3                              if(flag1==1)
 447   3                              {
 448   4                                      write_com(0x80);
 449   4                                      write_date('O');
 450   4                                      write_com(0x80+0x01);
 451   4                                      write_date('N');
 452   4                                      write_com(0x80+0x02);
 453   4                                      write_date(' ');                        
 454   4                              }
 455   3                              else
 456   3                              {
 457   4                                      write_com(0x80);
 458   4                                      write_date('O');
 459   4                                      write_com(0x80+0x01);
 460   4                                      write_date('F');
 461   4                                      write_com(0x80+0x02);
 462   4                                      write_date('F');
 463   4                              }
 464   3      
 465   3                              miao=0;
 466   3                              shi=shi_d;
 467   3                              fen=fen_d;
 468   3                      }
 469   2      
 470   2      
 471   2      
 472   2      
 473   2      
 474   2                      if(a==2&&key1==0)
 475   2                      {
 476   3                              while(key1==0)
 477   3                              {
 478   4                                      if(Num1<10&&flag0==0)
 479   4                                      {
 480   5                                              write_com(0x80+0x46);
 481   5                                              for(num=0;num<2;num++)
 482   5                                              { 
 483   6                                                      write_date(0x30+shi_weic[num]);
 484   6                                                      delay(5);
 485   6                                              }
 486   5                                                              
 487   5                                              write_com(0x80+0x49);
 488   5                                              for(num=0;num<2;num++)
 489   5                                              { 
C51 COMPILER V9.01   LED                                                                   06/05/2018 23:39:46 PAGE 9   

 490   6                                                      write_date(0x30+fen_weic[num]);
 491   6                                                      delay(5);
 492   6                                              }
 493   5                                              flag0=1;
 494   5                                      }
 495   4                                      else if(Num1>9&&flag0==1)
 496   4                                      {
 497   5                                              write_com(0x80+0x46);    
 498   5                                              for(num=0;num<2;num++)
 499   5                                              { 
 500   6                                                      write_date(table[num]);
 501   6                                                      delay(5);
 502   6                                              }
 503   5                                              write_com(0x80+0x49);    
 504   5                                              for(num=0;num<2;num++)
 505   5                                              { 
 506   6                                                      write_date(table[num]);
 507   6                                                      delay(5);
 508   6                                              }
 509   5                                              flag0=0;
 510   5              
 511   5                                              //write_com(0x80+0x48);
 512   5                                              //write_date(':');
 513   5                                      }                       
 514   4                              }
 515   3                              shi_c++;
 516   3                              if(shi_c>24)
 517   3                              shi_c=0;
 518   3                      }
 519   2      
 520   2                      if(a==2&&key2==0)
 521   2                      {
 522   3                              while(key2==0)
 523   3                              {
 524   4                                      if(Num1<10&&flag0==0)
 525   4                                      {
 526   5                                              write_com(0x80+0x46);
 527   5                                              for(num=0;num<2;num++)
 528   5                                              { 
 529   6                                                      write_date(0x30+shi_weic[num]);
 530   6                                                      delay(5);
 531   6                                              }
 532   5                                                              
 533   5                                              write_com(0x80+0x49);
 534   5                                              for(num=0;num<2;num++)
 535   5                                              { 
 536   6                                                      write_date(0x30+fen_weic[num]);
 537   6                                                      delay(5);
 538   6                                              }
 539   5                                              flag0=1;
 540   5                                      }
 541   4                                      else if(Num1>9&&flag0==1)
 542   4                                      {
 543   5                                              write_com(0x80+0x46);    
 544   5                                              for(num=0;num<2;num++)
 545   5                                              { 
 546   6                                                      write_date(table[num]);
 547   6                                                      delay(5);
 548   6                                              }
 549   5                                              write_com(0x80+0x49);    
 550   5                                              for(num=0;num<2;num++)
 551   5                                              { 
C51 COMPILER V9.01   LED                                                                   06/05/2018 23:39:46 PAGE 10  

 552   6                                                      write_date(table[num]);
 553   6                                                      delay(5);
 554   6                                              }
 555   5                                              flag0=0;
 556   5              
 557   5                                              //write_com(0x80+0x48);
 558   5                                              //write_date(':');
 559   5                                      }                       
 560   4                              }
 561   3                              fen_c++;
 562   3                              if(fen_c>59)
 563   3                              fen_c=0;
 564   3                      }
 565   2      
 566   2      
 567   2                      if(a==2&&key3==0)
 568   2                      {
 569   3                              while(key3==0)
 570   3                              {
 571   4                                      if(Num1<10&&flag0==0)
 572   4                                      {
 573   5                                              write_com(0x80+0x46);
 574   5                                              for(num=0;num<2;num++)
 575   5                                              { 
 576   6                                                      write_date(0x30+shi_weic[num]);
 577   6                                                      delay(5);
 578   6                                              }
 579   5                                                              
 580   5                                              write_com(0x80+0x49);
 581   5                                              for(num=0;num<2;num++)
 582   5                                              { 
 583   6                                                      write_date(0x30+fen_weic[num]);
 584   6                                                      delay(5);
 585   6                                              }
 586   5                                              flag0=1;
 587   5                                      }
 588   4                                      else if(Num1>9&&flag0==1)
 589   4                                      {
 590   5                                              write_com(0x80+0x46);    
 591   5                                              for(num=0;num<2;num++)
 592   5                                              { 
 593   6                                                      write_date(table[num]);
 594   6                                                      delay(5);
 595   6                                              }
 596   5                                              write_com(0x80+0x49);    
 597   5                                              for(num=0;num<2;num++)
 598   5                                              { 
 599   6                                                      write_date(table[num]);
 600   6                                                      delay(5);
 601   6                                              }
 602   5                                              flag0=0;
 603   5              
 604   5                                              //write_com(0x80+0x48);
 605   5                                              //write_date(':');
 606   5                                      }                       
 607   4                              }
 608   3                              a=0;
 609   3                              
 610   3                      
 611   3                      }
 612   2      
 613   2      
C51 COMPILER V9.01   LED                                                                   06/05/2018 23:39:46 PAGE 11  

 614   2      
 615   2      
 616   2      
 617   2                      if(a==0&&key4==0)
 618   2                      {
 619   3                              while(key4==0)
 620   3                              {
 621   4                                      if(Num1<10&&flag0==0)
 622   4                                      {
 623   5                                              write_com(0x80+0x48);
 624   5                                              write_date(':');
 625   5                                              flag0=1;
 626   5                                      }
 627   4                                      else if(Num1>9&&flag0==1)
 628   4                                      {
 629   5                                              write_com(0x80+0x48);
 630   5                                              write_date(' ');
 631   5                                              flag0=0;
 632   5                                      }                       
 633   4                              } 
 634   3                              flag1=~flag1;
 635   3                              if(flag1==1)
 636   3                              {
 637   4                                      write_com(0x80);
 638   4                                      write_date('O');
 639   4                                      write_com(0x80+0x01);
 640   4                                      write_date('N');
 641   4                                      write_com(0x80+0x02);
 642   4                                      write_date(' '); 
 643   4                                      
 644   4                                      aa=0;
 645   4                                      c=3;                    
 646   4                              }
 647   3                              else
 648   3                              {
 649   4                                      write_com(0x80);
 650   4                                      write_date('O');
 651   4                                      write_com(0x80+0x01);
 652   4                                      write_date('F');
 653   4                                      write_com(0x80+0x02);
 654   4                                      write_date('F');
 655   4                                      aa=0;
 656   4                                      c=1;
 657   4                              }       
 658   3                      }
 659   2      
 660   2                      if(shi_c==shi&&fen_c==fen&&miao==0&&a==0&&flag1==1)
 661   2                      {
 662   3                              aa=0;
 663   3                              c=180;//三分钟闹铃
 664   3                              flag3=1;
 665   3      
 666   3                      }
 667   2                      if(flag3==1&&key4==0)
 668   2                      {
 669   3                              flag3=0;
 670   3                              Beep=0;
 671   3                              flag2=0;
 672   3                              
 673   3                              aa=0;
 674   3                              c=0;
 675   3                      }
C51 COMPILER V9.01   LED                                                                   06/05/2018 23:39:46 PAGE 12  

 676   2      
 677   2      
 678   2              }
 679   1      }                                                       
 680          void time() interrupt 1 //中断函数
 681          {
 682   1              TH0=(65536-45872)/256;
 683   1              TL0=(65536-45872)%256;//进入中断装初值
 684   1      
 685   1              if(flag2==1)
 686   1              Beep=~Beep;
 687   1              else
 688   1              Beep=0;
 689   1              aa++;
 690   1              if(c)
 691   1              {
 692   2                      if(aa<6)
 693   2                      flag2=1;
 694   2                      else if(aa<20)
 695   2                      flag2=0;
 696   2                      else
 697   2                      {
 698   3                              c--;
 699   3                              aa=0;
 700   3                      }
 701   2              
 702   2              
 703   2              }
 704   1              else
 705   1              {
 706   2                      aa=0;
 707   2                      
 708   2              }
 709   1      
 710   1              Num1++;
 711   1              if(Num1>19)
 712   1              {
 713   2                      Num1=0;
 714   2                      miao++;
 715   2                      if(miao>59)
 716   2                      {
 717   3                              miao=0;
 718   3                              fen++;
 719   3                              if(fen>59)
 720   3                              {
 721   4                                      fen=0;
 722   4                                      shi++;
 723   4                                      if(shi>24)
 724   4                                      shi=0;
 725   4                              }
 726   3      
 727   3      
 728   3                      }
 729   2              
 730   2              
 731   2              }
 732   1      
 733   1      
 734   1      
 735   1              shi_wei[0]=shi/10;
 736   1              shi_wei[1]=shi%10;
 737   1              fen_wei[0]=fen/10;
C51 COMPILER V9.01   LED                                                                   06/05/2018 23:39:46 PAGE 13  

 738   1              fen_wei[1]=fen%10;
 739   1      
 740   1              shi_weid[0]=shi_d/10;
 741   1              shi_weid[1]=shi_d%10;
 742   1              fen_weid[0]=fen_d/10;
 743   1              fen_weid[1]=fen_d%10;
 744   1      
 745   1              shi_weic[0]=shi_c/10;
 746   1              shi_weic[1]=shi_c%10;
 747   1              fen_weic[0]=fen_c/10;
 748   1              fen_weic[1]=fen_c%10;
 749   1      
 750   1      }
 751                          
 752                          


MODULE INFORMATION:   STATIC OVERLAYABLE
   CODE SIZE        =   2559    ----
   CONSTANT SIZE    =      6    ----
   XDATA SIZE       =   ----    ----
   PDATA SIZE       =   ----    ----
   DATA SIZE        =     31    ----
   IDATA SIZE       =   ----    ----
   BIT SIZE         =      4    ----
END OF MODULE INFORMATION.


C51 COMPILATION COMPLETE.  0 WARNING(S),  0 ERROR(S)
