Microsoft (R) Macro Assembler Version 5.00 
Copyright (C) Microsoft Corp 1981-1985, 1987.  All rights reserved.

End of file encountered on input file
08AOYU~1.asm(1340): warning A4085: End of file, no END directive
08AOYU~1.asm(4): error A2062: Missing or unreachable CS
08AOYU~1.asm(6): error A2062: Missing or unreachable CS
08AOYU~1.asm(6): error A2086: Data emitted with no segment
08AOYU~1.asm(7): error A2062: Missing or unreachable CS
08AOYU~1.asm(9): error A2062: Missing or unreachable CS
08AOYU~1.asm(10): error A2105: Expected: instruction or directive
08AOYU~1.asm(11): error A2009: Symbol not defined: Q00JZ
08AOYU~1.asm(12): error A2105: Expected: instruction or directive
08AOYU~1.asm(14): error A2062: Missing or unreachable CS
08AOYU~1.asm(15): error A2009: Symbol not defined: INC
08AOYU~1.asm(16): error A2009: Symbol not defined: A
08AOYU~1.asm(17): error A2105: Expected: instruction or directive
08AOYU~1.asm(18): error A2009: Symbol not defined: Q00JZ
08AOYU~1.asm(19): error A2105: Expected: instruction or directive
08AOYU~1.asm(21): error A2062: Missing or unreachable CS
08AOYU~1.asm(22): error A2009: Symbol not defined: INC
08AOYU~1.asm(23): error A2009: Symbol not defined: A
08AOYU~1.asm(24): error A2105: Expected: instruction or directive
08AOYU~1.asm(25): error A2009: Symbol not defined: Q00JZ
08AOYU~1.asm(26): error A2105: Expected: instruction or directive
08AOYU~1.asm(28): error A2062: Missing or unreachable CS
08AOYU~1.asm(29): error A2009: Symbol not defined: INC
08AOYU~1.asm(30): error A2009: Symbol not defined: A
08AOYU~1.asm(31): error A2105: Expected: instruction or directive
08AOYU~1.asm(32): error A2009: Symbol not defined: Q00JZ
08AOYU~1.asm(33): error A2105: Expected: instruction or directive
08AOYU~1.asm(35): error A2062: Missing or unreachable CS
08AOYU~1.asm(36): error A2009: Symbol not defined: DEC
08AOYU~1.asm(37): error A2009: Symbol not defined: A
08AOYU~1.asm(38): error A2009: Symbol not defined: Q00JZ
08AOYU~1.asm(39): error A2009: Symbol not defined: INC
08AOYU~1.asm(40): error A2009: Symbol not defined: A
08AOYU~1.asm(41): error A2105: Expected: instruction or directive
08AOYU~1.asm(42): error A2009: Symbol not defined: Q00JZ
08AOYU~1.asm(43): error A2105: Expected: instruction or directive
08AOYU~1.asm(45): error A2062: Missing or unreachable CS
08AOYU~1.asm(46): error A2009: Symbol not defined: INC
08AOYU~1.asm(47): error A2009: Symbol not defined: RET
08AOYU~1.asm(49): error A2062: Missing or unreachable CS
08AOYU~1.asm(50): error A2009: Symbol not defined: Q00JZ
08AOYU~1.asm(51): error A2105: Expected: instruction or directive
08AOYU~1.asm(53): error A2062: Missing or unreachable CS
08AOYU~1.asm(54): error A2009: Symbol not defined: MOV
08AOYU~1.asm(55): error A2009: Symbol not defined: MOV
08AOYU~1.asm(56): error A2009: Symbol not defined: A
08AOYU~1.asm(57): error A2009: Symbol not defined: Q00JNZ
08AOYU~1.asm(58): error A2009: Symbol not defined: R7
08AOYU~1.asm(59): error A2105: Expected: instruction or directive
08AOYU~1.asm(60): error A2062: Missing or unreachable CS
08AOYU~1.asm(61): error A2062: Missing or unreachable CS
08AOYU~1.asm(62): error A2009: Symbol not defined: Q00JNZ
08AOYU~1.asm(63): error A2009: Symbol not defined: R6
08AOYU~1.asm(64): error A2105: Expected: instruction or directive
08AOYU~1.asm(65): error A2062: Missing or unreachable CS
08AOYU~1.asm(66): error A2062: Missing or unreachable CS
08AOYU~1.asm(67): error A2105: Expected: instruction or directive
08AOYU~1.asm(68): error A2009: Symbol not defined: R7
08AOYU~1.asm(69): error A2009: Symbol not defined: A
08AOYU~1.asm(70): error A2009: Symbol not defined: Q00JNZ
08AOYU~1.asm(71): error A2009: Symbol not defined: R6
08AOYU~1.asm(72): error A2105: Expected: instruction or directive
08AOYU~1.asm(73): error A2062: Missing or unreachable CS
08AOYU~1.asm(74): error A2062: Missing or unreachable CS
08AOYU~1.asm(75): error A2105: Expected: instruction or directive
08AOYU~1.asm(76): error A2009: Symbol not defined: R7
08AOYU~1.asm(77): error A2009: Symbol not defined: A
08AOYU~1.asm(78): error A2009: Symbol not defined: Q00JNZ
08AOYU~1.asm(79): error A2009: Symbol not defined: R6
08AOYU~1.asm(80): error A2105: Expected: instruction or directive
08AOYU~1.asm(81): error A2062: Missing or unreachable CS
08AOYU~1.asm(82): error A2062: Missing or unreachable CS
08AOYU~1.asm(83): error A2105: Expected: instruction or directive
08AOYU~1.asm(84): error A2009: Symbol not defined: Q00JNZ
08AOYU~1.asm(85): error A2009: Symbol not defined: DEC
08AOYU~1.asm(86): error A2009: Symbol not defined: A
08AOYU~1.asm(87): error A2105: Expected: instruction or directive
08AOYU~1.asm(88): error A2105: Expected: instruction or directive
08AOYU~1.asm(89): error A2009: Symbol not defined: MOV
08AOYU~1.asm(90): error A2009: Symbol not defined: DEC
08AOYU~1.asm(91): error A2009: Symbol not defined: A
08AOYU~1.asm(92): error A2105: Expected: instruction or directive
08AOYU~1.asm(93): error A2105: Expected: instruction or directive
08AOYU~1.asm(94): error A2009: Symbol not defined: MOV
08AOYU~1.asm(95): error A2009: Symbol not defined: DEC
08AOYU~1.asm(96): error A2009: Symbol not defined: A
08AOYU~1.asm(97): error A2105: Expected: instruction or directive
08AOYU~1.asm(98): error A2105: Expected: instruction or directive
08AOYU~1.asm(99): error A2009: Symbol not defined: MOV
08AOYU~1.asm(100): error A2009: Symbol not defined: DEC
08AOYU~1.asm(101): error A2009: Symbol not defined: A
08AOYU~1.asm(102): error A2105: Expected: instruction or directive
08AOYU~1.asm(103): error A2105: Expected: instruction or directive
08AOYU~1.asm(104): error A2009: Symbol not defined: MOV
08AOYU~1.asm(105): error A2062: Missing or unreachable CS
08AOYU~1.asm(106): error A2105: Expected: instruction or directive
08AOYU~1.asm(107): error A2009: Symbol not defined: R7
08AOYU~1.asm(108): error A2105: Expected: instruction or directive
08AOYU~1.asm(109): error A2009: Symbol not defined: Q01JNZ
08AOYU~1.asm(110): error A2009: Symbol not defined: DEC
08AOYU~1.asm(111): error A2009: Symbol not defined: A
08AOYU~1.asm(112): error A2009: Symbol not defined: Q00JZ
08AOYU~1.asm(113): error A2009: Symbol not defined: INC
08AOYU~1.asm(114): error A2009: Symbol not defined: A
08AOYU~1.asm(115): error A2105: Expected: instruction or directive
08AOYU~1.asm(116): error A2009: Symbol not defined: Q00JZ
08AOYU~1.asm(117): error A2105: Expected: instruction or directive
08AOYU~1.asm(119): error A2062: Missing or unreachable CS
08AOYU~1.asm(120): error A2062: Missing or unreachable CS
08AOYU~1.asm(121): error A2009: Symbol not defined: Q00JZ
08AOYU~1.asm(122): error A2105: Expected: instruction or directive
08AOYU~1.asm(124): error A2062: Missing or unreachable CS
08AOYU~1.asm(125): error A2009: Symbol not defined: MOV1H
08AOYU~1.asm(126): error A2009: Symbol not defined: MOV
08AOYU~1.asm(127): error A2009: Symbol not defined: DEC
08AOYU~1.asm(128): error A2009: Symbol not defined: A
08AOYU~1.asm(129): error A2009: Symbol not defined: Q00JZ
08AOYU~1.asm(130): error A2009: Symbol not defined: INC
08AOYU~1.asm(131): error A2009: Symbol not defined: A
08AOYU~1.asm(132): error A2105: Expected: instruction or directive
08AOYU~1.asm(133): error A2009: Symbol not defined: Q00JZ
08AOYU~1.asm(134): error A2105: Expected: instruction or directive
08AOYU~1.asm(136): error A2062: Missing or unreachable CS
08AOYU~1.asm(138): error A2062: Missing or unreachable CS
08AOYU~1.asm(139): error A2009: Symbol not defined: Q01JZ
08AOYU~1.asm(140): error A2105: Expected: instruction or directive
08AOYU~1.asm(142): error A2062: Missing or unreachable CS
08AOYU~1.asm(143): error A2009: Symbol not defined: MOV1H
08AOYU~1.asm(144): error A2009: Symbol not defined: MOV
08AOYU~1.asm(145): error A2009: Symbol not defined: INC
08AOYU~1.asm(146): error A2009: Symbol not defined: A
08AOYU~1.asm(147): error A2105: Expected: instruction or directive
08AOYU~1.asm(148): error A2009: Symbol not defined: Q01JZ
08AOYU~1.asm(149): error A2105: Expected: instruction or directive
08AOYU~1.asm(151): error A2062: Missing or unreachable CS
08AOYU~1.asm(152): error A2009: Symbol not defined: INC
08AOYU~1.asm(153): error A2009: Symbol not defined: A
08AOYU~1.asm(154): error A2105: Expected: instruction or directive
08AOYU~1.asm(155): error A2009: Symbol not defined: Q01JZ
08AOYU~1.asm(156): error A2105: Expected: instruction or directive
08AOYU~1.asm(158): error A2062: Missing or unreachable CS
08AOYU~1.asm(159): error A2009: Symbol not defined: INC
08AOYU~1.asm(160): error A2009: Symbol not defined: A
08AOYU~1.asm(161): error A2105: Expected: instruction or directive
08AOYU~1.asm(162): error A2009: Symbol not defined: Q01JZ
08AOYU~1.asm(163): error A2105: Expected: instruction or directive
08AOYU~1.asm(165): error A2062: Missing or unreachable CS
08AOYU~1.asm(166): error A2009: Symbol not defined: INC
08AOYU~1.asm(167): error A2009: Symbol not defined: A
08AOYU~1.asm(168): error A2105: Expected: instruction or directive
08AOYU~1.asm(169): error A2009: Symbol not defined: Q01JZ
08AOYU~1.asm(170): error A2105: Expected: instruction or directive
08AOYU~1.asm(172): error A2062: Missing or unreachable CS
08AOYU~1.asm(173): error A2009: Symbol not defined: RET
08AOYU~1.asm(175): error A2062: Missing or unreachable CS
08AOYU~1.asm(176): error A2105: Expected: instruction or directive
08AOYU~1.asm(177): error A2009: Symbol not defined: Q01JNZ
08AOYU~1.asm(178): error A2105: Expected: instruction or directive
08AOYU~1.asm(180): error A2062: Missing or unreachable CS
08AOYU~1.asm(181): error A2009: Symbol not defined: A
08AOYU~1.asm(182): error A2009: Symbol not defined: Q01JZ
08AOYU~1.asm(183): error A2009: Symbol not defined: INC
08AOYU~1.asm(184): error A2009: Symbol not defined: A
08AOYU~1.asm(185): error A2105: Expected: instruction or directive
08AOYU~1.asm(186): error A2009: Symbol not defined: Q01JNZ
08AOYU~1.asm(187): error A2062: Missing or unreachable CS
08AOYU~1.asm(188): error A2009: Symbol not defined: INC
08AOYU~1.asm(189): error A2009: Symbol not defined: RET
08AOYU~1.asm(191): error A2062: Missing or unreachable CS
08AOYU~1.asm(192): error A2009: Symbol not defined: Q01JNZ
08AOYU~1.asm(193): error A2009: Symbol not defined: A
08AOYU~1.asm(194): error A2105: Expected: instruction or directive
08AOYU~1.asm(195): error A2009: Symbol not defined: A
08AOYU~1.asm(196): error A2105: Expected: instruction or directive
08AOYU~1.asm(197): error A2009: Symbol not defined: MOVCH
08AOYU~1.asm(198): error A2105: Expected: instruction or directive
08AOYU~1.asm(199): error A2062: Missing or unreachable CS
08AOYU~1.asm(200): error A2105: Expected: instruction or directive
08AOYU~1.asm(201): error A2009: Symbol not defined: MOVDH
08AOYU~1.asm(202): error A2105: Expected: instruction or directive
08AOYU~1.asm(203): error A2062: Missing or unreachable CS
08AOYU~1.asm(204): error A2062: Missing or unreachable CS
08AOYU~1.asm(205): error A2105: Expected: instruction or directive
08AOYU~1.asm(206): error A2009: Symbol not defined: MOV
08AOYU~1.asm(207): error A2062: Missing or unreachable CS
08AOYU~1.asm(208): error A2009: Symbol not defined: A
08AOYU~1.asm(209): error A2009: Symbol not defined: Q01JZ
08AOYU~1.asm(210): error A2009: Symbol not defined: INC
08AOYU~1.asm(211): error A2009: Symbol not defined: A
08AOYU~1.asm(212): error A2105: Expected: instruction or directive
08AOYU~1.asm(213): error A2009: Symbol not defined: Q01JNZ
08AOYU~1.asm(214): error A2062: Missing or unreachable CS
08AOYU~1.asm(215): error A2009: Symbol not defined: INC
08AOYU~1.asm(216): error A2009: Symbol not defined: RET
08AOYU~1.asm(218): error A2062: Missing or unreachable CS
08AOYU~1.asm(219): error A2009: Symbol not defined: Q01JNZ
08AOYU~1.asm(220): error A2009: Symbol not defined: MOVCH
08AOYU~1.asm(221): error A2009: Symbol not defined: MOV1H
08AOYU~1.asm(222): error A2009: Symbol not defined: MOV
08AOYU~1.asm(223): error A2009: Symbol not defined: INC
08AOYU~1.asm(224): error A2009: Symbol not defined: A
08AOYU~1.asm(225): error A2105: Expected: instruction or directive
08AOYU~1.asm(226): error A2105: Expected: instruction or directive
08AOYU~1.asm(227): error A2009: Symbol not defined: MOV
08AOYU~1.asm(228): error A2009: Symbol not defined: INC
08AOYU~1.asm(229): error A2009: Symbol not defined: A
08AOYU~1.asm(230): error A2105: Expected: instruction or directive
08AOYU~1.asm(231): error A2105: Expected: instruction or directive
08AOYU~1.asm(232): error A2009: Symbol not defined: MOV
08AOYU~1.asm(233): error A2009: Symbol not defined: INC
08AOYU~1.asm(234): error A2009: Symbol not defined: A
08AOYU~1.asm(235): error A2105: Expected: instruction or directive
08AOYU~1.asm(236): error A2105: Expected: instruction or directive
08AOYU~1.asm(237): error A2009: Symbol not defined: MOV
08AOYU~1.asm(238): error A2009: Symbol not defined: INC
08AOYU~1.asm(239): error A2009: Symbol not defined: A
08AOYU~1.asm(240): error A2105: Expected: instruction or directive
08AOYU~1.asm(241): error A2105: Expected: instruction or directive
08AOYU~1.asm(242): error A2009: Symbol not defined: MOV
08AOYU~1.asm(243): error A2062: Missing or unreachable CS
08AOYU~1.asm(245): error A2062: Missing or unreachable CS
08AOYU~1.asm(246): error A2009: Symbol not defined: MOVH
08AOYU~1.asm(247): error A2062: Missing or unreachable CS
08AOYU~1.asm(248): error A2009: Symbol not defined: A
08AOYU~1.asm(249): error A2105: Expected: instruction or directive
08AOYU~1.asm(250): error A2009: Symbol not defined: A
08AOYU~1.asm(251): error A2009: Symbol not defined: A
08AOYU~1.asm(252): error A2009: Symbol not defined: A
08AOYU~1.asm(253): error A2009: Symbol not defined: DPLMOV
08AOYU~1.asm(254): error A2105: Expected: instruction or directive
08AOYU~1.asm(255): error A2105: Expected: instruction or directive
08AOYU~1.asm(256): error A2009: Symbol not defined: DPHMOV
08AOYU~1.asm(257): error A2009: Symbol not defined: A
08AOYU~1.asm(258): error A2105: Expected: instruction or directive
08AOYU~1.asm(259): error A2009: Symbol not defined: DPTMOV0BFFFH
08AOYU~1.asm(260): error A2105: Expected: instruction or directive
08AOYU~1.asm(261): error A2009: Symbol not defined: DPTMOV7FFFH
08AOYU~1.asm(262): error A2009: Symbol not defined: A
08AOYU~1.asm(263): error A2105: Expected: instruction or directive
08AOYU~1.asm(264): error A2009: Symbol not defined: A
08AOYU~1.asm(265): error A2009: Symbol not defined: A
08AOYU~1.asm(266): error A2009: Symbol not defined: A
08AOYU~1.asm(267): error A2009: Symbol not defined: DPLMOV
08AOYU~1.asm(268): error A2105: Expected: instruction or directive
08AOYU~1.asm(269): error A2105: Expected: instruction or directive
08AOYU~1.asm(270): error A2009: Symbol not defined: DPHMOV
08AOYU~1.asm(271): error A2009: Symbol not defined: A
08AOYU~1.asm(272): error A2105: Expected: instruction or directive
08AOYU~1.asm(273): error A2009: Symbol not defined: DPTMOV0BFFFH
08AOYU~1.asm(274): error A2105: Expected: instruction or directive
08AOYU~1.asm(275): error A2009: Symbol not defined: DPTMOV7FFFH
08AOYU~1.asm(276): error A2009: Symbol not defined: A
08AOYU~1.asm(277): error A2105: Expected: instruction or directive
08AOYU~1.asm(278): error A2009: Symbol not defined: A
08AOYU~1.asm(279): error A2009: Symbol not defined: A
08AOYU~1.asm(280): error A2009: Symbol not defined: A
08AOYU~1.asm(281): error A2009: Symbol not defined: DPLMOV
08AOYU~1.asm(282): error A2105: Expected: instruction or directive
08AOYU~1.asm(283): error A2105: Expected: instruction or directive
08AOYU~1.asm(284): error A2009: Symbol not defined: DPHMOV
08AOYU~1.asm(285): error A2009: Symbol not defined: A
08AOYU~1.asm(286): error A2105: Expected: instruction or directive
08AOYU~1.asm(287): error A2105: Expected: instruction or directive
08AOYU~1.asm(288): error A2009: Symbol not defined: DPTMOV0BFFFH
08AOYU~1.asm(289): error A2105: Expected: instruction or directive
08AOYU~1.asm(290): error A2009: Symbol not defined: DPTMOV7FFFH
08AOYU~1.asm(291): error A2009: Symbol not defined: A
08AOYU~1.asm(292): error A2105: Expected: instruction or directive
08AOYU~1.asm(293): error A2009: Symbol not defined: A
08AOYU~1.asm(294): error A2009: Symbol not defined: A
08AOYU~1.asm(295): error A2009: Symbol not defined: A
08AOYU~1.asm(296): error A2009: Symbol not defined: DPLMOV
08AOYU~1.asm(297): error A2105: Expected: instruction or directive
08AOYU~1.asm(298): error A2105: Expected: instruction or directive
08AOYU~1.asm(299): error A2009: Symbol not defined: DPHMOV
08AOYU~1.asm(300): error A2009: Symbol not defined: A
08AOYU~1.asm(301): error A2105: Expected: instruction or directive
08AOYU~1.asm(302): error A2009: Symbol not defined: DPTMOV0BFFFH
08AOYU~1.asm(303): error A2105: Expected: instruction or directive
08AOYU~1.asm(304): error A2009: Symbol not defined: DPTMOV7FFFH
08AOYU~1.asm(305): error A2009: Symbol not defined: A
08AOYU~1.asm(306): error A2105: Expected: instruction or directive
08AOYU~1.asm(307): error A2009: Symbol not defined: A
08AOYU~1.asm(308): error A2009: Symbol not defined: A
08AOYU~1.asm(309): error A2009: Symbol not defined: A
08AOYU~1.asm(310): error A2009: Symbol not defined: DPLMOV
08AOYU~1.asm(311): error A2105: Expected: instruction or directive
08AOYU~1.asm(312): error A2105: Expected: instruction or directive
08AOYU~1.asm(313): error A2009: Symbol not defined: DPHMOV
08AOYU~1.asm(314): error A2009: Symbol not defined: A
08AOYU~1.asm(315): error A2105: Expected: instruction or directive
08AOYU~1.asm(316): error A2105: Expected: instruction or directive
08AOYU~1.asm(317): error A2009: Symbol not defined: DPTMOV0BFFFH
08AOYU~1.asm(318): error A2105: Expected: instruction or directive
08AOYU~1.asm(319): error A2009: Symbol not defined: DPTMOV7FFFH
08AOYU~1.asm(320): error A2009: Symbol not defined: A
08AOYU~1.asm(321): error A2105: Expected: instruction or directive
08AOYU~1.asm(322): error A2009: Symbol not defined: A
08AOYU~1.asm(323): error A2009: Symbol not defined: A
08AOYU~1.asm(324): error A2009: Symbol not defined: A
08AOYU~1.asm(325): error A2009: Symbol not defined: DPLMOV
08AOYU~1.asm(326): error A2105: Expected: instruction or directive
08AOYU~1.asm(327): error A2105: Expected: instruction or directive
08AOYU~1.asm(328): error A2009: Symbol not defined: DPHMOV
08AOYU~1.asm(329): error A2009: Symbol not defined: A
08AOYU~1.asm(330): error A2105: Expected: instruction or directive
08AOYU~1.asm(331): error A2009: Symbol not defined: DPTMOV0BFFFH
08AOYU~1.asm(332): error A2105: Expected: instruction or directive
08AOYU~1.asm(333): error A2009: Symbol not defined: DPTMOV0DFFFH
08AOYU~1.asm(334): error A2009: Symbol not defined: A
08AOYU~1.asm(335): error A2105: Expected: instruction or directive
08AOYU~1.asm(336): error A2009: Symbol not defined: A
08AOYU~1.asm(337): error A2105: Expected: instruction or directive
08AOYU~1.asm(338): error A2009: Symbol not defined: DPTMOV0DFFFH
08AOYU~1.asm(339): error A2009: Symbol not defined: A
08AOYU~1.asm(340): error A2105: Expected: instruction or directive
08AOYU~1.asm(341): error A2009: Symbol not defined: A
08AOYU~1.asm(342): error A2105: Expected: instruction or directive
08AOYU~1.asm(343): error A2009: Symbol not defined: DPTMOV0DFFFH
08AOYU~1.asm(344): error A2009: Symbol not defined: A
08AOYU~1.asm(345): error A2105: Expected: instruction or directive
08AOYU~1.asm(346): error A2009: Symbol not defined: A
08AOYU~1.asm(347): error A2009: Symbol not defined: A
08AOYU~1.asm(348): error A2009: Symbol not defined: A
08AOYU~1.asm(349): error A2009: Symbol not defined: DPLMOV
08AOYU~1.asm(350): error A2105: Expected: instruction or directive
08AOYU~1.asm(351): error A2105: Expected: instruction or directive
08AOYU~1.asm(352): error A2009: Symbol not defined: DPHMOV
08AOYU~1.asm(353): error A2009: Symbol not defined: A
08AOYU~1.asm(354): error A2105: Expected: instruction or directive
08AOYU~1.asm(355): error A2105: Expected: instruction or directive
08AOYU~1.asm(356): error A2105: Expected: instruction or directive
08AOYU~1.asm(357): error A2009: Symbol not defined: DPTMOV0DFFFH
08AOYU~1.asm(358): error A2009: Symbol not defined: A
08AOYU~1.asm(359): error A2105: Expected: instruction or directive
08AOYU~1.asm(360): error A2009: Symbol not defined: A
08AOYU~1.asm(361): error A2105: Expected: instruction or directive
08AOYU~1.asm(362): error A2009: Symbol not defined: DPTMOV0DFFFH
08AOYU~1.asm(363): error A2009: Symbol not defined: A
08AOYU~1.asm(364): error A2105: Expected: instruction or directive
08AOYU~1.asm(365): error A2009: Symbol not defined: A
08AOYU~1.asm(366): error A2009: Symbol not defined: A
08AOYU~1.asm(367): error A2009: Symbol not defined: A
08AOYU~1.asm(368): error A2009: Symbol not defined: DPLMOV
08AOYU~1.asm(369): error A2105: Expected: instruction or directive
08AOYU~1.asm(370): error A2105: Expected: instruction or directive
08AOYU~1.asm(371): error A2009: Symbol not defined: DPHMOV
08AOYU~1.asm(372): error A2009: Symbol not defined: A
08AOYU~1.asm(373): error A2105: Expected: instruction or directive
08AOYU~1.asm(374): error A2105: Expected: instruction or directive
08AOYU~1.asm(375): error A2105: Expected: instruction or directive
08AOYU~1.asm(376): error A2009: Symbol not defined: DPTMOV0DFFFH
08AOYU~1.asm(377): error A2009: Symbol not defined: A
08AOYU~1.asm(378): error A2105: Expected: instruction or directive
08AOYU~1.asm(379): error A2009: Symbol not defined: A
08AOYU~1.asm(380): error A2105: Expected: instruction or directive
08AOYU~1.asm(381): error A2009: Symbol not defined: DPTMOV0DFFFH
08AOYU~1.asm(382): error A2009: Symbol not defined: A
08AOYU~1.asm(383): error A2105: Expected: instruction or directive
08AOYU~1.asm(384): error A2009: Symbol not defined: A
08AOYU~1.asm(385): error A2105: Expected: instruction or directive
08AOYU~1.asm(386): error A2009: Symbol not defined: DPTMOV0DFFFH
08AOYU~1.asm(387): error A2009: Symbol not defined: A
08AOYU~1.asm(388): error A2105: Expected: instruction or directive
08AOYU~1.asm(389): error A2009: Symbol not defined: A
08AOYU~1.asm(390): error A2105: Expected: instruction or directive
08AOYU~1.asm(391): error A2009: Symbol not defined: DPTMOV0F7FFH
08AOYU~1.asm(392): error A2009: Symbol not defined: A
08AOYU~1.asm(393): error A2105: Expected: instruction or directive
08AOYU~1.asm(394): error A2009: Symbol not defined: A
08AOYU~1.asm(395): error A2009: Symbol not defined: A
08AOYU~1.asm(396): error A2009: Symbol not defined: A
08AOYU~1.asm(397): error A2009: Symbol not defined: DPLMOV
08AOYU~1.asm(398): error A2105: Expected: instruction or directive
08AOYU~1.asm(399): error A2105: Expected: instruction or directive
08AOYU~1.asm(400): error A2009: Symbol not defined: DPHMOV
08AOYU~1.asm(401): error A2009: Symbol not defined: A
08AOYU~1.asm(402): error A2105: Expected: instruction or directive
08AOYU~1.asm(403): error A2009: Symbol not defined: DPTMOV0FBFFH
08AOYU~1.asm(404): error A2105: Expected: instruction or directive
08AOYU~1.asm(405): error A2009: Symbol not defined: DPTMOV0F7FFH
08AOYU~1.asm(406): error A2009: Symbol not defined: A
08AOYU~1.asm(407): error A2105: Expected: instruction or directive
08AOYU~1.asm(408): error A2009: Symbol not defined: A
08AOYU~1.asm(409): error A2009: Symbol not defined: A
08AOYU~1.asm(410): error A2009: Symbol not defined: A
08AOYU~1.asm(411): error A2009: Symbol not defined: DPLMOV
08AOYU~1.asm(412): error A2105: Expected: instruction or directive
08AOYU~1.asm(413): error A2105: Expected: instruction or directive
08AOYU~1.asm(414): error A2009: Symbol not defined: DPHMOV
08AOYU~1.asm(415): error A2009: Symbol not defined: A
08AOYU~1.asm(416): error A2105: Expected: instruction or directive
08AOYU~1.asm(417): error A2009: Symbol not defined: DPTMOV0FBFFH
08AOYU~1.asm(418): error A2105: Expected: instruction or directive
08AOYU~1.asm(419): error A2009: Symbol not defined: DPTMOV0F7FFH
08AOYU~1.asm(420): error A2009: Symbol not defined: A
08AOYU~1.asm(421): error A2105: Expected: instruction or directive
08AOYU~1.asm(422): error A2009: Symbol not defined: A
08AOYU~1.asm(423): error A2009: Symbol not defined: A
08AOYU~1.asm(424): error A2009: Symbol not defined: A
08AOYU~1.asm(425): error A2009: Symbol not defined: DPLMOV
08AOYU~1.asm(426): error A2105: Expected: instruction or directive
08AOYU~1.asm(427): error A2105: Expected: instruction or directive
08AOYU~1.asm(428): error A2009: Symbol not defined: DPHMOV
08AOYU~1.asm(429): error A2009: Symbol not defined: A
08AOYU~1.asm(430): error A2105: Expected: instruction or directive
08AOYU~1.asm(431): error A2009: Symbol not defined: DPTMOV0FBFFH
08AOYU~1.asm(432): error A2105: Expected: instruction or directive
08AOYU~1.asm(433): error A2009: Symbol not defined: DPTMOV0F7FFH
08AOYU~1.asm(434): error A2009: Symbol not defined: A
08AOYU~1.asm(435): error A2105: Expected: instruction or directive
08AOYU~1.asm(436): error A2009: Symbol not defined: A
08AOYU~1.asm(437): error A2009: Symbol not defined: A
08AOYU~1.asm(438): error A2009: Symbol not defined: A
08AOYU~1.asm(439): error A2009: Symbol not defined: DPLMOV
08AOYU~1.asm(440): error A2105: Expected: instruction or directive
08AOYU~1.asm(441): error A2105: Expected: instruction or directive
08AOYU~1.asm(442): error A2009: Symbol not defined: DPHMOV
08AOYU~1.asm(443): error A2009: Symbol not defined: A
08AOYU~1.asm(444): error A2105: Expected: instruction or directive
08AOYU~1.asm(445): error A2009: Symbol not defined: DPTMOV0FBFFH
08AOYU~1.asm(446): error A2105: Expected: instruction or directive
08AOYU~1.asm(447): error A2009: Symbol not defined: R7
08AOYU~1.asm(448): error A2009: Symbol not defined: R6
08AOYU~1.asm(449): error A2105: Expected: instruction or directive
08AOYU~1.asm(451): error A2062: Missing or unreachable CS
08AOYU~1.asm(452): error A2009: Symbol not defined: A
08AOYU~1.asm(453): error A2105: Expected: instruction or directive
08AOYU~1.asm(454): error A2009: Symbol not defined: Q03JZ
08AOYU~1.asm(455): error A2009: Symbol not defined: INC
08AOYU~1.asm(456): error A2009: Symbol not defined: DEC
08AOYU~1.asm(457): error A2009: Symbol not defined: A
08AOYU~1.asm(458): error A2105: Expected: instruction or directive
08AOYU~1.asm(459): error A2009: Symbol not defined: Q03JZ
08AOYU~1.asm(460): error A2105: Expected: instruction or directive
08AOYU~1.asm(462): error A2062: Missing or unreachable CS
08AOYU~1.asm(463): error A2009: Symbol not defined: DEC
08AOYU~1.asm(464): error A2009: Symbol not defined: A
08AOYU~1.asm(465): error A2105: Expected: instruction or directive
08AOYU~1.asm(466): error A2009: Symbol not defined: Q03JZ
08AOYU~1.asm(467): error A2105: Expected: instruction or directive
08AOYU~1.asm(469): error A2062: Missing or unreachable CS
08AOYU~1.asm(470): error A2009: Symbol not defined: MOV3H
08AOYU~1.asm(471): error A2009: Symbol not defined: RET
08AOYU~1.asm(473): error A2062: Missing or unreachable CS
08AOYU~1.asm(474): error A2105: Expected: instruction or directive
08AOYU~1.asm(475): error A2009: Symbol not defined: Q03JZ
08AOYU~1.asm(476): error A2105: Expected: instruction or directive
08AOYU~1.asm(478): error A2062: Missing or unreachable CS
08AOYU~1.asm(479): error A2009: Symbol not defined: MOV3H
08AOYU~1.asm(480): error A2009: Symbol not defined: MOV2H
08AOYU~1.asm(481): error A2009: Symbol not defined: RET
08AOYU~1.asm(483): error A2062: Missing or unreachable CS
08AOYU~1.asm(484): error A2009: Symbol not defined: DEC
08AOYU~1.asm(485): error A2009: Symbol not defined: A
08AOYU~1.asm(486): error A2105: Expected: instruction or directive
08AOYU~1.asm(487): error A2009: Symbol not defined: Q03JZ
08AOYU~1.asm(488): error A2105: Expected: instruction or directive
08AOYU~1.asm(490): error A2062: Missing or unreachable CS
08AOYU~1.asm(491): error A2009: Symbol not defined: DEC
08AOYU~1.asm(492): error A2009: Symbol not defined: A
08AOYU~1.asm(493): error A2105: Expected: instruction or directive
08AOYU~1.asm(494): error A2009: Symbol not defined: Q03JZ
08AOYU~1.asm(495): error A2105: Expected: instruction or directive
08AOYU~1.asm(497): error A2062: Missing or unreachable CS
08AOYU~1.asm(498): error A2009: Symbol not defined: RET
08AOYU~1.asm(500): error A2062: Missing or unreachable CS
08AOYU~1.asm(501): error A2009: Symbol not defined: DEC
08AOYU~1.asm(502): error A2009: Symbol not defined: A
08AOYU~1.asm(503): error A2105: Expected: instruction or directive
08AOYU~1.asm(504): error A2009: Symbol not defined: Q03JZ
08AOYU~1.asm(505): error A2105: Expected: instruction or directive
08AOYU~1.asm(507): error A2062: Missing or unreachable CS
08AOYU~1.asm(508): error A2009: Symbol not defined: DEC
08AOYU~1.asm(509): error A2009: Symbol not defined: A
08AOYU~1.asm(510): error A2105: Expected: instruction or directive
08AOYU~1.asm(511): error A2009: Symbol not defined: Q03JZ
08AOYU~1.asm(512): error A2105: Expected: instruction or directive
08AOYU~1.asm(514): error A2062: Missing or unreachable CS
08AOYU~1.asm(515): error A2009: Symbol not defined: DEC
08AOYU~1.asm(516): error A2009: Symbol not defined: A
08AOYU~1.asm(517): error A2105: Expected: instruction or directive
08AOYU~1.asm(518): error A2009: Symbol not defined: Q03JZ
08AOYU~1.asm(519): error A2105: Expected: instruction or directive
08AOYU~1.asm(521): error A2062: Missing or unreachable CS
08AOYU~1.asm(522): error A2009: Symbol not defined: DEC
08AOYU~1.asm(523): error A2009: Symbol not defined: A
08AOYU~1.asm(524): error A2105: Expected: instruction or directive
08AOYU~1.asm(525): error A2009: Symbol not defined: Q03JZ
08AOYU~1.asm(526): error A2105: Expected: instruction or directive
08AOYU~1.asm(528): error A2062: Missing or unreachable CS
08AOYU~1.asm(529): error A2009: Symbol not defined: RET
08AOYU~1.asm(531): error A2062: Missing or unreachable CS
08AOYU~1.asm(532): error A2009: Symbol not defined: A
08AOYU~1.asm(533): error A2105: Expected: instruction or directive
08AOYU~1.asm(534): error A2009: Symbol not defined: Q04JZ
08AOYU~1.asm(535): error A2009: Symbol not defined: INC
08AOYU~1.asm(536): error A2009: Symbol not defined: DEC
08AOYU~1.asm(537): error A2009: Symbol not defined: A
08AOYU~1.asm(538): error A2105: Expected: instruction or directive
08AOYU~1.asm(539): error A2009: Symbol not defined: Q04JZ
08AOYU~1.asm(540): error A2105: Expected: instruction or directive
08AOYU~1.asm(542): error A2062: Missing or unreachable CS
08AOYU~1.asm(543): error A2009: Symbol not defined: DEC
08AOYU~1.asm(544): error A2009: Symbol not defined: RET
08AOYU~1.asm(546): error A2062: Missing or unreachable CS
08AOYU~1.asm(547): error A2105: Expected: instruction or directive
08AOYU~1.asm(548): error A2009: Symbol not defined: Q04JZ
08AOYU~1.asm(549): error A2105: Expected: instruction or directive
08AOYU~1.asm(551): error A2062: Missing or unreachable CS
08AOYU~1.asm(552): error A2009: Symbol not defined: MOV2H
08AOYU~1.asm(553): error A2009: Symbol not defined: MOV1H
08AOYU~1.asm(554): error A2009: Symbol not defined: RET
08AOYU~1.asm(556): error A2062: Missing or unreachable CS
08AOYU~1.asm(557): error A2105: Expected: instruction or directive
08AOYU~1.asm(559): error A2062: Missing or unreachable CS
08AOYU~1.asm(560): error A2105: Expected: instruction or directive
08AOYU~1.asm(561): error A2009: Symbol not defined: R7
08AOYU~1.asm(562): error A2105: Expected: instruction or directive
08AOYU~1.asm(563): error A2009: Symbol not defined: Q04JNZ
08AOYU~1.asm(564): error A2009: Symbol not defined: A
08AOYU~1.asm(565): error A2105: Expected: instruction or directive
08AOYU~1.asm(566): error A2009: Symbol not defined: Q04JZ
08AOYU~1.asm(567): error A2009: Symbol not defined: INC
08AOYU~1.asm(568): error A2009: Symbol not defined: DEC
08AOYU~1.asm(569): error A2009: Symbol not defined: A
08AOYU~1.asm(570): error A2105: Expected: instruction or directive
08AOYU~1.asm(571): error A2009: Symbol not defined: Q04JZ
08AOYU~1.asm(572): error A2105: Expected: instruction or directive
08AOYU~1.asm(574): error A2062: Missing or unreachable CS
08AOYU~1.asm(575): error A2062: Missing or unreachable CS
08AOYU~1.asm(576): error A2105: Expected: instruction or directive
08AOYU~1.asm(577): error A2009: Symbol not defined: Q04JZ
08AOYU~1.asm(578): error A2105: Expected: instruction or directive
08AOYU~1.asm(580): error A2062: Missing or unreachable CS
08AOYU~1.asm(581): error A2009: Symbol not defined: MOV1H
08AOYU~1.asm(582): error A2009: Symbol not defined: MOV3H
08AOYU~1.asm(583): error A2009: Symbol not defined: RET
08AOYU~1.asm(585): error A2062: Missing or unreachable CS
08AOYU~1.asm(586): error A2105: Expected: instruction or directive
08AOYU~1.asm(587): error A2009: Symbol not defined: Q04JNZ
08AOYU~1.asm(588): error A2105: Expected: instruction or directive
08AOYU~1.asm(590): error A2062: Missing or unreachable CS
08AOYU~1.asm(591): error A2105: Expected: instruction or directive
08AOYU~1.asm(592): error A2009: Symbol not defined: Q04JNZ
08AOYU~1.asm(593): error A2009: Symbol not defined: A
08AOYU~1.asm(594): error A2105: Expected: instruction or directive
08AOYU~1.asm(595): error A2009: Symbol not defined: Q04JZ
08AOYU~1.asm(596): error A2009: Symbol not defined: INC
08AOYU~1.asm(597): error A2009: Symbol not defined: DEC
08AOYU~1.asm(598): error A2009: Symbol not defined: A
08AOYU~1.asm(599): error A2105: Expected: instruction or directive
08AOYU~1.asm(600): error A2009: Symbol not defined: Q04JZ
08AOYU~1.asm(601): error A2105: Expected: instruction or directive
08AOYU~1.asm(603): error A2062: Missing or unreachable CS
08AOYU~1.asm(604): error A2009: Symbol not defined: DEC
08AOYU~1.asm(605): error A2009: Symbol not defined: RET
08AOYU~1.asm(607): error A2062: Missing or unreachable CS
08AOYU~1.asm(608): error A2105: Expected: instruction or directive
08AOYU~1.asm(609): error A2009: Symbol not defined: Q05JNZ
08AOYU~1.asm(610): error A2009: Symbol not defined: A
08AOYU~1.asm(611): error A2105: Expected: instruction or directive
08AOYU~1.asm(612): error A2009: Symbol not defined: MOV1H
08AOYU~1.asm(613): error A2009: Symbol not defined: MOV8H
08AOYU~1.asm(614): error A2105: Expected: instruction or directive
08AOYU~1.asm(615): error A2062: Missing or unreachable CS
08AOYU~1.asm(616): error A2105: Expected: instruction or directive
08AOYU~1.asm(617): error A2009: Symbol not defined: Q05JNZ
08AOYU~1.asm(618): error A2009: Symbol not defined: MOV1H
08AOYU~1.asm(619): error A2009: Symbol not defined: MOV9H
08AOYU~1.asm(620): error A2062: Missing or unreachable CS
08AOYU~1.asm(621): error A2009: Symbol not defined: RET
08AOYU~1.asm(623): error A2062: Missing or unreachable CS
08AOYU~1.asm(624): error A2105: Expected: instruction or directive
08AOYU~1.asm(625): error A2009: Symbol not defined: Q05JZ
08AOYU~1.asm(626): error A2009: Symbol not defined: A
08AOYU~1.asm(627): error A2105: Expected: instruction or directive
08AOYU~1.asm(628): error A2009: Symbol not defined: Q04JZ
08AOYU~1.asm(629): error A2009: Symbol not defined: INC
08AOYU~1.asm(630): error A2009: Symbol not defined: MOVH
08AOYU~1.asm(631): error A2009: Symbol not defined: DEC
08AOYU~1.asm(632): error A2009: Symbol not defined: A
08AOYU~1.asm(633): error A2105: Expected: instruction or directive
08AOYU~1.asm(634): error A2009: Symbol not defined: Q05JNZ
08AOYU~1.asm(635): error A2009: Symbol not defined: MOV9H
08AOYU~1.asm(636): error A2009: Symbol not defined: DEC
08AOYU~1.asm(637): error A2105: Expected: instruction or directive
08AOYU~1.asm(638): error A2062: Missing or unreachable CS
08AOYU~1.asm(639): error A2105: Expected: instruction or directive
08AOYU~1.asm(640): error A2009: Symbol not defined: Q05JNZ
08AOYU~1.asm(641): error A2009: Symbol not defined: MOV1H
08AOYU~1.asm(642): error A2009: Symbol not defined: MOV
08AOYU~1.asm(643): error A2009: Symbol not defined: MOV3H
08AOYU~1.asm(644): error A2062: Missing or unreachable CS
08AOYU~1.asm(645): error A2009: Symbol not defined: RET
08AOYU~1.asm(647): error A2062: Missing or unreachable CS
08AOYU~1.asm(648): error A2009: Symbol not defined: DEC
08AOYU~1.asm(649): error A2009: Symbol not defined: A
08AOYU~1.asm(650): error A2105: Expected: instruction or directive
08AOYU~1.asm(651): error A2009: Symbol not defined: MOV9H
08AOYU~1.asm(652): error A2009: Symbol not defined: DEC
08AOYU~1.asm(653): error A2009: Symbol not defined: A
08AOYU~1.asm(654): error A2105: Expected: instruction or directive
08AOYU~1.asm(655): error A2009: Symbol not defined: MOV9H
08AOYU~1.asm(656): error A2009: Symbol not defined: DEC
08AOYU~1.asm(657): error A2009: Symbol not defined: A
08AOYU~1.asm(658): error A2105: Expected: instruction or directive
08AOYU~1.asm(659): error A2009: Symbol not defined: MOV9H
08AOYU~1.asm(660): error A2009: Symbol not defined: DEC
08AOYU~1.asm(661): error A2009: Symbol not defined: A
08AOYU~1.asm(662): error A2105: Expected: instruction or directive
08AOYU~1.asm(663): error A2009: Symbol not defined: MOV9H
08AOYU~1.asm(664): error A2062: Missing or unreachable CS
08AOYU~1.asm(666): error A2062: Missing or unreachable CS
08AOYU~1.asm(667): error A2105: Expected: instruction or directive
08AOYU~1.asm(669): error A2062: Missing or unreachable CS
08AOYU~1.asm(670): error A2009: Symbol not defined: MOVH
08AOYU~1.asm(671): error A2009: Symbol not defined: MOVH
08AOYU~1.asm(672): error A2009: Symbol not defined: MOVH
08AOYU~1.asm(673): error A2062: Missing or unreachable CS
08AOYU~1.asm(674): error A2105: Expected: instruction or directive
08AOYU~1.asm(675): error A2009: Symbol not defined: MOV
08AOYU~1.asm(676): error A2062: Missing or unreachable CS
08AOYU~1.asm(677): error A2009: Symbol not defined: MOVAH
08AOYU~1.asm(678): error A2009: Symbol not defined: MOVAH
08AOYU~1.asm(679): error A2009: Symbol not defined: MOVAH
08AOYU~1.asm(680): error A2009: Symbol not defined: MOVH
08AOYU~1.asm(681): error A2009: Symbol not defined: MOVH
08AOYU~1.asm(682): error A2105: Expected: instruction or directive
08AOYU~1.asm(683): error A2105: Expected: instruction or directive
08AOYU~1.asm(684): error A2009: Symbol not defined: JB
08AOYU~1.asm(685): error A2009: Symbol not defined: MOV3H
08AOYU~1.asm(686): error A2062: Missing or unreachable CS
08AOYU~1.asm(687): error A2009: Symbol not defined: A
08AOYU~1.asm(688): error A2105: Expected: instruction or directive
08AOYU~1.asm(689): error A2105: Expected: instruction or directive
08AOYU~1.asm(690): error A2009: Symbol not defined: Q05JC
08AOYU~1.asm(691): error A2009: Symbol not defined: JNBQ0513
08AOYU~1.asm(692): error A2105: Expected: instruction or directive
08AOYU~1.asm(693): error A2009: Symbol not defined: MOV
08AOYU~1.asm(694): error A2062: Missing or unreachable CS
08AOYU~1.asm(695): error A2105: Expected: instruction or directive
08AOYU~1.asm(696): error A2105: Expected: instruction or directive
08AOYU~1.asm(697): error A2009: Symbol not defined: Q05JNC
08AOYU~1.asm(698): error A2009: Symbol not defined: MOVH
08AOYU~1.asm(699): error A2009: Symbol not defined: MOVH
08AOYU~1.asm(700): error A2009: Symbol not defined: MOVH
08AOYU~1.asm(701): error A2009: Symbol not defined: MOVH
08AOYU~1.asm(702): error A2009: Symbol not defined: MOVH
08AOYU~1.asm(703): error A2009: Symbol not defined: MOVH
08AOYU~1.asm(704): error A2105: Expected: instruction or directive
08AOYU~1.asm(705): error A2105: Expected: instruction or directive
08AOYU~1.asm(706): error A2009: Symbol not defined: JB
08AOYU~1.asm(707): error A2009: Symbol not defined: MOV3H
08AOYU~1.asm(708): error A2062: Missing or unreachable CS
08AOYU~1.asm(709): error A2105: Expected: instruction or directive
08AOYU~1.asm(710): error A2062: Missing or unreachable CS
08AOYU~1.asm(711): error A2105: Expected: instruction or directive
08AOYU~1.asm(712): error A2009: Symbol not defined: MOVH
08AOYU~1.asm(713): error A2009: Symbol not defined: MOVH
08AOYU~1.asm(714): error A2009: Symbol not defined: MOVH
08AOYU~1.asm(715): error A2009: Symbol not defined: MOVH
08AOYU~1.asm(716): error A2062: Missing or unreachable CS
08AOYU~1.asm(717): error A2009: Symbol not defined: MOVH
08AOYU~1.asm(718): error A2009: Symbol not defined: MOVH
08AOYU~1.asm(719): error A2009: Symbol not defined: MOVH
08AOYU~1.asm(720): error A2009: Symbol not defined: MOVH
08AOYU~1.asm(721): error A2009: Symbol not defined: MOVH
08AOYU~1.asm(722): error A2009: Symbol not defined: MOVH
08AOYU~1.asm(723): error A2009: Symbol not defined: MOVH
08AOYU~1.asm(724): error A2009: Symbol not defined: MOVH
08AOYU~1.asm(725): error A2009: Symbol not defined: MOVH
08AOYU~1.asm(726): error A2009: Symbol not defined: MOVH
08AOYU~1.asm(727): error A2009: Symbol not defined: MOVH
08AOYU~1.asm(728): error A2009: Symbol not defined: MOVH
08AOYU~1.asm(729): error A2105: Expected: instruction or directive
08AOYU~1.asm(730): error A2062: Missing or unreachable CS
08AOYU~1.asm(732): error A2062: Missing or unreachable CS
08AOYU~1.asm(733): error A2105: Expected: instruction or directive
08AOYU~1.asm(734): error A2062: Missing or unreachable CS
08AOYU~1.asm(735): error A2105: Expected: instruction or directive
08AOYU~1.asm(736): error A2009: Symbol not defined: MOVH
08AOYU~1.asm(737): error A2105: Expected: instruction or directive
08AOYU~1.asm(739): error A2062: Missing or unreachable CS
08AOYU~1.asm(741): error A2062: Missing or unreachable CS
08AOYU~1.asm(742): error A2105: Expected: instruction or directive
08AOYU~1.asm(743): error A2009: Symbol not defined: DPTINC
08AOYU~1.asm(744): error A2009: Symbol not defined: R0
08AOYU~1.asm(745): error A2062: Missing or unreachable CS
08AOYU~1.asm(746): error A2105: Expected: instruction or directive
08AOYU~1.asm(747): error A2009: Symbol not defined: DPTINC
08AOYU~1.asm(748): error A2009: Symbol not defined: Q05JC
08AOYU~1.asm(749): error A2009: Symbol not defined: @R0MOV
08AOYU~1.asm(750): error A2105: Expected: instruction or directive
08AOYU~1.asm(751): error A2062: Missing or unreachable CS
08AOYU~1.asm(752): error A2062: Missing or unreachable CS
08AOYU~1.asm(753): error A2105: Expected: instruction or directive
08AOYU~1.asm(754): error A2105: Expected: instruction or directive
08AOYU~1.asm(755): error A2062: Missing or unreachable CS
08AOYU~1.asm(756): error A2105: Expected: instruction or directive
08AOYU~1.asm(757): error A2009: Symbol not defined: DPTINC
08AOYU~1.asm(758): error A2009: Symbol not defined: R0
08AOYU~1.asm(759): error A2105: Expected: instruction or directive
08AOYU~1.asm(760): error A2009: Symbol not defined: A
08AOYU~1.asm(761): error A2105: Expected: instruction or directive
08AOYU~1.asm(762): error A2105: Expected: instruction or directive
08AOYU~1.asm(763): error A2105: Expected: instruction or directive
08AOYU~1.asm(764): error A2105: Expected: instruction or directive
08AOYU~1.asm(765): error A2105: Expected: instruction or directive
08AOYU~1.asm(766): error A2105: Expected: instruction or directive
08AOYU~1.asm(767): error A2105: Expected: instruction or directive
08AOYU~1.asm(768): error A2105: Expected: instruction or directive
08AOYU~1.asm(769): error A2009: Symbol not defined: Q05JC
08AOYU~1.asm(770): error A2105: Expected: instruction or directive
08AOYU~1.asm(771): error A2105: Expected: instruction or directive
08AOYU~1.asm(772): error A2105: Expected: instruction or directive
08AOYU~1.asm(773): error A2062: Missing or unreachable CS
08AOYU~1.asm(774): error A2062: Missing or unreachable CS
08AOYU~1.asm(775): error A2105: Expected: instruction or directive
08AOYU~1.asm(776): error A2105: Expected: instruction or directive
08AOYU~1.asm(778): error A2009: Symbol not defined: A
08AOYU~1.asm(779): error A2009: Symbol not defined: R0
08AOYU~1.asm(780): error A2105: Expected: instruction or directive
08AOYU~1.asm(781): error A2105: Expected: instruction or directive
08AOYU~1.asm(782): error A2062: Missing or unreachable CS
08AOYU~1.asm(783): error A2062: Missing or unreachable CS
08AOYU~1.asm(784): error A2009: Symbol not defined: R6
08AOYU~1.asm(785): error A2105: Expected: instruction or directive
08AOYU~1.asm(786): error A2009: Symbol not defined: Q05JZ
08AOYU~1.asm(787): error A2009: Symbol not defined: DPTINC
08AOYU~1.asm(788): error A2009: Symbol not defined: R7
08AOYU~1.asm(789): error A2105: Expected: instruction or directive
08AOYU~1.asm(790): error A2009: Symbol not defined: ACCJNBQ0607
08AOYU~1.asm(791): error A2105: Expected: instruction or directive
08AOYU~1.asm(792): error A2009: Symbol not defined: R6
08AOYU~1.asm(793): error A2105: Expected: instruction or directive
08AOYU~1.asm(794): error A2105: Expected: instruction or directive
08AOYU~1.asm(795): error A2009: Symbol not defined: DPTINC
08AOYU~1.asm(796): error A2009: Symbol not defined: Q06JZ
08AOYU~1.asm(797): error A2009: Symbol not defined: R6
08AOYU~1.asm(798): error A2062: Missing or unreachable CS
08AOYU~1.asm(799): error A2105: Expected: instruction or directive
08AOYU~1.asm(800): error A2009: Symbol not defined: A
08AOYU~1.asm(801): error A2009: Symbol not defined: Q05JZ
08AOYU~1.asm(802): error A2009: Symbol not defined: Q05JC
08AOYU~1.asm(803): error A2105: Expected: instruction or directive
08AOYU~1.asm(804): error A2105: Expected: instruction or directive
08AOYU~1.asm(805): error A2009: Symbol not defined: DPTINC
08AOYU~1.asm(806): error A2009: Symbol not defined: R2
08AOYU~1.asm(807): error A2105: Expected: instruction or directive
08AOYU~1.asm(808): error A2105: Expected: instruction or directive
08AOYU~1.asm(809): error A2009: Symbol not defined: DPTINC
08AOYU~1.asm(810): error A2009: Symbol not defined: R0
08AOYU~1.asm(811): error A2062: Missing or unreachable CS
08AOYU~1.asm(812): error A2105: Expected: instruction or directive
08AOYU~1.asm(813): error A2009: Symbol not defined: DPTINC
08AOYU~1.asm(814): error A2105: Expected: instruction or directive
08AOYU~1.asm(815): error A2105: Expected: instruction or directive
08AOYU~1.asm(816): error A2105: Expected: instruction or directive
08AOYU~1.asm(817): error A2105: Expected: instruction or directive
08AOYU~1.asm(818): error A2105: Expected: instruction or directive
08AOYU~1.asm(819): error A2105: Expected: instruction or directive
08AOYU~1.asm(820): error A2105: Expected: instruction or directive
08AOYU~1.asm(821): error A2009: Symbol not defined: DPTINC
08AOYU~1.asm(822): error A2105: Expected: instruction or directive
08AOYU~1.asm(823): error A2105: Expected: instruction or directive
08AOYU~1.asm(824): error A2105: Expected: instruction or directive
08AOYU~1.asm(825): error A2105: Expected: instruction or directive
08AOYU~1.asm(826): error A2105: Expected: instruction or directive
08AOYU~1.asm(827): error A2105: Expected: instruction or directive
08AOYU~1.asm(828): error A2062: Missing or unreachable CS
08AOYU~1.asm(829): error A2105: Expected: instruction or directive
08AOYU~1.asm(830): error A2105: Expected: instruction or directive
08AOYU~1.asm(831): error A2062: Missing or unreachable CS
08AOYU~1.asm(832): error A2009: Symbol not defined: MOVH
08AOYU~1.asm(833): error A2009: Symbol not defined: MOVH
08AOYU~1.asm(834): error A2009: Symbol not defined: MOVH
08AOYU~1.asm(835): error A2009: Symbol not defined: MOV0H
08AOYU~1.asm(836): error A2009: Symbol not defined: MOVH
08AOYU~1.asm(837): error A2009: Symbol not defined: A
08AOYU~1.asm(838): error A2105: Expected: instruction or directive
08AOYU~1.asm(839): error A2105: Expected: instruction or directive
08AOYU~1.asm(840): error A2009: Symbol not defined: MOV
08AOYU~1.asm(841): error A2105: Expected: instruction or directive
08AOYU~1.asm(842): error A2009: Symbol not defined: A
08AOYU~1.asm(843): error A2009: Symbol not defined: A
08AOYU~1.asm(844): error A2009: Symbol not defined: MOV
08AOYU~1.asm(845): error A2105: Expected: instruction or directive
08AOYU~1.asm(846): error A2105: Expected: instruction or directive
08AOYU~1.asm(847): error A2009: Symbol not defined: MOV
08AOYU~1.asm(848): error A2009: Symbol not defined: A
08AOYU~1.asm(849): error A2009: Symbol not defined: MOV0H
08AOYU~1.asm(850): error A2009: Symbol not defined: MOV
08AOYU~1.asm(851): error A2009: Symbol not defined: A
08AOYU~1.asm(852): error A2009: Symbol not defined: A
08AOYU~1.asm(853): error A2009: Symbol not defined: MOV
08AOYU~1.asm(854): error A2105: Expected: instruction or directive
08AOYU~1.asm(855): error A2105: Expected: instruction or directive
08AOYU~1.asm(856): error A2009: Symbol not defined: MOV
08AOYU~1.asm(857): error A2009: Symbol not defined: A
08AOYU~1.asm(858): error A2105: Expected: instruction or directive
08AOYU~1.asm(859): error A2105: Expected: instruction or directive
08AOYU~1.asm(860): error A2009: Symbol not defined: MOV
08AOYU~1.asm(861): error A2105: Expected: instruction or directive
08AOYU~1.asm(862): error A2009: Symbol not defined: A
08AOYU~1.asm(863): error A2009: Symbol not defined: A
08AOYU~1.asm(864): error A2009: Symbol not defined: MOV
08AOYU~1.asm(865): error A2105: Expected: instruction or directive
08AOYU~1.asm(866): error A2105: Expected: instruction or directive
08AOYU~1.asm(867): error A2009: Symbol not defined: MOV
08AOYU~1.asm(868): error A2009: Symbol not defined: MOV
08AOYU~1.asm(869): error A2009: Symbol not defined: MOV0H
08AOYU~1.asm(870): error A2009: Symbol not defined: A
08AOYU~1.asm(871): error A2009: Symbol not defined: MOV
08AOYU~1.asm(872): error A2009: Symbol not defined: MOV0H
08AOYU~1.asm(873): error A2009: Symbol not defined: MOV0H
08AOYU~1.asm(874): error A2009: Symbol not defined: MOVH
08AOYU~1.asm(875): error A2009: Symbol not defined: A
08AOYU~1.asm(876): error A2009: Symbol not defined: MOV0H
08AOYU~1.asm(877): error A2009: Symbol not defined: MOV
08AOYU~1.asm(878): error A2009: Symbol not defined: A
08AOYU~1.asm(879): error A2009: Symbol not defined: A
08AOYU~1.asm(880): error A2009: Symbol not defined: MOV
08AOYU~1.asm(881): error A2009: Symbol not defined: A
08AOYU~1.asm(882): error A2105: Expected: instruction or directive
08AOYU~1.asm(883): error A2009: Symbol not defined: MOV
08AOYU~1.asm(884): error A2009: Symbol not defined: MOVH
08AOYU~1.asm(885): error A2009: Symbol not defined: MOVH
08AOYU~1.asm(886): error A2009: Symbol not defined: MOVH
08AOYU~1.asm(887): error A2009: Symbol not defined: MOVH
08AOYU~1.asm(888): error A2009: Symbol not defined: RET
08AOYU~1.asm(890): error A2062: Missing or unreachable CS
08AOYU~1.asm(891): error A2009: Symbol not defined: A
08AOYU~1.asm(892): error A2105: Expected: instruction or directive
08AOYU~1.asm(893): error A2105: Expected: instruction or directive
08AOYU~1.asm(894): error A2105: Expected: instruction or directive
08AOYU~1.asm(895): error A2105: Expected: instruction or directive
08AOYU~1.asm(896): error A2062: Missing or unreachable CS
08AOYU~1.asm(897): error A2105: Expected: instruction or directive
08AOYU~1.asm(898): error A2105: Expected: instruction or directive
08AOYU~1.asm(899): error A2105: Expected: instruction or directive
08AOYU~1.asm(900): error A2062: Missing or unreachable CS
08AOYU~1.asm(901): error A2105: Expected: instruction or directive
08AOYU~1.asm(902): error A2062: Missing or unreachable CS
08AOYU~1.asm(903): error A2105: Expected: instruction or directive
08AOYU~1.asm(904): error A2105: Expected: instruction or directive
08AOYU~1.asm(905): error A2105: Expected: instruction or directive
08AOYU~1.asm(906): error A2105: Expected: instruction or directive
08AOYU~1.asm(907): error A2062: Missing or unreachable CS
08AOYU~1.asm(908): error A2105: Expected: instruction or directive
08AOYU~1.asm(909): error A2062: Missing or unreachable CS
08AOYU~1.asm(910): error A2105: Expected: instruction or directive
08AOYU~1.asm(911): error A2105: Expected: instruction or directive
08AOYU~1.asm(912): error A2105: Expected: instruction or directive
08AOYU~1.asm(913): error A2105: Expected: instruction or directive
08AOYU~1.asm(914): error A2105: Expected: instruction or directive
08AOYU~1.asm(915): error A2062: Missing or unreachable CS
08AOYU~1.asm(916): error A2105: Expected: instruction or directive
08AOYU~1.asm(917): error A2062: Missing or unreachable CS
08AOYU~1.asm(918): error A2105: Expected: instruction or directive
08AOYU~1.asm(919): error A2105: Expected: instruction or directive
08AOYU~1.asm(920): error A2105: Expected: instruction or directive
08AOYU~1.asm(921): error A2105: Expected: instruction or directive
08AOYU~1.asm(922): error A2105: Expected: instruction or directive
08AOYU~1.asm(923): error A2105: Expected: instruction or directive
08AOYU~1.asm(924): error A2062: Missing or unreachable CS
08AOYU~1.asm(925): error A2105: Expected: instruction or directive
08AOYU~1.asm(926): error A2009: Symbol not defined: RET
08AOYU~1.asm(928): error A2062: Missing or unreachable CS
08AOYU~1.asm(929): error A2105: Expected: instruction or directive
08AOYU~1.asm(930): error A2105: Expected: instruction or directive
08AOYU~1.asm(931): error A2105: Expected: instruction or directive
08AOYU~1.asm(932): error A2105: Expected: instruction or directive
08AOYU~1.asm(933): error A2105: Expected: instruction or directive
08AOYU~1.asm(934): error A2105: Expected: instruction or directive
08AOYU~1.asm(935): error A2105: Expected: instruction or directive
08AOYU~1.asm(936): error A2105: Expected: instruction or directive
08AOYU~1.asm(937): error A2009: Symbol not defined: RET
08AOYU~1.asm(939): error A2062: Missing or unreachable CS
08AOYU~1.asm(940): error A2105: Expected: instruction or directive
08AOYU~1.asm(941): error A2105: Expected: instruction or directive
08AOYU~1.asm(942): error A2009: Symbol not defined: MOV
08AOYU~1.asm(943): error A2105: Expected: instruction or directive
08AOYU~1.asm(944): error A2105: Expected: instruction or directive
08AOYU~1.asm(945): error A2105: Expected: instruction or directive
08AOYU~1.asm(946): error A2105: Expected: instruction or directive
08AOYU~1.asm(947): error A2105: Expected: instruction or directive
08AOYU~1.asm(948): error A2105: Expected: instruction or directive
08AOYU~1.asm(949): error A2105: Expected: instruction or directive
08AOYU~1.asm(950): error A2062: Missing or unreachable CS
08AOYU~1.asm(952): error A2062: Missing or unreachable CS
08AOYU~1.asm(953): error A2009: Symbol not defined: MOVH
08AOYU~1.asm(954): error A2009: Symbol not defined: MOVH
08AOYU~1.asm(955): error A2009: Symbol not defined: MOVH
08AOYU~1.asm(956): error A2009: Symbol not defined: MOVH
08AOYU~1.asm(957): error A2062: Missing or unreachable CS
08AOYU~1.asm(958): error A2105: Expected: instruction or directive
08AOYU~1.asm(959): error A2009: Symbol not defined: MOV
08AOYU~1.asm(960): error A2062: Missing or unreachable CS
08AOYU~1.asm(961): error A2009: Symbol not defined: MOVAH
08AOYU~1.asm(962): error A2009: Symbol not defined: MOVAH
08AOYU~1.asm(963): error A2009: Symbol not defined: MOVAH
08AOYU~1.asm(964): error A2009: Symbol not defined: MOVH
08AOYU~1.asm(965): error A2009: Symbol not defined: MOVH
08AOYU~1.asm(966): error A2105: Expected: instruction or directive
08AOYU~1.asm(967): error A2105: Expected: instruction or directive
08AOYU~1.asm(968): error A2009: Symbol not defined: JB
08AOYU~1.asm(969): error A2009: Symbol not defined: MOV3H
08AOYU~1.asm(970): error A2062: Missing or unreachable CS
08AOYU~1.asm(971): error A2009: Symbol not defined: A
08AOYU~1.asm(972): error A2105: Expected: instruction or directive
08AOYU~1.asm(973): error A2105: Expected: instruction or directive
08AOYU~1.asm(974): error A2009: Symbol not defined: Q07JC
08AOYU~1.asm(975): error A2009: Symbol not defined: JNBQ073B
08AOYU~1.asm(976): error A2105: Expected: instruction or directive
08AOYU~1.asm(977): error A2009: Symbol not defined: MOV
08AOYU~1.asm(978): error A2062: Missing or unreachable CS
08AOYU~1.asm(979): error A2105: Expected: instruction or directive
08AOYU~1.asm(980): error A2105: Expected: instruction or directive
08AOYU~1.asm(981): error A2009: Symbol not defined: Q07JNC
08AOYU~1.asm(982): error A2009: Symbol not defined: MOVH
08AOYU~1.asm(983): error A2009: Symbol not defined: MOVH
08AOYU~1.asm(984): error A2009: Symbol not defined: MOVH
08AOYU~1.asm(985): error A2009: Symbol not defined: MOVH
08AOYU~1.asm(986): error A2009: Symbol not defined: MOVH
08AOYU~1.asm(987): error A2009: Symbol not defined: MOVH
08AOYU~1.asm(988): error A2105: Expected: instruction or directive
08AOYU~1.asm(989): error A2105: Expected: instruction or directive
08AOYU~1.asm(990): error A2009: Symbol not defined: JB
08AOYU~1.asm(991): error A2009: Symbol not defined: MOV3H
08AOYU~1.asm(992): error A2062: Missing or unreachable CS
08AOYU~1.asm(993): error A2105: Expected: instruction or directive
08AOYU~1.asm(994): error A2062: Missing or unreachable CS
08AOYU~1.asm(996): error A2062: Missing or unreachable CS
08AOYU~1.asm(996): error A2086: Data emitted with no segment
08AOYU~1.asm(997): error A2062: Missing or unreachable CS
08AOYU~1.asm(997): error A2086: Data emitted with no segment
08AOYU~1.asm(998): error A2062: Missing or unreachable CS
08AOYU~1.asm(998): error A2086: Data emitted with no segment
08AOYU~1.asm(999): error A2062: Missing or unreachable CS
08AOYU~1.asm(999): error A2086: Data emitted with no segment
08AOYU~1.asm(1000): error A2062: Missing or unreachable CS
08AOYU~1.asm(1000): error A2086: Data emitted with no segment
08AOYU~1.asm(1001): error A2062: Missing or unreachable CS
08AOYU~1.asm(1001): error A2086: Data emitted with no segment
08AOYU~1.asm(1002): error A2062: Missing or unreachable CS
08AOYU~1.asm(1002): error A2086: Data emitted with no segment
08AOYU~1.asm(1003): error A2062: Missing or unreachable CS
08AOYU~1.asm(1003): error A2086: Data emitted with no segment
08AOYU~1.asm(1004): error A2062: Missing or unreachable CS
08AOYU~1.asm(1004): error A2086: Data emitted with no segment
08AOYU~1.asm(1005): error A2062: Missing or unreachable CS
08AOYU~1.asm(1005): error A2086: Data emitted with no segment
08AOYU~1.asm(1006): error A2062: Missing or unreachable CS
08AOYU~1.asm(1006): error A2086: Data emitted with no segment
08AOYU~1.asm(1007): error A2062: Missing or unreachable CS
08AOYU~1.asm(1009): error A2062: Missing or unreachable CS
08AOYU~1.asm(1010): error A2105: Expected: instruction or directive
08AOYU~1.asm(1011): error A2009: Symbol not defined: A
08AOYU~1.asm(1012): error A2009: Symbol not defined: B
08AOYU~1.asm(1013): error A2009: Symbol not defined: AB
08AOYU~1.asm(1014): error A2009: Symbol not defined: R7
08AOYU~1.asm(1015): error A2009: Symbol not defined: R5
08AOYU~1.asm(1016): error A2009: Symbol not defined: RET
08AOYU~1.asm(1018): error A2062: Missing or unreachable CS
08AOYU~1.asm(1019): error A2105: Expected: instruction or directive
08AOYU~1.asm(1020): error A2009: Symbol not defined: R0
08AOYU~1.asm(1021): error A2009: Symbol not defined: B
08AOYU~1.asm(1022): error A2062: Missing or unreachable CS
08AOYU~1.asm(1023): error A2009: Symbol not defined: A
08AOYU~1.asm(1024): error A2009: Symbol not defined: R7
08AOYU~1.asm(1025): error A2009: Symbol not defined: A
08AOYU~1.asm(1026): error A2105: Expected: instruction or directive
08AOYU~1.asm(1027): error A2009: Symbol not defined: R6
08AOYU~1.asm(1028): error A2009: Symbol not defined: A
08AOYU~1.asm(1029): error A2105: Expected: instruction or directive
08AOYU~1.asm(1030): error A2009: Symbol not defined: R4
08AOYU~1.asm(1031): error A2009: Symbol not defined: A
08AOYU~1.asm(1032): error A2105: Expected: instruction or directive
08AOYU~1.asm(1033): error A2009: Symbol not defined: A
08AOYU~1.asm(1034): error A2105: Expected: instruction or directive
08AOYU~1.asm(1035): error A2009: Symbol not defined: Q08JC
08AOYU~1.asm(1036): error A2009: Symbol not defined: R4
08AOYU~1.asm(1037): error A2009: Symbol not defined: A
08AOYU~1.asm(1038): error A2105: Expected: instruction or directive
08AOYU~1.asm(1039): error A2009: Symbol not defined: R6
08AOYU~1.asm(1040): error A2009: Symbol not defined: R7
08AOYU~1.asm(1041): error A2062: Missing or unreachable CS
08AOYU~1.asm(1042): error A2105: Expected: instruction or directive
08AOYU~1.asm(1043): error A2105: Expected: instruction or directive
08AOYU~1.asm(1044): error A2009: Symbol not defined: R5
08AOYU~1.asm(1045): error A2009: Symbol not defined: RET
08AOYU~1.asm(1047): error A2062: Missing or unreachable CS
08AOYU~1.asm(1048): error A2009: Symbol not defined: R0
08AOYU~1.asm(1049): error A2009: Symbol not defined: B
08AOYU~1.asm(1050): error A2009: Symbol not defined: A
08AOYU~1.asm(1051): error A2009: Symbol not defined: AB
08AOYU~1.asm(1052): error A2009: Symbol not defined: OV
08AOYU~1.asm(1053): error A2009: Symbol not defined: R6
08AOYU~1.asm(1054): error A2009: Symbol not defined: R5
08AOYU~1.asm(1055): error A2009: Symbol not defined: B
08AOYU~1.asm(1056): error A2062: Missing or unreachable CS
08AOYU~1.asm(1057): error A2009: Symbol not defined: A
08AOYU~1.asm(1058): error A2009: Symbol not defined: R7
08AOYU~1.asm(1059): error A2009: Symbol not defined: A
08AOYU~1.asm(1060): error A2105: Expected: instruction or directive
08AOYU~1.asm(1061): error A2009: Symbol not defined: R5
08AOYU~1.asm(1062): error A2009: Symbol not defined: Q08JC
08AOYU~1.asm(1063): error A2105: Expected: instruction or directive
08AOYU~1.asm(1064): error A2009: Symbol not defined: Q08JNC
08AOYU~1.asm(1065): error A2105: Expected: instruction or directive
08AOYU~1.asm(1066): error A2009: Symbol not defined: RET
08AOYU~1.asm(1068): error A2062: Missing or unreachable CS
08AOYU~1.asm(1069): error A2105: Expected: instruction or directive
08AOYU~1.asm(1070): error A2062: Missing or unreachable CS
08AOYU~1.asm(1071): error A2009: Symbol not defined: R7
08AOYU~1.asm(1072): error A2105: Expected: instruction or directive
08AOYU~1.asm(1073): error A2062: Missing or unreachable CS
08AOYU~1.asm(1075): error A2062: Missing or unreachable CS
08AOYU~1.asm(1076): error A2009: Symbol not defined: MOVH
08AOYU~1.asm(1077): error A2009: Symbol not defined: MOVH
08AOYU~1.asm(1078): error A2062: Missing or unreachable CS
08AOYU~1.asm(1079): error A2105: Expected: instruction or directive
08AOYU~1.asm(1080): error A2009: Symbol not defined: MOV
08AOYU~1.asm(1081): error A2062: Missing or unreachable CS
08AOYU~1.asm(1082): error A2009: Symbol not defined: MOVAH
08AOYU~1.asm(1083): error A2105: Expected: instruction or directive
08AOYU~1.asm(1084): error A2105: Expected: instruction or directive
08AOYU~1.asm(1085): error A2009: Symbol not defined: JB
08AOYU~1.asm(1086): error A2009: Symbol not defined: MOV3H
08AOYU~1.asm(1087): error A2062: Missing or unreachable CS
08AOYU~1.asm(1088): error A2009: Symbol not defined: A
08AOYU~1.asm(1089): error A2105: Expected: instruction or directive
08AOYU~1.asm(1090): error A2105: Expected: instruction or directive
08AOYU~1.asm(1091): error A2009: Symbol not defined: Q08JC
08AOYU~1.asm(1092): error A2009: Symbol not defined: JNBQ0850
08AOYU~1.asm(1093): error A2105: Expected: instruction or directive
08AOYU~1.asm(1094): error A2009: Symbol not defined: MOV
08AOYU~1.asm(1095): error A2062: Missing or unreachable CS
08AOYU~1.asm(1096): error A2105: Expected: instruction or directive
08AOYU~1.asm(1097): error A2105: Expected: instruction or directive
08AOYU~1.asm(1098): error A2009: Symbol not defined: Q08JNC
08AOYU~1.asm(1099): error A2009: Symbol not defined: MOVH
08AOYU~1.asm(1100): error A2009: Symbol not defined: MOVH
08AOYU~1.asm(1101): error A2105: Expected: instruction or directive
08AOYU~1.asm(1102): error A2105: Expected: instruction or directive
08AOYU~1.asm(1103): error A2009: Symbol not defined: JB
08AOYU~1.asm(1104): error A2009: Symbol not defined: MOV3H
08AOYU~1.asm(1105): error A2062: Missing or unreachable CS
08AOYU~1.asm(1106): error A2105: Expected: instruction or directive
08AOYU~1.asm(1107): error A2062: Missing or unreachable CS
08AOYU~1.asm(1109): error A2062: Missing or unreachable CS
08AOYU~1.asm(1110): error A2105: Expected: instruction or directive
08AOYU~1.asm(1111): error A2009: Symbol not defined: MOV
08AOYU~1.asm(1112): error A2009: Symbol not defined: MOVH
08AOYU~1.asm(1113): error A2062: Missing or unreachable CS
08AOYU~1.asm(1114): error A2009: Symbol not defined: MOVH
08AOYU~1.asm(1115): error A2009: Symbol not defined: MOVH
08AOYU~1.asm(1116): error A2062: Missing or unreachable CS
08AOYU~1.asm(1117): error A2105: Expected: instruction or directive
08AOYU~1.asm(1118): error A2009: Symbol not defined: MOV
08AOYU~1.asm(1119): error A2062: Missing or unreachable CS
08AOYU~1.asm(1120): error A2009: Symbol not defined: MOVAH
08AOYU~1.asm(1121): error A2105: Expected: instruction or directive
08AOYU~1.asm(1122): error A2009: Symbol not defined: JB
08AOYU~1.asm(1123): error A2009: Symbol not defined: MOV3H
08AOYU~1.asm(1124): error A2062: Missing or unreachable CS
08AOYU~1.asm(1125): error A2009: Symbol not defined: A
08AOYU~1.asm(1126): error A2105: Expected: instruction or directive
08AOYU~1.asm(1127): error A2105: Expected: instruction or directive
08AOYU~1.asm(1128): error A2009: Symbol not defined: Q08JC
08AOYU~1.asm(1129): error A2009: Symbol not defined: JNBQ08A9
08AOYU~1.asm(1130): error A2105: Expected: instruction or directive
08AOYU~1.asm(1131): error A2009: Symbol not defined: MOV
08AOYU~1.asm(1132): error A2062: Missing or unreachable CS
08AOYU~1.asm(1133): error A2105: Expected: instruction or directive
08AOYU~1.asm(1134): error A2105: Expected: instruction or directive
08AOYU~1.asm(1135): error A2009: Symbol not defined: Q08JNC
08AOYU~1.asm(1136): error A2105: Expected: instruction or directive
08AOYU~1.asm(1137): error A2009: Symbol not defined: JB
08AOYU~1.asm(1138): error A2009: Symbol not defined: MOV3H
08AOYU~1.asm(1139): error A2062: Missing or unreachable CS
08AOYU~1.asm(1140): error A2105: Expected: instruction or directive
08AOYU~1.asm(1141): error A2062: Missing or unreachable CS
08AOYU~1.asm(1143): error A2062: Missing or unreachable CS
08AOYU~1.asm(1144): error A2105: Expected: instruction or directive
08AOYU~1.asm(1145): error A2009: Symbol not defined: MOVH
08AOYU~1.asm(1146): error A2009: Symbol not defined: MOVH
08AOYU~1.asm(1147): error A2062: Missing or unreachable CS
08AOYU~1.asm(1148): error A2105: Expected: instruction or directive
08AOYU~1.asm(1149): error A2009: Symbol not defined: MOV
08AOYU~1.asm(1150): error A2062: Missing or unreachable CS
08AOYU~1.asm(1151): error A2009: Symbol not defined: MOVAH
08AOYU~1.asm(1152): error A2105: Expected: instruction or directive
08AOYU~1.asm(1153): error A2105: Expected: instruction or directive
08AOYU~1.asm(1154): error A2009: Symbol not defined: JB
08AOYU~1.asm(1155): error A2009: Symbol not defined: MOV3H
08AOYU~1.asm(1156): error A2062: Missing or unreachable CS
08AOYU~1.asm(1157): error A2009: Symbol not defined: A
08AOYU~1.asm(1158): error A2105: Expected: instruction or directive
08AOYU~1.asm(1159): error A2105: Expected: instruction or directive
08AOYU~1.asm(1160): error A2009: Symbol not defined: Q08JC
08AOYU~1.asm(1161): error A2009: Symbol not defined: JNBQ08ED
08AOYU~1.asm(1162): error A2105: Expected: instruction or directive
08AOYU~1.asm(1163): error A2009: Symbol not defined: MOV
08AOYU~1.asm(1164): error A2062: Missing or unreachable CS
08AOYU~1.asm(1165): error A2105: Expected: instruction or directive
08AOYU~1.asm(1166): error A2105: Expected: instruction or directive
08AOYU~1.asm(1167): error A2009: Symbol not defined: Q08JNC
08AOYU~1.asm(1168): error A2105: Expected: instruction or directive
08AOYU~1.asm(1169): error A2105: Expected: instruction or directive
08AOYU~1.asm(1170): error A2009: Symbol not defined: JB
08AOYU~1.asm(1171): error A2009: Symbol not defined: MOV3H
08AOYU~1.asm(1172): error A2062: Missing or unreachable CS
08AOYU~1.asm(1173): error A2105: Expected: instruction or directive
08AOYU~1.asm(1174): error A2062: Missing or unreachable CS
08AOYU~1.asm(1176): error A2062: Missing or unreachable CS
08AOYU~1.asm(1177): error A2009: Symbol not defined: MOVH
08AOYU~1.asm(1178): error A2009: Symbol not defined: MOVH
08AOYU~1.asm(1179): error A2062: Missing or unreachable CS
08AOYU~1.asm(1180): error A2105: Expected: instruction or directive
08AOYU~1.asm(1181): error A2009: Symbol not defined: MOV
08AOYU~1.asm(1182): error A2062: Missing or unreachable CS
08AOYU~1.asm(1183): error A2009: Symbol not defined: MOVAH
08AOYU~1.asm(1184): error A2105: Expected: instruction or directive
08AOYU~1.asm(1185): error A2009: Symbol not defined: JB
08AOYU~1.asm(1186): error A2009: Symbol not defined: MOV3H
08AOYU~1.asm(1187): error A2062: Missing or unreachable CS
08AOYU~1.asm(1188): error A2009: Symbol not defined: A
08AOYU~1.asm(1189): error A2105: Expected: instruction or directive
08AOYU~1.asm(1190): error A2105: Expected: instruction or directive
08AOYU~1.asm(1191): error A2009: Symbol not defined: Q09JC
08AOYU~1.asm(1192): error A2009: Symbol not defined: JNBQ0935
08AOYU~1.asm(1193): error A2105: Expected: instruction or directive
08AOYU~1.asm(1194): error A2009: Symbol not defined: MOV
08AOYU~1.asm(1195): error A2062: Missing or unreachable CS
08AOYU~1.asm(1196): error A2105: Expected: instruction or directive
08AOYU~1.asm(1197): error A2105: Expected: instruction or directive
08AOYU~1.asm(1198): error A2009: Symbol not defined: Q09JNC
08AOYU~1.asm(1199): error A2009: Symbol not defined: MOVH
08AOYU~1.asm(1200): error A2009: Symbol not defined: MOVH
08AOYU~1.asm(1201): error A2105: Expected: instruction or directive
08AOYU~1.asm(1202): error A2009: Symbol not defined: JB
08AOYU~1.asm(1203): error A2009: Symbol not defined: MOV3H
08AOYU~1.asm(1204): error A2062: Missing or unreachable CS
08AOYU~1.asm(1205): error A2105: Expected: instruction or directive
08AOYU~1.asm(1206): error A2062: Missing or unreachable CS
08AOYU~1.asm(1208): error A2062: Missing or unreachable CS
08AOYU~1.asm(1209): error A2009: Symbol not defined: MOVH
08AOYU~1.asm(1210): error A2062: Missing or unreachable CS
08AOYU~1.asm(1211): error A2009: Symbol not defined: MOVH
08AOYU~1.asm(1212): error A2009: Symbol not defined: MOVH
08AOYU~1.asm(1213): error A2009: Symbol not defined: MOVH
08AOYU~1.asm(1214): error A2105: Expected: instruction or directive
08AOYU~1.asm(1215): error A2062: Missing or unreachable CS
08AOYU~1.asm(1216): error A2009: Symbol not defined: A
08AOYU~1.asm(1217): error A2105: Expected: instruction or directive
08AOYU~1.asm(1218): error A2009: Symbol not defined: Q09JZ
08AOYU~1.asm(1219): error A2105: Expected: instruction or directive
08AOYU~1.asm(1220): error A2105: Expected: instruction or directive
08AOYU~1.asm(1221): error A2105: Expected: instruction or directive
08AOYU~1.asm(1222): error A2009: Symbol not defined: A
08AOYU~1.asm(1223): error A2105: Expected: instruction or directive
08AOYU~1.asm(1224): error A2009: Symbol not defined: Q09JZ
08AOYU~1.asm(1225): error A2009: Symbol not defined: R7
08AOYU~1.asm(1226): error A2009: Symbol not defined: A
08AOYU~1.asm(1227): error A2009: Symbol not defined: A
08AOYU~1.asm(1228): error A2009: Symbol not defined: Q09JZ
08AOYU~1.asm(1229): error A2009: Symbol not defined: A
08AOYU~1.asm(1230): error A2009: Symbol not defined: Q09JZ
08AOYU~1.asm(1231): error A2009: Symbol not defined: A
08AOYU~1.asm(1232): error A2009: Symbol not defined: Q09JNZ
08AOYU~1.asm(1233): error A2105: Expected: instruction or directive
08AOYU~1.asm(1235): error A2062: Missing or unreachable CS
08AOYU~1.asm(1237): error A2062: Missing or unreachable CS
08AOYU~1.asm(1238): error A2062: Missing or unreachable CS
08AOYU~1.asm(1240): error A2062: Missing or unreachable CS
08AOYU~1.asm(1241): error A2009: Symbol not defined: A
08AOYU~1.asm(1242): error A2105: Expected: instruction or directive
08AOYU~1.asm(1243): error A2009: Symbol not defined: Q09JNZ
08AOYU~1.asm(1244): error A2009: Symbol not defined: R6
08AOYU~1.asm(1245): error A2009: Symbol not defined: R7
08AOYU~1.asm(1246): error A2009: Symbol not defined: R4
08AOYU~1.asm(1247): error A2009: Symbol not defined: R5
08AOYU~1.asm(1248): error A2105: Expected: instruction or directive
08AOYU~1.asm(1249): error A2009: Symbol not defined: A
08AOYU~1.asm(1250): error A2105: Expected: instruction or directive
08AOYU~1.asm(1251): error A2009: Symbol not defined: Q09JNZ
08AOYU~1.asm(1252): error A2062: Missing or unreachable CS
08AOYU~1.asm(1253): error A2009: Symbol not defined: R7
08AOYU~1.asm(1254): error A2009: Symbol not defined: R4
08AOYU~1.asm(1255): error A2009: Symbol not defined: R5
08AOYU~1.asm(1256): error A2105: Expected: instruction or directive
08AOYU~1.asm(1257): error A2009: Symbol not defined: A
08AOYU~1.asm(1258): error A2105: Expected: instruction or directive
08AOYU~1.asm(1259): error A2009: Symbol not defined: Q09JNZ
08AOYU~1.asm(1260): error A2009: Symbol not defined: R6
08AOYU~1.asm(1261): error A2009: Symbol not defined: R7
08AOYU~1.asm(1262): error A2009: Symbol not defined: R4
08AOYU~1.asm(1263): error A2009: Symbol not defined: R5
08AOYU~1.asm(1264): error A2105: Expected: instruction or directive
08AOYU~1.asm(1265): error A2009: Symbol not defined: A
08AOYU~1.asm(1266): error A2105: Expected: instruction or directive
08AOYU~1.asm(1267): error A2009: Symbol not defined: Q09JNZ
08AOYU~1.asm(1268): error A2062: Missing or unreachable CS
08AOYU~1.asm(1269): error A2009: Symbol not defined: RET
08AOYU~1.asm(1271): error A2062: Missing or unreachable CS
08AOYU~1.asm(1272): error A2009: Symbol not defined: RET
08AOYU~1.asm(1274): error A2062: Missing or unreachable CS
08AOYU~1.asm(1275): error A2009: Symbol not defined: A
08AOYU~1.asm(1276): error A2009: Symbol not defined: DPLMOV
08AOYU~1.asm(1277): error A2105: Expected: instruction or directive
08AOYU~1.asm(1278): error A2105: Expected: instruction or directive
08AOYU~1.asm(1279): error A2009: Symbol not defined: DPHMOV
08AOYU~1.asm(1280): error A2009: Symbol not defined: A
08AOYU~1.asm(1281): error A2105: Expected: instruction or directive
08AOYU~1.asm(1282): error A2062: Missing or unreachable CS
08AOYU~1.asm(1283): error A2062: Missing or unreachable CS
08AOYU~1.asm(1284): error A2009: Symbol not defined: R7
08AOYU~1.asm(1285): error A2009: Symbol not defined: R6
08AOYU~1.asm(1286): error A2062: Missing or unreachable CS
08AOYU~1.asm(1287): error A2009: Symbol not defined: A
08AOYU~1.asm(1288): error A2105: Expected: instruction or directive
08AOYU~1.asm(1289): error A2009: Symbol not defined: A
08AOYU~1.asm(1290): error A2105: Expected: instruction or directive
08AOYU~1.asm(1291): error A2009: Symbol not defined: Q0AJC
08AOYU~1.asm(1292): error A2009: Symbol not defined: R5
08AOYU~1.asm(1293): error A2009: Symbol not defined: R4
08AOYU~1.asm(1294): error A2062: Missing or unreachable CS
08AOYU~1.asm(1295): error A2009: Symbol not defined: R5
08AOYU~1.asm(1296): error A2009: Symbol not defined: Q0AJNZ
08AOYU~1.asm(1297): error A2009: Symbol not defined: R4
08AOYU~1.asm(1298): error A2062: Missing or unreachable CS
08AOYU~1.asm(1299): error A2105: Expected: instruction or directive
08AOYU~1.asm(1300): error A2009: Symbol not defined: Q0AJNZ
08AOYU~1.asm(1301): error A2009: Symbol not defined: A
08AOYU~1.asm(1302): error A2009: Symbol not defined: R7
08AOYU~1.asm(1303): error A2009: Symbol not defined: Q0AJNZ
08AOYU~1.asm(1304): error A2009: Symbol not defined: R6
08AOYU~1.asm(1305): error A2105: Expected: instruction or directive
08AOYU~1.asm(1306): error A2062: Missing or unreachable CS
08AOYU~1.asm(1308): error A2062: Missing or unreachable CS
08AOYU~1.asm(1309): error A2009: Symbol not defined: TH0MOVCH
08AOYU~1.asm(1310): error A2009: Symbol not defined: TL0MOVB0H
08AOYU~1.asm(1311): error A2105: Expected: instruction or directive
08AOYU~1.asm(1312): error A2105: Expected: instruction or directive
08AOYU~1.asm(1313): error A2105: Expected: instruction or directive
08AOYU~1.asm(1314): error A2062: Missing or unreachable CS
08AOYU~1.asm(1315): error A2105: Expected: instruction or directive
08AOYU~1.asm(1316): error A2105: Expected: instruction or directive
08AOYU~1.asm(1317): error A2105: Expected: instruction or directive
08AOYU~1.asm(1318): error A2105: Expected: instruction or directive
08AOYU~1.asm(1319): error A2105: Expected: instruction or directive
08AOYU~1.asm(1320): error A2105: Expected: instruction or directive
08AOYU~1.asm(1321): error A2105: Expected: instruction or directive
08AOYU~1.asm(1322): error A2105: Expected: instruction or directive
08AOYU~1.asm(1323): error A2105: Expected: instruction or directive
08AOYU~1.asm(1324): error A2009: Symbol not defined: ACCPUSH
08AOYU~1.asm(1325): error A2009: Symbol not defined: PSWPUSH
08AOYU~1.asm(1326): error A2009: Symbol not defined: TH0MOVCH
08AOYU~1.asm(1327): error A2009: Symbol not defined: TL0MOVB0H
08AOYU~1.asm(1328): error A2009: Symbol not defined: INC
08AOYU~1.asm(1329): error A2009: Symbol not defined: A
08AOYU~1.asm(1330): error A2105: Expected: instruction or directive
08AOYU~1.asm(1331): error A2009: Symbol not defined: MOV0H
08AOYU~1.asm(1332): error A2009: Symbol not defined: INC
08AOYU~1.asm(1333): error A2062: Missing or unreachable CS
08AOYU~1.asm(1334): error A2009: Symbol not defined: ACCPOP
08AOYU~1.asm(1335): error A2105: Expected: instruction or directive
08AOYU~1.asm(1337): error A2062: Missing or unreachable CS
08AOYU~1.asm(1337): error A2086: Data emitted with no segment
08AOYU~1.asm(1338): error A2062: Missing or unreachable CS
08AOYU~1.asm(1338): error A2086: Data emitted with no segment
08AOYU~1.asm(1339): error A2062: Missing or unreachable CS
End of file encountered on input file
08AOYU~1.asm(1340): warning A4085: End of file, no END directive

  49778 + 378094 Bytes symbol space free

      1 Warning Errors
   1274 Severe  Errors
