C51 COMPILER V9.01   232                                                                   06/24/2018 18:03:28 PAGE 1   


C51 COMPILER V9.01, COMPILATION OF MODULE 232
OBJECT MODULE PLACED IN 232.OBJ
COMPILER INVOKED BY: C:\Keil\C51\BIN\C51.EXE 232.c BROWSE DEBUG OBJECTEXTEND

line level    source

   1          #include <reg52.h>
   2          #include <string.h>
   3          #define uchar unsigned char
   4          #define uint unsigned int
   5          void Initialize_LCD();
   6          void ShowString(uchar,uchar,uchar *);
   7          sbit K1 = P3^0;
   8          sbit K2 = P3^1;
   9          sbit K3 = P3^2;
  10          
  11          uchar code Prompt[]="PRESS K1--K4 TO START DEMO PROG";
  12          uchar const Line_Count = 6;
  13          uchar code Msg[][80]=
  14          {
  15                  "Many CAD users dismiss",
  16                  "process of creating PCB",
  17                  "of view.with PCB layout",
  18                  "placement and track routing,",
  19                  "can often be the most time",
  20                  "And if you use circuit simulation",
  21                  "you are going to spend even more"
  22          };
  23          uchar Disp_Buffer[32];
  24          void Delayxms(uint ms)
  25          {
  26   1              uchar i;
  27   1              while(ms--)
  28   1              {
  29   2                      for(i=0;i<120;i++);
  30   2              }
  31   1      }
  32          
  33          void V_Scroll_Display()
  34          {
  35   1              uchar i,j,k = 0;
  36   1              uchar *p = Msg[0];
  37   1              uchar *q = Msg[Line_Count] + strlen(Msg[Line_Count]);
  38   1              while(p<q)
  39   1              {
  40   2                      for(i=0;(i<16)&&(p<q);i++)
  41   2                      {
  42   3                              if(((i==0)||(i==15))&& *p == ' ')
  43   3                                      p++;
  44   3                              if(*p != '\0')
  45   3                              {
  46   4                                      Disp_Buffer[i] = *p++;
  47   4                              }
  48   3                              else
  49   3                              {
  50   4                                      if(++k>Line_Count)
  51   4                                              break;
  52   4                                      p = Msg[k];
  53   4                                      Disp_Buffer[i] = *p++;
  54   4                              }
  55   3                      }
C51 COMPILER V9.01   232                                                                   06/24/2018 18:03:28 PAGE 2   

  56   2                      for(j=i;j<16;j++)
  57   2                              Disp_Buffer[j]=' ';
  58   2                      while(F0)
  59   2                              Delayxms(5);
  60   2                      ShowString(0,0,Disp_Buffer);
  61   2                      
  62   2                      Delayxms(150);
  63   2                      while(F0)
  64   2                              Delayxms(5);
  65   2                      ShowString(0,1,"      ");
  66   2                      Delayxms(150);
  67   2                      while(F0)
  68   2                              Delayxms(5);
  69   2                      ShowString(0,1,Disp_Buffer);
  70   2                      ShowString(0,0,"      ");
  71   2                      Delayxms(150);  
  72   2              }
  73   1              ShowString(0,0,"         ");
  74   1              ShowString(0,1,"         ");
  75   1      }
  76          
  77          void H_Scroll_Display()
  78          { 
  79   1              uchar m,n,t = 0,L=0;
  80   1              uchar *p = Msg[0];
  81   1              uchar *q = Msg[Line_Count] + strlen(Msg[Line_Count]);
  82   1              for(m=0;m<16;m++)
  83   1                              Disp_Buffer[m]=' ';     
  84   1              while(p<q)
  85   1              {
  86   2                      if((m=16||m==31)&& *p == ' ')
  87   2                              p++;
  88   2                      for(m=0;m<=16&&p<q;m++)
  89   2                      {
  90   3                              if(*p != '\0')
  91   3                              {
  92   4                                      Disp_Buffer[m] = *p++;  
  93   4                              }
  94   3                              else
  95   3                              {
  96   4                                      if(++t>Line_Count)
  97   4                                              break;
  98   4                                      p = Msg[t];
  99   4                                      Disp_Buffer[m] = *p++;
 100   4                              }
 101   3                      }
 102   2                      for(n=m;n<32;n++)
 103   2                              Disp_Buffer[n]=' ';
 104   2                      for(m=0;m<16;m++)
 105   2                      {
 106   3                              while(F0)
 107   3                                      Delayxms(5);
 108   3                              ShowString(0,L,Disp_Buffer+1);
 109   3                              while(F0)
 110   3                                      Delayxms(5);
 111   3                              Delayxms(20);
 112   3                      }
 113   2                      L = (L==0)? 1:0;
 114   2                      Delayxms(200);
 115   2              }
 116   1              if(L==1)
 117   1                      ShowString(0,1,"      ");       
C51 COMPILER V9.01   232                                                                   06/24/2018 18:03:28 PAGE 3   

 118   1      }
 119          
 120          void EX_INT0() interrupt 0
 121          {
 122   1              F0 = !F0;
 123   1      }
 124          
 125          void main()
 126          {
 127   1              uint Count = 0;
 128   1              IE = 0x81;
 129   1              IT0 = 1;
 130   1              F0  = 0;
 131   1              Initialize_LCD();
 132   1              ShowString(0,0,Prompt);
 133   1              ShowString(0,1,Prompt+16);
 134   1              while(1)
 135   1              {
 136   2                      if(K1 == 0)
 137   2                      {
 138   3                              V_Scroll_Display();
 139   3                              Delayxms(200);
 140   3                              ShowString(0,0,Prompt);
 141   3                              ShowString(0,1,Prompt+16);
 142   3                      }
 143   2                      else if(K2 == 0)
 144   2                      {
 145   3                              H_Scroll_Display();
 146   3                              Delayxms(200);
 147   3                              ShowString(0,0,Prompt);
 148   3                              ShowString(0,1,Prompt+16);      
 149   3                      }
 150   2              }
 151   1      }


MODULE INFORMATION:   STATIC OVERLAYABLE
   CODE SIZE        =    824    ----
   CONSTANT SIZE    =    609    ----
   XDATA SIZE       =   ----    ----
   PDATA SIZE       =   ----    ----
   DATA SIZE        =     33      19
   IDATA SIZE       =   ----    ----
   BIT SIZE         =   ----    ----
END OF MODULE INFORMATION.


C51 COMPILATION COMPLETE.  0 WARNING(S),  0 ERROR(S)
