C51 COMPILER V9.00   ADC0809                                                               10/31/2018 19:23:31 PAGE 1   


C51 COMPILER V9.00, COMPILATION OF MODULE ADC0809
OBJECT MODULE PLACED IN ADC0809.OBJ
COMPILER INVOKED BY: E:\keil\C51\BIN\C51.EXE ADC0809.c BROWSE DEBUG OBJECTEXTEND

line level    source

   1          /***************************************
   2          <基于ADC0809的电压采集系统>
   3          采集最大误差0.01v；
   4          采用单通道查询方式采集电压；
   5          
   6          Lucky - D
   7          售后QQ:810488037
   8          
   9          2018/10/31
  10          ****************************************/
  11          
  12          #include <reg52.h>
  13          #include <intrins.h>
  14          
  15          #define  DBPort P0    //LCD数据端口
  16          
  17          sbit LcdRs = P2^5;//lcd控制端口；
  18          sbit LcdRw = P2^6;
  19          sbit LcdEn = P2^7;
  20          sbit Lcdbf = P0^7; //LCD忙标志 Busy Flag
  21          
  22          
  23          sbit CLK=P1^0;          //时钟信号
  24          sbit ST=P1^3;           //启动信号
  25          sbit EOC=P1^2;          //转换结束信号
  26          sbit OE=P1^1;           //输出使能
  27          
  28          unsigned char Voltage;
  29          //-----------------------------------------------------
  30          //-------------Lcd1602驱动程序-------------------------
  31          //-----------------------------------------------------
  32          void delay(unsigned int t)       //延时
  33          {    
  34   1              while(t--);
  35   1      }
  36          
  37          void  LCD_Wait(void)    //读忙状态
  38          {                                                                  
  39   1              LcdRs=0;
  40   1              LcdRw=1;
  41   1              LcdEn=1;delay(10);LcdEn=0;      //下降沿        
  42   1              while(Lcdbf)
  43   1              {
  44   2                LcdEn=0;LcdEn=1;       //仿真才需要此语句,实际硬件中不需要
  45   2              }                       
  46   1      } 
  47          
  48          void LCD_Write(bit style, unsigned char input)   //写数据1/命令0
  49          {
  50   1              LcdRs=style;
  51   1              LcdRw=0;                
  52   1              DBPort=input;   
  53   1              LcdEn=1;delay(10);LcdEn=0;                      
  54   1              LCD_Wait();     
  55   1      }
C51 COMPILER V9.00   ADC0809                                                               10/31/2018 19:23:31 PAGE 2   

  56          
  57          void GotoXY(unsigned char x, unsigned char y)  //移动光标到指定位置
  58          {
  59   1              if(y==0)        LCD_Write(0,0x80|x);
  60   1              if(y==1)    LCD_Write(0,0xc0|x);
  61   1      }
  62          
  63          void LCD_Initial(void)                    //初始化LCD
  64          {
  65   1              LCD_Write(0,0x38);               //8位数据端口,2行显示,5*7点阵
  66   1              delay(300);
  67   1              delay(300);
  68   1              LCD_Write(0,0x0c);           //显示模式
  69   1              LCD_Write(0,0x01);           //清屏
  70   1              LCD_Write(0,0x06);           //输入模式
  71   1      }
  72          
  73          
  74          
  75          void Print(unsigned char *str, unsigned char x, unsigned char y)         //指定坐标输出字符串
  76          {
  77   1              unsigned char i=0, temp=0;
  78   1              while(*str)  
  79   1              {
  80   2                      if(i==0 && temp==0)
  81   2                      {
  82   3                              GotoXY(x+i, y);
  83   3                              temp = 1;
  84   3                      }
  85   2                      if(temp == 1)
  86   2                      {
  87   3                              GotoXY(x+i, y);
  88   3                              LCD_Write(1,*str++);
  89   3                              i++;
  90   3                      }
  91   2              }
  92   1      }
  93          //-------------------------------------------------------------------------------
  94          //-------------------------------------------------------------------------------
  95          
  96          void display_vol(unsigned int dat, x, y)//电压显示；
  97          {
  98   1                      unsigned char i;
  99   1                      unsigned char display[5] = {0};//0.0196 
 100   1                      dat = 19.6 * dat; //将才回来的数字量转换为电压值扩大一千倍；
 101   1                      display[0]      = dat / 1000+'0';
 102   1                      display[1]      = 0x2e; //小数点的ascii码；
 103   1                      display[2]      = dat % 1000 / 100+'0';
 104   1                      display[3]      = dat % 1000 % 100 / 10+'0';
 105   1                      display[4]  = dat %10+'0';
 106   1                      GotoXY(x, y);
 107   1                      for(i=0; i<5; i++)
 108   1                      {
 109   2                              LCD_Write(1, display[i]);
 110   2                  }
 111   1                      LCD_Write(1, 'V');//显示单位；
 112   1      }
 113          //-------------------------------------------------------------------------------------------------
 114          
 115          
 116          //主程序
 117          void main()
C51 COMPILER V9.00   ADC0809                                                               10/31/2018 19:23:31 PAGE 3   

 118          {
 119   1              TMOD=0x02;              //T1工作模式2
 120   1              TH0=0x14;               
 121   1              TL0=0x00;
 122   1              IE=0x82;
 123   1              TR0=1;
 124   1              LCD_Initial();//LCD1602初始化；
 125   1              P1 = 0X0F;        //选中通道0；
 126   1              while(1)
 127   1              {
 128   2                      Print("Volt:", 3, 0);
 129   2                      ST=0;ST=1;ST=0;         //启动A/D转换
 130   2                      while(EOC==0);          //等待转换完成
 131   2                      OE=1;
 132   2                      Voltage = P3;
 133   2                      display_vol(Voltage, 8, 0);//显示电压；
 134   2                      OE=0;
 135   2                      Print("#Detecting...#", 1, 1);//显示系统状态；
 136   2              }
 137   1      }
 138          //T0定时器中断给ADC0809提供时钟信号
 139          void Timer0_INT() interrupt 1
 140          {
 141   1              CLK=~CLK;
 142   1      }
 143          //分辨率0.0196；


MODULE INFORMATION:   STATIC OVERLAYABLE
   CODE SIZE        =    473    ----
   CONSTANT SIZE    =     26    ----
   XDATA SIZE       =   ----    ----
   PDATA SIZE       =   ----    ----
   DATA SIZE        =      1      19
   IDATA SIZE       =   ----    ----
   BIT SIZE         =   ----       1
END OF MODULE INFORMATION.


C51 COMPILATION COMPLETE.  0 WARNING(S),  0 ERROR(S)
